-------- Log file FFD06.log -------

Executable: vplanet
Version: v1.0.0-849-g49f94ffea4d0ff04e0507ac59917839499b89503
System Name: FFD06
Primary Input File: vpl.in
Body File #1: star06.in
Allow files to be overwitten: Yes
Mass Units: Kilograms
Length Units: Meters
Time Units: Seconds
Angle Units: Radians

------- FORMATTING -----
Verbosity Level: 5
Crossover Decade for Scientific Notation: 4
Number of Digits After Decimal: 6
Integration Method: Runge-Kutta4
Direction: Forward
Time Step: 3.155760e+07
Stop Time: 3.152604e+16
Output Interval: 1.577880e+12
Use Variable Timestep: Yes
dEta: 0.010000
Minimum Value of ecc and obl: 1.000000e-10


---- INITIAL SYSTEM PROPERTIES ----
(Age) System Age [sec]: 3.155760e+13 
(Time) Simulation Time [sec]: 0.000000 
(TotAngMom) Total Angular Momentum [kg*m^2/sec]: 3.321052e+43 
(TotEnergy) Total System Energy [kg*m^2/sec^2]: -4.014958e+40 
(PotEnergy) Body's non-orbital Potential Energy [kg*m^2/sec^2]: -4.135715e+40 
(KinEnergy) Body's non-orbital Kinetic Energy [kg*m^2/sec^2]: 1.207569e+39 
(DeltaTime) Average Timestep Over Last Output Interval [sec]: 0.000000 
(Density) Average Density [kg/m^3]: 1908.890326 
(LongP) Body's Longitude of pericenter [rad]: 3.926991 
(LXUVTot) Total XUV Luminosity [kg*m^2/sec^2/(m^2*sec)]: 8.112448e+23 

----- BODY: star06 ----
Active Modules: FLARE STELLAR
Module Bit Sum: 577
Color: 000000
(Mass) Mass [kg]: 1.193050e+30 
(Radius) Radius [m]: 1.378231e+09 
(RadGyra) Radius of Gyration []: 0.448904 
(RotAngMom) Rotational Angular Momentum [kg*m^2/sec]: 3.321052e+43 
(RotVel) Rotational Velocity [m/sec]: 1.002278e+05 
(BodyType) Type of Body (0 == planet) []: 0.000000 
(RotRate) Rotational Frequency [/sec]: 7.272205e-05 
(RotPer) Rotational Period [sec]: 8.640000e+04 
(HZLimitDryRunaway) Semi-major axis of Dry Runaway HZ Limit [m]: 1.262219e+11 
(HZLimRecVenus) Recent Venus Habitable Zone Limit [m]: 1.112043e+11 
(HZLimRunaway) Runaway Greenhouse Habitable Zone Limit [m]: 1.475133e+11 
(HZLimMoistGreenhouse) Moist Greenhouse Habitable Zone Limit [m]: 1.471412e+11 
(HZLimMaxGreenhouse) Maximum Greenhouse Habitable Zone Limit [m]: 2.713545e+11 
(HZLimEarlyMars) Early Mars Habitable Zone Limit [m]: 2.959715e+11 
(Instellation) Orbit-averaged INcident STELLar radiATION [kg*m^2/sec^2/(m^2*sec)]: -1.000000 
(CriticalSemiMajorAxis) Holman & Wiegert (1999) P-type Critical Semi-major Axis [m]: -1.000000 
(LostEnergy) Body's Total Lost Energy [kg*m^2/sec^2]: 5.562685e-309 
(LostAngMom) Lost Angular Momentum due to Magnetic Braking [kg*m^2/sec]: 5.562685e-309 
----- STELLAR PARAMETERS (star06)------
(Luminosity) Luminosity [kg*m^2/sec^3]: 3.323436e+26 
(LXUVStellar) Base X-ray/XUV Luminosity [kg*m^2/sec^3]: 3.323436e+23 
(Temperature) Effective Temperature [K]: 3955.915442 
(LXUVFrac) X-ray/XUV Luminosity Fraction []: 0.001000 
(RossbyNumber) Rossby Number []: 0.024141 
(DRotPerDtStellar) Time Rate of Change of Rotation Period in STELLAR []: 6.368520e-10 
----- FLARE PARAMETERS (star06)------
(LXUVFlare) XUV Luminosity from flares [kg*m^2/sec^3]: 4.789013e+23 
(LXUVFlareUpper) Upper limit value to XUV Luminosity from flares when considerer flare rate slope and Y-intercept errors [kg*m^2/sec^3]: 0.000000 
(LXUVFlareLower) Lower limit value to XUV Luminosity from flares when considerer flare rate slope and Y-intercept errors [kg*m^2/sec^3]: 0.000000 
(FlareDuration1) Flare Duration in Seconds []: 0.000000 
(FlareDuration2) Flare Duration in Seconds []: 0.000000 
(FlareDuration3) Flare Duration in Seconds []: 0.000000 
(FlareDuration4) Flare Duration in Seconds []: 0.000000 
(FlareEnergy6) Flare energy in Joules []: 38.000000 
(FlareFreq6) Flare frequency in flares/day []: 0.000632 
(FlareFreq5) Flare frequency in flares/day []: 0.002419 
(FlareEnergy5) Flare energy in Joules []: 37.000000 
(FlareFreq1) Flare frequency in flares/day []: 0.520539 
(FlareFreq2) Flare frequency in flares/day []: 0.135913 
(FlareFreq3) Flare frequency in flares/day []: 0.035487 
(FlareFreq4) Flare frequency in flares/day []: 0.009266 
(FlareEnergy1) Flare energy in Joules []: 33.000000 
(FlareEnergy2) Flare energy in Joules []: 34.000000 
(FlareEnergy3) Flare energy in Joules []: 35.000000 
(FlareEnergy4) Flare energy in Joules []: 36.000000 
Output Order: Time[year] FlareFreq1[year] FlareFreq2[year] FlareFreq3[year] FlareFreq4[year] FlareFreq5[year] FlareFreq6[year] FlareEnergy1[year] FlareEnergy2[year] FlareEnergy3[year] FlareEnergy4[year] FlareEnergy5[year] FlareEnergy6[year]
Grid Output Order:



---- FINAL SYSTEM PROPERTIES ----
(Age) System Age [sec]: 3.155760e+16 
(Time) Simulation Time [sec]: 3.152604e+16 
(TotAngMom) Total Angular Momentum [kg*m^2/sec]: 3.256283e+43 
(TotEnergy) Total System Energy [kg*m^2/sec^2]: -4.059791e+40 
(PotEnergy) Body's non-orbital Potential Energy [kg*m^2/sec^2]: -1.478907e+41 
(KinEnergy) Body's non-orbital Kinetic Energy [kg*m^2/sec^2]: 2.355491e+35 
(DeltaTime) Average Timestep Over Last Output Interval [sec]: 1.419059e+07 
(Density) Average Density [kg/m^3]: 8.728745e+04 
(LongP) Body's Longitude of pericenter [rad]: 3.926991 
(LXUVTot) Total XUV Luminosity [kg*m^2/sec^2/(m^2*sec)]: 1.630653e+22 

----- BODY: star06 ----
Active Modules: FLARE STELLAR
Module Bit Sum: 577
Color: 000000
(Mass) Mass [kg]: 1.193050e+30 
(Radius) Radius [m]: 3.854178e+08 
(RadGyra) Radius of Gyration []: 0.390388 
(RotAngMom) Rotational Angular Momentum [kg*m^2/sec]: 1.128011e+41 
(RotVel) Rotational Velocity [m/sec]: 1609.644612 
(BodyType) Type of Body (0 == planet) []: 0.000000 
(RotRate) Rotational Frequency [/sec]: 4.176363e-06 
(RotPer) Rotational Period [sec]: 1.504463e+06 
(HZLimitDryRunaway) Semi-major axis of Dry Runaway HZ Limit [m]: 3.550959e+10 
(HZLimRecVenus) Recent Venus Habitable Zone Limit [m]: 3.126133e+10 
(HZLimRunaway) Runaway Greenhouse Habitable Zone Limit [m]: 4.147052e+10 
(HZLimMoistGreenhouse) Moist Greenhouse Habitable Zone Limit [m]: 4.136376e+10 
(HZLimMaxGreenhouse) Maximum Greenhouse Habitable Zone Limit [m]: 7.624562e+10 
(HZLimEarlyMars) Early Mars Habitable Zone Limit [m]: 8.316272e+10 
(Instellation) Orbit-averaged INcident STELLar radiATION [kg*m^2/sec^2/(m^2*sec)]: -1.000000 
(CriticalSemiMajorAxis) Holman & Wiegert (1999) P-type Critical Semi-major Axis [m]: -1.000000 
(LostEnergy) Body's Total Lost Energy [kg*m^2/sec^2]: 1.072926e+41 
(LostAngMom) Lost Angular Momentum due to Magnetic Braking [kg*m^2/sec]: 3.245003e+43 
----- STELLAR PARAMETERS (star06)------
(Luminosity) Luminosity [kg*m^2/sec^3]: 2.630324e+25 
(LXUVStellar) Base X-ray/XUV Luminosity [kg*m^2/sec^3]: 1.548850e+21 
(Temperature) Effective Temperature [K]: 3966.998169 
(LXUVFrac) X-ray/XUV Luminosity Fraction []: 5.888437e-05 
(RossbyNumber) Rossby Number []: 0.422752 
(DRotPerDtStellar) Time Rate of Change of Rotation Period in STELLAR []: 2.144097e-11 
----- FLARE PARAMETERS (star06)------
(LXUVFlare) XUV Luminosity from flares [kg*m^2/sec^3]: 1.475733e+22 
(LXUVFlareUpper) Upper limit value to XUV Luminosity from flares when considerer flare rate slope and Y-intercept errors [kg*m^2/sec^3]: 0.000000 
(LXUVFlareLower) Lower limit value to XUV Luminosity from flares when considerer flare rate slope and Y-intercept errors [kg*m^2/sec^3]: 0.000000 
(FlareDuration1) Flare Duration in Seconds []: 0.000000 
(FlareDuration2) Flare Duration in Seconds []: 0.000000 
(FlareDuration3) Flare Duration in Seconds []: 0.000000 
(FlareDuration4) Flare Duration in Seconds []: 0.000000 
(FlareEnergy6) Flare energy in Joules []: 38.000000 
(FlareFreq6) Flare frequency in flares/day []: 8.682109e-06 
(FlareFreq5) Flare frequency in flares/day []: 5.413235e-05 
(FlareEnergy5) Flare energy in Joules []: 37.000000 
(FlareFreq1) Flare frequency in flares/day []: 0.081806 
(FlareFreq2) Flare frequency in flares/day []: 0.013121 
(FlareFreq3) Flare frequency in flares/day []: 0.002104 
(FlareFreq4) Flare frequency in flares/day []: 0.000338 
(FlareEnergy1) Flare energy in Joules []: 33.000000 
(FlareEnergy2) Flare energy in Joules []: 34.000000 
(FlareEnergy3) Flare energy in Joules []: 35.000000 
(FlareEnergy4) Flare energy in Joules []: 36.000000 
Output Order: Time[year] FlareFreq1[year] FlareFreq2[year] FlareFreq3[year] FlareFreq4[year] FlareFreq5[year] FlareFreq6[year] FlareEnergy1[year] FlareEnergy2[year] FlareEnergy3[year] FlareEnergy4[year] FlareEnergy5[year] FlareEnergy6[year]
Grid Output Order:
