-------- Log file FFD04.log -------

Executable: vplanet
Version: v1.0.0-849-g49f94ffea4d0ff04e0507ac59917839499b89503
System Name: FFD04
Primary Input File: vpl.in
Body File #1: star04.in
Allow files to be overwitten: Yes
Mass Units: Kilograms
Length Units: Meters
Time Units: Seconds
Angle Units: Radians

------- FORMATTING -----
Verbosity Level: 5
Crossover Decade for Scientific Notation: 4
Number of Digits After Decimal: 6
Integration Method: Runge-Kutta4
Direction: Forward
Time Step: 3.155760e+07
Stop Time: 3.152604e+16
Output Interval: 1.577880e+12
Use Variable Timestep: Yes
dEta: 0.010000
Minimum Value of ecc and obl: 1.000000e-10


---- INITIAL SYSTEM PROPERTIES ----
(Age) System Age [sec]: 3.155760e+13 
(Time) Simulation Time [sec]: 0.000000 
(TotAngMom) Total Angular Momentum [kg*m^2/sec]: 1.726530e+43 
(TotEnergy) Total System Energy [kg*m^2/sec^2]: -2.012150e+40 
(PotEnergy) Body's non-orbital Potential Energy [kg*m^2/sec^2]: -2.074929e+40 
(KinEnergy) Body's non-orbital Kinetic Energy [kg*m^2/sec^2]: 6.277839e+38 
(DeltaTime) Average Timestep Over Last Output Interval [sec]: 0.000000 
(Density) Average Density [kg/m^3]: 1830.605886 
(LongP) Body's Longitude of pericenter [rad]: 3.926991 
(LXUVTot) Total XUV Luminosity [kg*m^2/sec^2/(m^2*sec)]: 2.696807e+23 

----- BODY: star04 ----
Active Modules: FLARE STELLAR
Module Bit Sum: 577
Color: 000000
(Mass) Mass [kg]: 7.953664e+29 
(Radius) Radius [m]: 1.220919e+09 
(RadGyra) Radius of Gyration []: 0.447490 
(RotAngMom) Rotational Angular Momentum [kg*m^2/sec]: 1.726530e+43 
(RotVel) Rotational Velocity [m/sec]: 8.878777e+04 
(BodyType) Type of Body (0 == planet) []: 0.000000 
(RotRate) Rotational Frequency [/sec]: 7.272205e-05 
(RotPer) Rotational Period [sec]: 8.640000e+04 
(HZLimitDryRunaway) Semi-major axis of Dry Runaway HZ Limit [m]: 9.437548e+10 
(HZLimRecVenus) Recent Venus Habitable Zone Limit [m]: 8.380061e+10 
(HZLimRunaway) Runaway Greenhouse Habitable Zone Limit [m]: 1.109313e+11 
(HZLimMoistGreenhouse) Moist Greenhouse Habitable Zone Limit [m]: 1.108818e+11 
(HZLimMaxGreenhouse) Maximum Greenhouse Habitable Zone Limit [m]: 2.072600e+11 
(HZLimEarlyMars) Early Mars Habitable Zone Limit [m]: 2.260501e+11 
(Instellation) Orbit-averaged INcident STELLar radiATION [kg*m^2/sec^2/(m^2*sec)]: -1.000000 
(CriticalSemiMajorAxis) Holman & Wiegert (1999) P-type Critical Semi-major Axis [m]: -1.000000 
(LostEnergy) Body's Total Lost Energy [kg*m^2/sec^2]: 5.562685e-309 
(LostAngMom) Lost Angular Momentum due to Magnetic Braking [kg*m^2/sec]: 5.562685e-309 
----- STELLAR PARAMETERS (star04)------
(Luminosity) Luminosity [kg*m^2/sec^3]: 1.857960e+26 
(LXUVStellar) Base X-ray/XUV Luminosity [kg*m^2/sec^3]: 1.857960e+23 
(Temperature) Effective Temperature [K]: 3634.101057 
(LXUVFrac) X-ray/XUV Luminosity Fraction []: 0.001000 
(RossbyNumber) Rossby Number []: 0.020468 
(DRotPerDtStellar) Time Rate of Change of Rotation Period in STELLAR []: 9.912182e-10 
----- FLARE PARAMETERS (star04)------
(LXUVFlare) XUV Luminosity from flares [kg*m^2/sec^3]: 8.388476e+22 
(LXUVFlareUpper) Upper limit value to XUV Luminosity from flares when considerer flare rate slope and Y-intercept errors [kg*m^2/sec^3]: 0.000000 
(LXUVFlareLower) Lower limit value to XUV Luminosity from flares when considerer flare rate slope and Y-intercept errors [kg*m^2/sec^3]: 0.000000 
(FlareDuration1) Flare Duration in Seconds []: 0.000000 
(FlareDuration2) Flare Duration in Seconds []: 0.000000 
(FlareDuration3) Flare Duration in Seconds []: 0.000000 
(FlareDuration4) Flare Duration in Seconds []: 0.000000 
(FlareEnergy6) Flare energy in Joules []: 38.000000 
(FlareFreq6) Flare frequency in flares/day []: 6.125441e-05 
(FlareFreq5) Flare frequency in flares/day []: 0.000341 
(FlareEnergy5) Flare energy in Joules []: 37.000000 
(FlareFreq1) Flare frequency in flares/day []: 0.327611 
(FlareFreq2) Flare frequency in flares/day []: 0.058846 
(FlareFreq3) Flare frequency in flares/day []: 0.010570 
(FlareFreq4) Flare frequency in flares/day []: 0.001899 
(FlareEnergy1) Flare energy in Joules []: 33.000000 
(FlareEnergy2) Flare energy in Joules []: 34.000000 
(FlareEnergy3) Flare energy in Joules []: 35.000000 
(FlareEnergy4) Flare energy in Joules []: 36.000000 
Output Order: Time[year] FlareFreq1[year] FlareFreq2[year] FlareFreq3[year] FlareFreq4[year] FlareFreq5[year] FlareFreq6[year] FlareEnergy1[year] FlareEnergy2[year] FlareEnergy3[year] FlareEnergy4[year] FlareEnergy5[year] FlareEnergy6[year]
Grid Output Order:



---- FINAL SYSTEM PROPERTIES ----
(Age) System Age [sec]: 3.155760e+16 
(Time) Simulation Time [sec]: 3.152604e+16 
(TotAngMom) Total Angular Momentum [kg*m^2/sec]: 1.703214e+43 
(TotEnergy) Total System Energy [kg*m^2/sec^2]: -2.027937e+40 
(PotEnergy) Body's non-orbital Potential Energy [kg*m^2/sec^2]: -9.788428e+40 
(KinEnergy) Body's non-orbital Kinetic Energy [kg*m^2/sec^2]: 1.204105e+36 
(DeltaTime) Average Timestep Over Last Output Interval [sec]: 1.263021e+07 
(Density) Average Density [kg/m^3]: 1.921871e+05 
(LongP) Body's Longitude of pericenter [rad]: 3.926991 
(LXUVTot) Total XUV Luminosity [kg*m^2/sec^2/(m^2*sec)]: 3.863329e+21 

----- BODY: star04 ----
Active Modules: FLARE STELLAR
Module Bit Sum: 577
Color: 000000
(Mass) Mass [kg]: 7.953664e+29 
(Radius) Radius [m]: 2.588077e+08 
(RadGyra) Radius of Gyration []: 0.450361 
(RotAngMom) Rotational Angular Momentum [kg*m^2/sec]: 1.613127e+41 
(RotVel) Rotational Velocity [m/sec]: 3863.695700 
(BodyType) Type of Body (0 == planet) []: 0.000000 
(RotRate) Rotational Frequency [/sec]: 1.492883e-05 
(RotPer) Rotational Period [sec]: 4.208760e+05 
(HZLimitDryRunaway) Semi-major axis of Dry Runaway HZ Limit [m]: 1.875558e+10 
(HZLimRecVenus) Recent Venus Habitable Zone Limit [m]: 1.669837e+10 
(HZLimRunaway) Runaway Greenhouse Habitable Zone Limit [m]: 2.208375e+10 
(HZLimMoistGreenhouse) Moist Greenhouse Habitable Zone Limit [m]: 2.209466e+10 
(HZLimMaxGreenhouse) Maximum Greenhouse Habitable Zone Limit [m]: 4.148913e+10 
(HZLimEarlyMars) Early Mars Habitable Zone Limit [m]: 4.524978e+10 
(Instellation) Orbit-averaged INcident STELLar radiATION [kg*m^2/sec^2/(m^2*sec)]: -1.000000 
(CriticalSemiMajorAxis) Holman & Wiegert (1999) P-type Critical Semi-major Axis [m]: -1.000000 
(LostEnergy) Body's Total Lost Energy [kg*m^2/sec^2]: 7.760372e+40 
(LostAngMom) Lost Angular Momentum due to Magnetic Braking [kg*m^2/sec]: 1.687082e+43 
----- STELLAR PARAMETERS (star04)------
(Luminosity) Luminosity [kg*m^2/sec^3]: 7.338023e+24 
(LXUVStellar) Base X-ray/XUV Luminosity [kg*m^2/sec^3]: 4.320948e+20 
(Temperature) Effective Temperature [K]: 3520.002728 
(LXUVFrac) X-ray/XUV Luminosity Fraction []: 5.888437e-05 
(RossbyNumber) Rossby Number []: 0.094044 
(DRotPerDtStellar) Time Rate of Change of Rotation Period in STELLAR []: 4.176598e-11 
----- FLARE PARAMETERS (star04)------
(LXUVFlare) XUV Luminosity from flares [kg*m^2/sec^3]: 3.431164e+21 
(LXUVFlareUpper) Upper limit value to XUV Luminosity from flares when considerer flare rate slope and Y-intercept errors [kg*m^2/sec^3]: 0.000000 
(LXUVFlareLower) Lower limit value to XUV Luminosity from flares when considerer flare rate slope and Y-intercept errors [kg*m^2/sec^3]: 0.000000 
(FlareDuration1) Flare Duration in Seconds []: 0.000000 
(FlareDuration2) Flare Duration in Seconds []: 0.000000 
(FlareDuration3) Flare Duration in Seconds []: 0.000000 
(FlareDuration4) Flare Duration in Seconds []: 0.000000 
(FlareEnergy6) Flare energy in Joules []: 38.000000 
(FlareFreq6) Flare frequency in flares/day []: 8.419332e-07 
(FlareFreq5) Flare frequency in flares/day []: 7.630618e-06 
(FlareEnergy5) Flare energy in Joules []: 37.000000 
(FlareFreq1) Flare frequency in flares/day []: 0.051486 
(FlareFreq2) Flare frequency in flares/day []: 0.005681 
(FlareFreq3) Flare frequency in flares/day []: 0.000627 
(FlareFreq4) Flare frequency in flares/day []: 6.915791e-05 
(FlareEnergy1) Flare energy in Joules []: 33.000000 
(FlareEnergy2) Flare energy in Joules []: 34.000000 
(FlareEnergy3) Flare energy in Joules []: 35.000000 
(FlareEnergy4) Flare energy in Joules []: 36.000000 
Output Order: Time[year] FlareFreq1[year] FlareFreq2[year] FlareFreq3[year] FlareFreq4[year] FlareFreq5[year] FlareFreq6[year] FlareEnergy1[year] FlareEnergy2[year] FlareEnergy3[year] FlareEnergy4[year] FlareEnergy5[year] FlareEnergy6[year]
Grid Output Order:
