-------- Log file FFD02.log -------

Executable: vplanet
Version: v1.0.0-849-g49f94ffea4d0ff04e0507ac59917839499b89503
System Name: FFD02
Primary Input File: vpl.in
Body File #1: star02.in
Allow files to be overwitten: Yes
Mass Units: Kilograms
Length Units: Meters
Time Units: Seconds
Angle Units: Radians

------- FORMATTING -----
Verbosity Level: 5
Crossover Decade for Scientific Notation: 4
Number of Digits After Decimal: 6
Integration Method: Runge-Kutta4
Direction: Forward
Time Step: 3.155760e+07
Stop Time: 3.152604e+16
Output Interval: 1.577880e+12
Use Variable Timestep: Yes
dEta: 0.010000
Minimum Value of ecc and obl: 1.000000e-10


---- INITIAL SYSTEM PROPERTIES ----
(Age) System Age [sec]: 3.155760e+13 
(Time) Simulation Time [sec]: 0.000000 
(TotAngMom) Total Angular Momentum [kg*m^2/sec]: 6.211404e+42 
(TotEnergy) Total System Energy [kg*m^2/sec^2]: -5.829886e+39 
(PotEnergy) Body's non-orbital Potential Energy [kg*m^2/sec^2]: -6.055739e+39 
(KinEnergy) Body's non-orbital Kinetic Energy [kg*m^2/sec^2]: 2.258530e+38 
(DeltaTime) Average Timestep Over Last Output Interval [sec]: 0.000000 
(Density) Average Density [kg/m^3]: 1456.252683 
(LongP) Body's Longitude of pericenter [rad]: 3.926991 
(LXUVTot) Total XUV Luminosity [kg*m^2/sec^2/(m^2*sec)]: 1.025942e+23 

----- BODY: star02 ----
Active Modules: FLARE STELLAR
Module Bit Sum: 577
Color: 000000
(Mass) Mass [kg]: 3.976832e+29 
(Radius) Radius [m]: 1.045835e+09 
(RadGyra) Radius of Gyration []: 0.443129 
(RotAngMom) Rotational Angular Momentum [kg*m^2/sec]: 6.211404e+42 
(RotVel) Rotational Velocity [m/sec]: 7.605524e+04 
(BodyType) Type of Body (0 == planet) []: 0.000000 
(RotRate) Rotational Frequency [/sec]: 7.272205e-05 
(RotPer) Rotational Period [sec]: 8.640000e+04 
(HZLimitDryRunaway) Semi-major axis of Dry Runaway HZ Limit [m]: 6.366037e+10 
(HZLimRecVenus) Recent Venus Habitable Zone Limit [m]: 5.702071e+10 
(HZLimRunaway) Runaway Greenhouse Habitable Zone Limit [m]: 7.521265e+10 
(HZLimMoistGreenhouse) Moist Greenhouse Habitable Zone Limit [m]: 7.544777e+10 
(HZLimMaxGreenhouse) Maximum Greenhouse Habitable Zone Limit [m]: 1.433040e+11 
(HZLimEarlyMars) Early Mars Habitable Zone Limit [m]: 1.562887e+11 
(Instellation) Orbit-averaged INcident STELLar radiATION [kg*m^2/sec^2/(m^2*sec)]: -1.000000 
(CriticalSemiMajorAxis) Holman & Wiegert (1999) P-type Critical Semi-major Axis [m]: -1.000000 
(LostEnergy) Body's Total Lost Energy [kg*m^2/sec^2]: 5.562685e-309 
(LostAngMom) Lost Angular Momentum due to Magnetic Braking [kg*m^2/sec]: 5.562685e-309 
----- STELLAR PARAMETERS (star02)------
(Luminosity) Luminosity [kg*m^2/sec^3]: 8.453884e+25 
(LXUVStellar) Base X-ray/XUV Luminosity [kg*m^2/sec^3]: 8.453884e+22 
(Temperature) Effective Temperature [K]: 3225.997303 
(LXUVFrac) X-ray/XUV Luminosity Fraction []: 0.001000 
(RossbyNumber) Rossby Number []: 0.016607 
(DRotPerDtStellar) Time Rate of Change of Rotation Period in STELLAR []: 2.221863e-09 
----- FLARE PARAMETERS (star02)------
(LXUVFlare) XUV Luminosity from flares [kg*m^2/sec^3]: 1.805538e+22 
(LXUVFlareUpper) Upper limit value to XUV Luminosity from flares when considerer flare rate slope and Y-intercept errors [kg*m^2/sec^3]: 0.000000 
(LXUVFlareLower) Lower limit value to XUV Luminosity from flares when considerer flare rate slope and Y-intercept errors [kg*m^2/sec^3]: 0.000000 
(FlareDuration1) Flare Duration in Seconds []: 0.000000 
(FlareDuration2) Flare Duration in Seconds []: 0.000000 
(FlareDuration3) Flare Duration in Seconds []: 0.000000 
(FlareDuration4) Flare Duration in Seconds []: 0.000000 
(FlareEnergy6) Flare energy in Joules []: 38.000000 
(FlareFreq6) Flare frequency in flares/day []: 5.940045e-06 
(FlareFreq5) Flare frequency in flares/day []: 4.807114e-05 
(FlareEnergy5) Flare energy in Joules []: 37.000000 
(FlareFreq1) Flare frequency in flares/day []: 0.206188 
(FlareFreq2) Flare frequency in flares/day []: 0.025478 
(FlareFreq3) Flare frequency in flares/day []: 0.003148 
(FlareFreq4) Flare frequency in flares/day []: 0.000389 
(FlareEnergy1) Flare energy in Joules []: 33.000000 
(FlareEnergy2) Flare energy in Joules []: 34.000000 
(FlareEnergy3) Flare energy in Joules []: 35.000000 
(FlareEnergy4) Flare energy in Joules []: 36.000000 
Output Order: Time[year] FlareFreq1[year] FlareFreq2[year] FlareFreq3[year] FlareFreq4[year] FlareFreq5[year] FlareFreq6[year] FlareEnergy1[year] FlareEnergy2[year] FlareEnergy3[year] FlareEnergy4[year] FlareEnergy5[year] FlareEnergy6[year]
Grid Output Order:



---- FINAL SYSTEM PROPERTIES ----
(Age) System Age [sec]: 3.155760e+16 
(Time) Simulation Time [sec]: 3.152604e+16 
(TotAngMom) Total Angular Momentum [kg*m^2/sec]: 6.166324e+42 
(TotEnergy) Total System Energy [kg*m^2/sec^2]: -5.851602e+39 
(PotEnergy) Body's non-orbital Potential Energy [kg*m^2/sec^2]: -4.195159e+40 
(KinEnergy) Body's non-orbital Kinetic Energy [kg*m^2/sec^2]: 5.159711e+36 
(DeltaTime) Average Timestep Over Last Output Interval [sec]: 1.259000e+07 
(Density) Average Density [kg/m^3]: 4.841508e+05 
(LongP) Body's Longitude of pericenter [rad]: 3.926991 
(LXUVTot) Total XUV Luminosity [kg*m^2/sec^2/(m^2*sec)]: 1.165113e+21 

----- BODY: star02 ----
Active Modules: FLARE STELLAR
Module Bit Sum: 577
Color: 000000
(Mass) Mass [kg]: 3.976832e+29 
(Radius) Radius [m]: 1.509669e+08 
(RadGyra) Radius of Gyration []: 0.460200 
(RotAngMom) Rotational Angular Momentum [kg*m^2/sec]: 1.407423e+41 
(RotVel) Rotational Velocity [m/sec]: 1.106910e+04 
(BodyType) Type of Body (0 == planet) []: 0.000000 
(RotRate) Rotational Frequency [/sec]: 7.332139e-05 
(RotPer) Rotational Period [sec]: 8.569375e+04 
(HZLimitDryRunaway) Semi-major axis of Dry Runaway HZ Limit [m]: 9.383085e+09 
(HZLimRecVenus) Recent Venus Habitable Zone Limit [m]: 8.400210e+09 
(HZLimRunaway) Runaway Greenhouse Habitable Zone Limit [m]: 1.108371e+10 
(HZLimMoistGreenhouse) Moist Greenhouse Habitable Zone Limit [m]: 1.111486e+10 
(HZLimMaxGreenhouse) Maximum Greenhouse Habitable Zone Limit [m]: 2.108313e+10 
(HZLimEarlyMars) Early Mars Habitable Zone Limit [m]: 2.299352e+10 
(Instellation) Orbit-averaged INcident STELLar radiATION [kg*m^2/sec^2/(m^2*sec)]: -1.000000 
(CriticalSemiMajorAxis) Holman & Wiegert (1999) P-type Critical Semi-major Axis [m]: -1.000000 
(LostEnergy) Body's Total Lost Energy [kg*m^2/sec^2]: 3.609483e+40 
(LostAngMom) Lost Angular Momentum due to Magnetic Braking [kg*m^2/sec]: 6.025581e+42 
----- STELLAR PARAMETERS (star02)------
(Luminosity) Luminosity [kg*m^2/sec^3]: 1.836578e+24 
(LXUVStellar) Base X-ray/XUV Luminosity [kg*m^2/sec^3]: 1.081457e+20 
(Temperature) Effective Temperature [K]: 3261.001511 
(LXUVFrac) X-ray/XUV Luminosity Fraction []: 5.888437e-05 
(RossbyNumber) Rossby Number []: 0.016769 
(DRotPerDtStellar) Time Rate of Change of Rotation Period in STELLAR []: 4.255811e-12 
----- FLARE PARAMETERS (star02)------
(LXUVFlare) XUV Luminosity from flares [kg*m^2/sec^3]: 1.056947e+21 
(LXUVFlareUpper) Upper limit value to XUV Luminosity from flares when considerer flare rate slope and Y-intercept errors [kg*m^2/sec^3]: 0.000000 
(LXUVFlareLower) Lower limit value to XUV Luminosity from flares when considerer flare rate slope and Y-intercept errors [kg*m^2/sec^3]: 0.000000 
(FlareDuration1) Flare Duration in Seconds []: 0.000000 
(FlareDuration2) Flare Duration in Seconds []: 0.000000 
(FlareDuration3) Flare Duration in Seconds []: 0.000000 
(FlareDuration4) Flare Duration in Seconds []: 0.000000 
(FlareEnergy6) Flare energy in Joules []: 38.000000 
(FlareFreq6) Flare frequency in flares/day []: 8.164509e-08 
(FlareFreq5) Flare frequency in flares/day []: 1.075629e-06 
(FlareEnergy5) Flare energy in Joules []: 37.000000 
(FlareFreq1) Flare frequency in flares/day []: 0.032404 
(FlareFreq2) Flare frequency in flares/day []: 0.002460 
(FlareFreq3) Flare frequency in flares/day []: 0.000187 
(FlareFreq4) Flare frequency in flares/day []: 1.417083e-05 
(FlareEnergy1) Flare energy in Joules []: 33.000000 
(FlareEnergy2) Flare energy in Joules []: 34.000000 
(FlareEnergy3) Flare energy in Joules []: 35.000000 
(FlareEnergy4) Flare energy in Joules []: 36.000000 
Output Order: Time[year] FlareFreq1[year] FlareFreq2[year] FlareFreq3[year] FlareFreq4[year] FlareFreq5[year] FlareFreq6[year] FlareEnergy1[year] FlareEnergy2[year] FlareEnergy3[year] FlareEnergy4[year] FlareEnergy5[year] FlareEnergy6[year]
Grid Output Order:
