-------- Log file FFD.log -------

Executable: vplanet
Version: v1.0.0-1572-g022268cb993c17a73724294739739d60803a6ef6
System Name: FFD
Primary Input File: vpl.in
Body File #1: star.in
Allow files to be overwitten: Yes
Mass Units: Grams
Length Units: Meters
Time Units: Seconds
Angle Units: Radians

------- FORMATTING -----
Verbosity Level: 5
Crossover Decade for Scientific Notation: 4
Number of Digits After Decimal: 6
Integration Method: Runge-Kutta4
Direction: Forward
Time Step: 3.155760e+07
Stop Time: 3.471336e+16
Output Interval: 3.155760e+12
Use Variable Timestep: Yes
dEta: 0.010000
Minimum Value of ecc and obl: 1.000000e-10


---- INITIAL SYSTEM PROPERTIES ----
(Age) System Age [sec]: 3.155760e+13 
(Time) Simulation Time [sec]: 0.000000 
(TotAngMom) Total Angular Momentum [kg*m^2/sec]: 7.353025e+38 
(TotEnergy) Total System Energy [kg*m^2/sec^2]: -6.206101e+42 
(PotEnergy) Body's non-orbital Potential Energy [kg*m^2/sec^2]: -6.206101e+42 
(KinEnergy) Body's non-orbital Kinetic Energy [kg*m^2/sec^2]: 2.673635e+34 
(DeltaTime) Average Timestep Over Last Output Interval [sec]: 0.000000 

----- BODY: star ----
Active Modules: FLARE
Module Bit Sum: 513
Color: 000000
(Mass) Mass [kg]: 9.942080e+29 
(Radius) Radius [m]: 6.378100e+06 
(RadGyra) Radius of Gyration/Moment of Inertia Constant []: 0.500000 
(BodyType) Type of Body (0 == planet) []: 0.000000 
(Density) Average Density [kg/m^3]: 9.147758e+08 
(HZLimitDryRunaway) Semi-major axis of Dry Runaway HZ Limit [m]: -1.000000 
(HZLimRecVenus) Recent Venus HZ Limit []: -1.000000 
(HZLimRunaway) Runaway Greenhouse HZ Limit []: -1.000000 
(HZLimMoistGreenhouse) Moist Greenhouse HZ Limit []: -1.000000 
(HZLimMaxGreenhouse) Maximum Greenhouse HZ Limit []: -1.000000 
(HZLimEarlyMars) Early Mars HZ Limit []: -1.000000 
(Instellation) Orbit-averaged INcident STELLar radiATION [kg*m^2/sec^2/(m^2*sec)]: -1.000000 
(LXUVTot) Total XUV Luminosity [kg*m^2/sec^2/(m^2*sec)]: 6.294149e+22 
----- FLARE PARAMETERS (star)------
(LXUVFlare) XUV Luminosity from flares [kg*m^2/sec^2/(m^2*sec)]: 6.294149e+22 
(FlareFreq1) First value of flare frequency range [/day]: 0.295121 
(FlareFreq2) Second value of flare frequency range [/day]: 0.063826 
(FlareFreq3) Third value of flare frequency range [/day]: 0.013804 
(FlareFreq4) Fourth value of flare frequency range [/day]: 0.002985 
(FlareFreqMin) Frequency of the flares with the lowest energy [/sec]: 3.415751e-06 
(FlareFreqMid) Frequency of the flares with the middle energy in the energy range [/sec]: 1.597667e-07 
(FlareFreqMax) Frequency of the flares with the highest energy [/sec]: 7.472850e-09 
(FlareEnergy1) First value of flare energy range [ergs]: 1.000000e+33 
(FlareEnergy2) Second value of flare energy range [ergs]: 1.000000e+34 
(FlareEnergy3) Third value of flare energy range [ergs]: 1.000000e+35 
(FlareEnergy4) Fourth value of flare energy range [ergs]: 1.000000e+36 
(FlareEnergyMin) Minimum flare energy [kg*m^2/sec^2]: 1.000000e+26 
(FlareEnergyMid) Middle flare energy in the range of energy values [kg*m^2/sec^2]: 1.000000e+28 
(FlareEnergyMax) Maximum flare energy [kg*m^2/sec^2]: 1.000000e+30 
Output Order: Age[year] FlareFreq1[/day] FlareFreq2[/day] FlareFreq3[/day] FlareFreq4[/day] FlareEnergy1[ergs] FlareEnergy2[ergs] FlareEnergy3[ergs] FlareEnergy4[ergs]
Grid Output Order:



---- FINAL SYSTEM PROPERTIES ----
(Age) System Age [sec]: 3.474492e+16 
(Time) Simulation Time [sec]: 3.471336e+16 
(TotAngMom) Total Angular Momentum [kg*m^2/sec]: 7.353025e+38 
(TotEnergy) Total System Energy [kg*m^2/sec^2]: -6.206101e+42 
(PotEnergy) Body's non-orbital Potential Energy [kg*m^2/sec^2]: -6.206101e+42 
(KinEnergy) Body's non-orbital Kinetic Energy [kg*m^2/sec^2]: 2.673635e+34 
(DeltaTime) Average Timestep Over Last Output Interval [sec]: 2.868873e+08 

----- BODY: star ----
Active Modules: FLARE
Module Bit Sum: 513
Color: 000000
(Mass) Mass [kg]: 9.942080e+29 
(Radius) Radius [m]: 6.378100e+06 
(RadGyra) Radius of Gyration/Moment of Inertia Constant []: 0.500000 
(BodyType) Type of Body (0 == planet) []: 0.000000 
(Density) Average Density [kg/m^3]: 9.147758e+08 
(HZLimitDryRunaway) Semi-major axis of Dry Runaway HZ Limit [m]: -1.000000 
(HZLimRecVenus) Recent Venus HZ Limit []: -1.000000 
(HZLimRunaway) Runaway Greenhouse HZ Limit []: -1.000000 
(HZLimMoistGreenhouse) Moist Greenhouse HZ Limit []: -1.000000 
(HZLimMaxGreenhouse) Maximum Greenhouse HZ Limit []: -1.000000 
(HZLimEarlyMars) Early Mars HZ Limit []: -1.000000 
(Instellation) Orbit-averaged INcident STELLar radiATION [kg*m^2/sec^2/(m^2*sec)]: -1.000000 
(LXUVTot) Total XUV Luminosity [kg*m^2/sec^2/(m^2*sec)]: 2.556148e+21 
----- FLARE PARAMETERS (star)------
(LXUVFlare) XUV Luminosity from flares [kg*m^2/sec^2/(m^2*sec)]: 2.556046e+21 
(FlareFreq1) First value of flare frequency range [/day]: 0.036096 
(FlareFreq2) Second value of flare frequency range [/day]: 0.004781 
(FlareFreq3) Third value of flare frequency range [/day]: 0.000633 
(FlareFreq4) Fourth value of flare frequency range [/day]: 8.388580e-05 
(FlareFreqMin) Frequency of the flares with the lowest energy [/sec]: 4.177823e-07 
(FlareFreqMid) Frequency of the flares with the middle energy in the energy range [/sec]: 7.329930e-09 
(FlareFreqMax) Frequency of the flares with the highest energy [/sec]: 1.286026e-10 
(FlareEnergy1) First value of flare energy range [ergs]: 1.000000e+33 
(FlareEnergy2) Second value of flare energy range [ergs]: 1.000000e+34 
(FlareEnergy3) Third value of flare energy range [ergs]: 1.000000e+35 
(FlareEnergy4) Fourth value of flare energy range [ergs]: 1.000000e+36 
(FlareEnergyMin) Minimum flare energy [kg*m^2/sec^2]: 1.000000e+26 
(FlareEnergyMid) Middle flare energy in the range of energy values [kg*m^2/sec^2]: 1.000000e+28 
(FlareEnergyMax) Maximum flare energy [kg*m^2/sec^2]: 1.000000e+30 
Output Order: Age[year] FlareFreq1[/day] FlareFreq2[/day] FlareFreq3[/day] FlareFreq4[/day] FlareEnergy1[ergs] FlareEnergy2[ergs] FlareEnergy3[ergs] FlareEnergy4[ergs]
Grid Output Order:
