-------- Log file flare.log -------

Executable: vplanet
Version: v1.0.0-849-g49f94ffea4d0ff04e0507ac59917839499b89503
System Name: flare
Primary Input File: vpl.in
Body File #1: star.in
Body File #2: b.in
Allow files to be overwitten: Yes
Mass Units: Kilograms
Length Units: Meters
Time Units: Seconds
Angle Units: Radians

------- FORMATTING -----
Verbosity Level: 5
Crossover Decade for Scientific Notation: 4
Number of Digits After Decimal: 10
Integration Method: Runge-Kutta4
Direction: Forward
Time Step: 3.1557600000e+07
Stop Time: 1.5778800000e+16
Output Interval: 1.5778800000e+16
Use Variable Timestep: Yes
dEta: 0.0100000000
Minimum Value of ecc and obl: 1.0000000000e-10


---- INITIAL SYSTEM PROPERTIES ----
(Age) System Age [sec]: 1.5778800000e+16 
(Time) Simulation Time [sec]: 0.0000000000 
(TotAngMom) Total Angular Momentum [kg*m^2/sec]: 1.6305882871e+42 
(TotEnergy) Total System Energy [kg*m^2/sec^2]: -1.3636841991e+41 
(PotEnergy) Body's non-orbital Potential Energy [kg*m^2/sec^2]: -1.3642699055e+41 
(KinEnergy) Body's non-orbital Kinetic Energy [kg*m^2/sec^2]: 5.8572286591e+37 
(DeltaTime) Average Timestep Over Last Output Interval [sec]: 0.0000000000 
(Density) Average Density [kg/m^3]: 1.0586997142e+05 
(LongP) Body's Longitude of pericenter [rad]: 3.9269908170 
(LXUVTot) Total XUV Luminosity [kg*m^2/sec^2/(m^2*sec)]: 2.5617639979e+21 

----- BODY: star ----
Active Modules: STELLAR
Module Bit Sum: 65
Color: 000000
(Mass) Mass [kg]: 1.0936288000e+30 
(Radius) Radius [m]: 3.5107123794e+08 
(RadGyra) Radius of Gyration []: 0.4053822617 
(RotAngMom) Rotational Angular Momentum [kg*m^2/sec]: 1.6108535127e+42 
(RotVel) Rotational Velocity [m/sec]: 2.5530620880e+04 
(BodyType) Type of Body (0 == planet) []: 0.0000000000 
(RotRate) Rotational Frequency [/sec]: 7.2722052166e-05 
(RotPer) Rotational Period [sec]: 8.6400000000e+04 
(HZLimitDryRunaway) Semi-major axis of Dry Runaway HZ Limit [m]: 2.9817905609e+10 
(HZLimRecVenus) Recent Venus Habitable Zone Limit [AU]: 0.1761752581 
(HZLimRunaway) Runaway Greenhouse Habitable Zone Limit [m]: 3.4931938190e+10 
(HZLimMoistGreenhouse) Moist Greenhouse Habitable Zone Limit [m]: 3.4872507577e+10 
(HZLimMaxGreenhouse) Maximum Greenhouse Habitable Zone Limit [AU]: 0.4325904791 
(HZLimEarlyMars) Early Mars Habitable Zone Limit [AU]: 0.4718222745 
(Instellation) Orbit-averaged INcident STELLar radiATION [kg*m^2/sec^2/(m^2*sec)]: -1.0000000000 
(CriticalSemiMajorAxis) Holman & Wiegert (1999) P-type Critical Semi-major Axis [m]: -1.0000000000 
(LostEnergy) Body's Total Lost Energy [kg*m^2/sec^2]: 5.5626846463e-309 
(LostAngMom) Lost Angular Momentum due to Magnetic Braking [kg*m^2/sec]: 5.5626846463e-309 
----- STELLAR PARAMETERS (star)------
(Luminosity) Luminosity [LSUN]: 0.0482239681 
(LXUVStellar) Base X-ray/XUV Luminosity [kg*m^2/sec^3]: 2.5617639979e+21 
(Temperature) Effective Temperature [K]: 3808.9713156388 
(LXUVFrac) X-ray/XUV Luminosity Fraction []: 0.0001381233 
(RossbyNumber) Rossby Number []: 0.0223875622 
(DRotPerDtStellar) Time Rate of Change of Rotation Period in STELLAR []: 1.7324450629e-11 
Output Order: Age[year] Luminosity[LSUN] HZLimRunaway[AU] HZLimMaxGreenhouse[AU] HZLimRecVenus[AU] HZLimEarlyMars[AU] Instellation[solar*AU^2/year^2/(AU^2*year)]
Grid Output Order:

----- BODY: b ----
Active Modules: AtmEsc
Module Bit Sum: 9
Color: 000000
(Mass) Mass [kg]: 5.9721860000e+24 
(Radius) Radius [m]: 7.7072846771e+06 
(RadGyra) Radius of Gyration []: 0.5000000000 
(BodyType) Type of Body (0 == planet) []: 0.0000000000 
(HZLimitDryRunaway) Semi-major axis of Dry Runaway HZ Limit [m]: 2.9817905609e+10 
(HZLimRecVenus) Recent Venus Habitable Zone Limit [m]: 2.6355443480e+10 
(HZLimRunaway) Runaway Greenhouse Habitable Zone Limit [m]: 3.4931938190e+10 
(HZLimMoistGreenhouse) Moist Greenhouse Habitable Zone Limit [m]: 3.4872507577e+10 
(HZLimMaxGreenhouse) Maximum Greenhouse Habitable Zone Limit [m]: 6.4714614559e+10 
(HZLimEarlyMars) Early Mars Habitable Zone Limit [m]: 7.0583607608e+10 
(Instellation) Orbit-averaged INcident STELLar radiATION [kg*m^2/sec^2/(m^2*sec)]: 65.9495042370 
(MeanMotion) Orbital Mean Motion [/sec]: 1.4765571065e-07 
(OrbPeriod) Orbital Period [sec]: 4.2552944816e+07 
(SemiMajorAxis) Semi-major Axis [m]: 1.4959787070e+11 
----- ATMESC PARAMETERS (b)------
(SurfWaterMass) Surface water mass [kg]: 1.3900000000e+21 
(EnvelopeMass) Envelope mass [kg]: 5.9721860000e+21 
(OxygenMass) Oxygen mass in the atmosphere [kg]: 0.0000000000 
(RGLimit) Runaway greenhouse semi-major axis [AU]: 0.2266165458 
(XO) Atomic oxygen mixing ratio in upper atmosphere []: 0.3333333333 
(EtaO) Oxygen eta parameter (Luger and Barnes 2015) []: 0.0000000000 
(PlanetRadius) Planet radius [m]: 7.7072846771e+06 
(OxygenMantleMass) Mass of oxygen in mantle [kg]: 0.0000000000 
(RadXUV) XUV radius separating hydro. dyn. escape and equilibrium [m]: -1.0000000000 
(RadSolid) Radius to the solid surface [m]: -1.0000000000 
(PresXUV) Pressure at base of thermosphere []: 5.0000000000 
(ScaleHeight) Scale height in Lehmer & Catling (2016) model [m]: -1.0000000000 
(ThermTemp) Isothermal atmospheric temperature [K]: 400.0000000000 
(AtmGasConst) Atmospheric gas constant []: 4124.0000000000 
(PresSurf) Surface pressure due to atmosphere [Pa]: -1.0000000000 
(DEnvMassDt) Envelope Mass Loss Rate [kg/s]: -4930.4438305436 
(FXUV) XUV flux [W/m^2]: 0.0091091621 
(AtmXAbsEffH2O) XUV atmospheric escape efficiency for H2O []: 0.1307724796 
(RocheRadius) Roche Lobe Radius [m]: 1.8265831877e+09 
(BondiRadius) Bondi Radius [m]: 2.5537933247e+07 
(HEscapeRegime) Integer flag for H envelope escape regime []: 3.0000000000 
(RRCriticalFlux) Critical XUV Flux that separates RR and energy-limited escape [W/m^2]: 30.4374083865 
(RGDuration) Runaway Greenhouse Duration [years]: 5.00000e+08
Output Order: Time[year] Age[year] RGLimit[AU]
Grid Output Order:



---- FINAL SYSTEM PROPERTIES ----
(Age) System Age [sec]: 3.1557600000e+16 
(Time) Simulation Time [sec]: 1.5778800000e+16 
(TotAngMom) Total Angular Momentum [kg*m^2/sec]: 1.6305993190e+42 
(TotEnergy) Total System Energy [kg*m^2/sec^2]: -1.3636767019e+41 
(PotEnergy) Body's non-orbital Potential Energy [kg*m^2/sec^2]: -1.3570584133e+41 
(KinEnergy) Body's non-orbital Kinetic Energy [kg*m^2/sec^2]: 3.6414563039e+35 
(DeltaTime) Average Timestep Over Last Output Interval [sec]: 8.3225908539e+11 
(Density) Average Density [kg/m^3]: 1.0419995325e+05 
(LongP) Body's Longitude of pericenter [rad]: 3.9269908170 
(LXUVTot) Total XUV Luminosity [kg*m^2/sec^2/(m^2*sec)]: 1.1000312079e+21 

----- BODY: star ----
Active Modules: STELLAR
Module Bit Sum: 65
Color: 000000
(Mass) Mass [kg]: 1.0936288000e+30 
(Radius) Radius [m]: 3.5293685217e+08 
(RadGyra) Radius of Gyration []: 0.4057718161 
(RotAngMom) Rotational Angular Momentum [kg*m^2/sec]: 1.2781046215e+41 
(RotVel) Rotational Velocity [m/sec]: 2011.1094250459 
(BodyType) Type of Body (0 == planet) []: 0.0000000000 
(RotRate) Rotational Frequency [/sec]: 5.6982131865e-06 
(RotPer) Rotational Period [sec]: 1.1026588689e+06 
(HZLimitDryRunaway) Semi-major axis of Dry Runaway HZ Limit [m]: 2.9925645510e+10 
(HZLimRecVenus) Recent Venus Habitable Zone Limit [AU]: 0.1768187741 
(HZLimRunaway) Runaway Greenhouse Habitable Zone Limit [m]: 3.5059195737e+10 
(HZLimMoistGreenhouse) Moist Greenhouse Habitable Zone Limit [m]: 3.4999886685e+10 
(HZLimMaxGreenhouse) Maximum Greenhouse Habitable Zone Limit [AU]: 0.4341981242 
(HZLimEarlyMars) Early Mars Habitable Zone Limit [AU]: 0.4735755944 
(Instellation) Orbit-averaged INcident STELLar radiATION [kg*m^2/sec^2/(m^2*sec)]: -1.0000000000 
(CriticalSemiMajorAxis) Holman & Wiegert (1999) P-type Critical Semi-major Axis [m]: -1.0000000000 
(LostEnergy) Body's Total Lost Energy [kg*m^2/sec^2]: -6.6219136038e+38 
(LostAngMom) Lost Angular Momentum due to Magnetic Braking [kg*m^2/sec]: 1.4830542415e+42 
----- STELLAR PARAMETERS (star)------
(Luminosity) Luminosity [LSUN]: 0.0485730893 
(LXUVStellar) Base X-ray/XUV Luminosity [kg*m^2/sec^3]: 1.1000312079e+21 
(Temperature) Effective Temperature [K]: 3807.4614407651 
(LXUVFrac) X-ray/XUV Luminosity Fraction []: 5.8884365536e-05 
(RossbyNumber) Rossby Number []: 0.2854946644 
(DRotPerDtStellar) Time Rate of Change of Rotation Period in STELLAR []: 4.3399141077e-11 
Output Order: Age[year] Luminosity[LSUN] HZLimRunaway[AU] HZLimMaxGreenhouse[AU] HZLimRecVenus[AU] HZLimEarlyMars[AU] Instellation[solar*AU^2/year^2/(AU^2*year)]
Grid Output Order:

----- BODY: b ----
Active Modules: AtmEsc
Module Bit Sum: 9
Color: 000000
(Mass) Mass [kg]: 5.9721378890e+24 
(Radius) Radius [m]: 7.5893949423e+06 
(RadGyra) Radius of Gyration []: 0.5000000000 
(BodyType) Type of Body (0 == planet) []: 0.0000000000 
(HZLimitDryRunaway) Semi-major axis of Dry Runaway HZ Limit [m]: 2.9925645510e+10 
(HZLimRecVenus) Recent Venus Habitable Zone Limit [m]: 2.6451712105e+10 
(HZLimRunaway) Runaway Greenhouse Habitable Zone Limit [m]: 3.5059195737e+10 
(HZLimMoistGreenhouse) Moist Greenhouse Habitable Zone Limit [m]: 3.4999886685e+10 
(HZLimMaxGreenhouse) Maximum Greenhouse Habitable Zone Limit [m]: 6.4955114841e+10 
(HZLimEarlyMars) Early Mars Habitable Zone Limit [m]: 7.0845900544e+10 
(Instellation) Orbit-averaged INcident STELLar radiATION [kg*m^2/sec^2/(m^2*sec)]: 66.4269509101 
(MeanMotion) Orbital Mean Motion [/sec]: 1.4765571065e-07 
(OrbPeriod) Orbital Period [sec]: 4.2552944817e+07 
(SemiMajorAxis) Semi-major Axis [m]: 1.4959787070e+11 
----- ATMESC PARAMETERS (b)------
(SurfWaterMass) Surface water mass [kg]: 1.3900000000e+21 
(EnvelopeMass) Envelope mass [kg]: 5.9240750224e+21 
(OxygenMass) Oxygen mass in the atmosphere [kg]: 0.0000000000 
(RGLimit) Runaway greenhouse semi-major axis [AU]: 0.2274415503 
(XO) Atomic oxygen mixing ratio in upper atmosphere []: 0.3333333333 
(EtaO) Oxygen eta parameter (Luger and Barnes 2015) []: 0.0000000000 
(PlanetRadius) Planet radius [m]: 7.5893949423e+06 
(OxygenMantleMass) Mass of oxygen in mantle [kg]: 0.0000000000 
(RadXUV) XUV radius separating hydro. dyn. escape and equilibrium [m]: -1.0000000000 
(RadSolid) Radius to the solid surface [m]: -1.0000000000 
(PresXUV) Pressure at base of thermosphere []: 5.0000000000 
(ScaleHeight) Scale height in Lehmer & Catling (2016) model [m]: -1.0000000000 
(ThermTemp) Isothermal atmospheric temperature [K]: 400.0000000000 
(AtmGasConst) Atmospheric gas constant []: 4124.0000000000 
(PresSurf) Surface pressure due to atmosphere [Pa]: -1.0000000000 
(DEnvMassDt) Envelope Mass Loss Rate [kg/s]: -2021.7401104825 
(FXUV) XUV flux [W/m^2]: 0.0039115089 
(AtmXAbsEffH2O) XUV atmospheric escape efficiency for H2O []: 0.1314674727 
(RocheRadius) Roche Lobe Radius [m]: 1.8265782828e+09 
(BondiRadius) Bondi Radius [m]: 2.5480242592e+07 
(HEscapeRegime) Integer flag for H envelope escape regime []: 3.0000000000 
(RRCriticalFlux) Critical XUV Flux that separates RR and energy-limited escape [W/m^2]: 31.8774383724 
(RGDuration) Runaway Greenhouse Duration [years]: 5.00000e+08
Output Order: Time[year] Age[year] RGLimit[AU]
Grid Output Order:
