-------- Log file flare.log -------

Executable: vplanet
Version: v1.0.0-849-g49f94ffea4d0ff04e0507ac59917839499b89503
System Name: flare
Primary Input File: vpl.in
Body File #1: star.in
Body File #2: b.in
Allow files to be overwitten: Yes
Mass Units: Kilograms
Length Units: Meters
Time Units: Seconds
Angle Units: Radians

------- FORMATTING -----
Verbosity Level: 5
Crossover Decade for Scientific Notation: 4
Number of Digits After Decimal: 10
Integration Method: Runge-Kutta4
Direction: Forward
Time Step: 3.1557600000e+07
Stop Time: 1.5778800000e+16
Output Interval: 1.5778800000e+16
Use Variable Timestep: Yes
dEta: 0.0100000000
Minimum Value of ecc and obl: 1.0000000000e-10


---- INITIAL SYSTEM PROPERTIES ----
(Age) System Age [sec]: 1.5778800000e+16 
(Time) Simulation Time [sec]: 0.0000000000 
(TotAngMom) Total Angular Momentum [kg*m^2/sec]: 1.9646028964e+42 
(TotEnergy) Total System Energy [kg*m^2/sec^2]: -1.4852819235e+41 
(PotEnergy) Body's non-orbital Potential Energy [kg*m^2/sec^2]: -1.4859887607e+41 
(KinEnergy) Body's non-orbital Kinetic Energy [kg*m^2/sec^2]: 7.0685492632e+37 
(DeltaTime) Average Timestep Over Last Output Interval [sec]: 0.0000000000 
(Density) Average Density [kg/m^3]: 8.8547370312e+04 
(LongP) Body's Longitude of pericenter [rad]: 3.9269908170 
(LXUVTot) Total XUV Luminosity [kg*m^2/sec^2/(m^2*sec)]: 3.5997817807e+21 

----- BODY: star ----
Active Modules: STELLAR
Module Bit Sum: 65
Color: 000000
(Mass) Mass [kg]: 1.1930496000e+30 
(Radius) Radius [m]: 3.8358105290e+08 
(RadGyra) Radius of Gyration []: 0.3902362592 
(RotAngMom) Rotational Angular Momentum [kg*m^2/sec]: 1.9439905923e+42 
(RotVel) Rotational Velocity [m/sec]: 2.7894801339e+04 
(BodyType) Type of Body (0 == planet) []: 0.0000000000 
(RotRate) Rotational Frequency [/sec]: 7.2722052166e-05 
(RotPer) Rotational Period [sec]: 8.6400000000e+04 
(HZLimitDryRunaway) Semi-major axis of Dry Runaway HZ Limit [m]: 3.5346438745e+10 
(HZLimRecVenus) Recent Venus Habitable Zone Limit [AU]: 0.2079447890 
(HZLimRunaway) Runaway Greenhouse Habitable Zone Limit [m]: 4.1267435819e+10 
(HZLimMoistGreenhouse) Moist Greenhouse Habitable Zone Limit [m]: 4.1161015693e+10 
(HZLimMaxGreenhouse) Maximum Greenhouse Habitable Zone Limit [AU]: 0.5071503414 
(HZLimEarlyMars) Early Mars Habitable Zone Limit [AU]: 0.5531597623 
(Instellation) Orbit-averaged INcident STELLar radiATION [kg*m^2/sec^2/(m^2*sec)]: -1.0000000000 
(CriticalSemiMajorAxis) Holman & Wiegert (1999) P-type Critical Semi-major Axis [m]: -1.0000000000 
(LostEnergy) Body's Total Lost Energy [kg*m^2/sec^2]: 5.5626846463e-309 
(LostAngMom) Lost Angular Momentum due to Magnetic Braking [kg*m^2/sec]: 5.5626846463e-309 
----- STELLAR PARAMETERS (star)------
(Luminosity) Luminosity [LSUN]: 0.0677641508 
(LXUVStellar) Base X-ray/XUV Luminosity [kg*m^2/sec^3]: 3.5997817807e+21 
(Temperature) Effective Temperature [K]: 3967.9992263063 
(LXUVFrac) X-ray/XUV Luminosity Fraction []: 0.0001381233 
(RossbyNumber) Rossby Number []: 0.0242907698 
(DRotPerDtStellar) Time Rate of Change of Rotation Period in STELLAR []: 2.1743745397e-11 
Output Order: Age[year] Luminosity[LSUN] HZLimRunaway[AU] HZLimMaxGreenhouse[AU] HZLimRecVenus[AU] HZLimEarlyMars[AU] Instellation[solar*AU^2/year^2/(AU^2*year)]
Grid Output Order:

----- BODY: b ----
Active Modules: AtmEsc
Module Bit Sum: 9
Color: 000000
(Mass) Mass [kg]: 5.9721860000e+24 
(Radius) Radius [m]: 7.7072846771e+06 
(RadGyra) Radius of Gyration []: 0.5000000000 
(BodyType) Type of Body (0 == planet) []: 0.0000000000 
(HZLimitDryRunaway) Semi-major axis of Dry Runaway HZ Limit [m]: 3.5346438745e+10 
(HZLimRecVenus) Recent Venus Habitable Zone Limit [m]: 3.1108097655e+10 
(HZLimRunaway) Runaway Greenhouse Habitable Zone Limit [m]: 4.1267435819e+10 
(HZLimMoistGreenhouse) Moist Greenhouse Habitable Zone Limit [m]: 4.1161015693e+10 
(HZLimMaxGreenhouse) Maximum Greenhouse Habitable Zone Limit [m]: 7.5868611201e+10 
(HZLimEarlyMars) Early Mars Habitable Zone Limit [m]: 8.2751522590e+10 
(Instellation) Orbit-averaged INcident STELLar radiATION [kg*m^2/sec^2/(m^2*sec)]: 92.6720119376 
(MeanMotion) Orbital Mean Motion [/sec]: 1.5422132490e-07 
(OrbPeriod) Orbital Period [sec]: 4.0741352152e+07 
(SemiMajorAxis) Semi-major Axis [m]: 1.4959787070e+11 
----- ATMESC PARAMETERS (b)------
(SurfWaterMass) Surface water mass [kg]: 1.3900000000e+21 
(EnvelopeMass) Envelope mass [kg]: 5.9721860000e+21 
(OxygenMass) Oxygen mass in the atmosphere [kg]: 0.0000000000 
(RGLimit) Runaway greenhouse semi-major axis [AU]: 0.2677971329 
(XO) Atomic oxygen mixing ratio in upper atmosphere []: 0.3333333333 
(EtaO) Oxygen eta parameter (Luger and Barnes 2015) []: 0.0000000000 
(PlanetRadius) Planet radius [m]: 7.7072846771e+06 
(OxygenMantleMass) Mass of oxygen in mantle [kg]: 0.0000000000 
(RadXUV) XUV radius separating hydro. dyn. escape and equilibrium [m]: -1.0000000000 
(RadSolid) Radius to the solid surface [m]: -1.0000000000 
(PresXUV) Pressure at base of thermosphere []: 5.0000000000 
(ScaleHeight) Scale height in Lehmer & Catling (2016) model [m]: -1.0000000000 
(ThermTemp) Isothermal atmospheric temperature [K]: 400.0000000000 
(AtmGasConst) Atmospheric gas constant []: 4124.0000000000 
(PresSurf) Surface pressure due to atmosphere [Pa]: -1.0000000000 
(DEnvMassDt) Envelope Mass Loss Rate [kg/s]: -6928.2423698022 
(FXUV) XUV flux [W/m^2]: 0.0128001626 
(AtmXAbsEffH2O) XUV atmospheric escape efficiency for H2O []: 0.1295277992 
(RocheRadius) Roche Lobe Radius [m]: 1.7743662532e+09 
(BondiRadius) Bondi Radius [m]: 2.3452596015e+07 
(HEscapeRegime) Integer flag for H envelope escape regime []: 3.0000000000 
(RRCriticalFlux) Critical XUV Flux that separates RR and energy-limited escape [W/m^2]: 30.4374083865 
(RGDuration) Runaway Greenhouse Duration [years]: 5.00000e+08
Output Order: Time[year] Age[year] RGLimit[AU]
Grid Output Order:



---- FINAL SYSTEM PROPERTIES ----
(Age) System Age [sec]: 3.1557600000e+16 
(Time) Simulation Time [sec]: 1.5778800000e+16 
(TotAngMom) Total Angular Momentum [kg*m^2/sec]: 1.9645982370e+42 
(TotEnergy) Total System Energy [kg*m^2/sec^2]: -1.4852829893e+41 
(PotEnergy) Body's non-orbital Potential Energy [kg*m^2/sec^2]: -1.4789071325e+41 
(KinEnergy) Body's non-orbital Kinetic Energy [kg*m^2/sec^2]: 3.4314412118e+35 
(DeltaTime) Average Timestep Over Last Output Interval [sec]: 5.7859264420e+11 
(Density) Average Density [kg/m^3]: 8.7287449644e+04 
(LongP) Body's Longitude of pericenter [rad]: 3.9269908170 
(LXUVTot) Total XUV Luminosity [kg*m^2/sec^2/(m^2*sec)]: 1.5488497140e+21 

----- BODY: star ----
Active Modules: STELLAR
Module Bit Sum: 65
Color: 000000
(Mass) Mass [kg]: 1.1930496000e+30 
(Radius) Radius [m]: 3.8541780000e+08 
(RadGyra) Radius of Gyration []: 0.3903880000 
(RotAngMom) Rotational Angular Momentum [kg*m^2/sec]: 1.3614784033e+41 
(RotVel) Rotational Velocity [m/sec]: 1942.7976521343 
(BodyType) Type of Body (0 == planet) []: 0.0000000000 
(RotRate) Rotational Frequency [/sec]: 5.0407574641e-06 
(RotPer) Rotational Period [sec]: 1.2464764179e+06 
(HZLimitDryRunaway) Semi-major axis of Dry Runaway HZ Limit [m]: 3.5509590493e+10 
(HZLimRecVenus) Recent Venus Habitable Zone Limit [AU]: 0.2089104689 
(HZLimRunaway) Runaway Greenhouse Habitable Zone Limit [m]: 4.1458887236e+10 
(HZLimMoistGreenhouse) Moist Greenhouse Habitable Zone Limit [m]: 4.1352164475e+10 
(HZLimMaxGreenhouse) Maximum Greenhouse Habitable Zone Limit [AU]: 0.5095275647 
(HZLimEarlyMars) Early Mars Habitable Zone Limit [AU]: 0.5557525477 
(Instellation) Orbit-averaged INcident STELLar radiATION [kg*m^2/sec^2/(m^2*sec)]: -1.0000000000 
(CriticalSemiMajorAxis) Holman & Wiegert (1999) P-type Critical Semi-major Axis [m]: -1.0000000000 
(LostEnergy) Body's Total Lost Energy [kg*m^2/sec^2]: -6.3792704592e+38 
(LostAngMom) Lost Angular Momentum due to Magnetic Braking [kg*m^2/sec]: 1.8078383263e+42 
----- STELLAR PARAMETERS (star)------
(Luminosity) Luminosity [LSUN]: 0.0683911647 
(LXUVStellar) Base X-ray/XUV Luminosity [kg*m^2/sec^3]: 1.5488497140e+21 
(Temperature) Effective Temperature [K]: 3966.9981687983 
(LXUVFrac) X-ray/XUV Luminosity Fraction []: 5.8884365536e-05 
(RossbyNumber) Rossby Number []: 0.3502582671 
(DRotPerDtStellar) Time Rate of Change of Rotation Period in STELLAR []: 3.7699625733e-11 
Output Order: Age[year] Luminosity[LSUN] HZLimRunaway[AU] HZLimMaxGreenhouse[AU] HZLimRecVenus[AU] HZLimEarlyMars[AU] Instellation[solar*AU^2/year^2/(AU^2*year)]
Grid Output Order:

----- BODY: b ----
Active Modules: AtmEsc
Module Bit Sum: 9
Color: 000000
(Mass) Mass [kg]: 5.9721183436e+24 
(Radius) Radius [m]: 7.5873564221e+06 
(RadGyra) Radius of Gyration []: 0.5000000000 
(BodyType) Type of Body (0 == planet) []: 0.0000000000 
(HZLimitDryRunaway) Semi-major axis of Dry Runaway HZ Limit [m]: 3.5509590493e+10 
(HZLimRecVenus) Recent Venus Habitable Zone Limit [m]: 3.1252561316e+10 
(HZLimRunaway) Runaway Greenhouse Habitable Zone Limit [m]: 4.1458887236e+10 
(HZLimMoistGreenhouse) Moist Greenhouse Habitable Zone Limit [m]: 4.1352164475e+10 
(HZLimMaxGreenhouse) Maximum Greenhouse Habitable Zone Limit [m]: 7.6224238745e+10 
(HZLimEarlyMars) Early Mars Habitable Zone Limit [m]: 8.3139397768e+10 
(Instellation) Orbit-averaged INcident STELLar radiATION [kg*m^2/sec^2/(m^2*sec)]: 93.5294955066 
(MeanMotion) Orbital Mean Motion [/sec]: 1.5422132490e-07 
(OrbPeriod) Orbital Period [sec]: 4.0741352153e+07 
(SemiMajorAxis) Semi-major Axis [m]: 1.4959787070e+11 
----- ATMESC PARAMETERS (b)------
(SurfWaterMass) Surface water mass [kg]: 1.3900000000e+21 
(EnvelopeMass) Envelope mass [kg]: 5.9045296292e+21 
(OxygenMass) Oxygen mass in the atmosphere [kg]: 0.0000000000 
(RGLimit) Runaway greenhouse semi-major axis [AU]: 0.2690390607 
(XO) Atomic oxygen mixing ratio in upper atmosphere []: 0.3333333333 
(EtaO) Oxygen eta parameter (Luger and Barnes 2015) []: 0.0000000000 
(PlanetRadius) Planet radius [m]: 7.5873564221e+06 
(OxygenMantleMass) Mass of oxygen in mantle [kg]: 0.0000000000 
(RadXUV) XUV radius separating hydro. dyn. escape and equilibrium [m]: -1.0000000000 
(RadSolid) Radius to the solid surface [m]: -1.0000000000 
(PresXUV) Pressure at base of thermosphere []: 5.0000000000 
(ScaleHeight) Scale height in Lehmer & Catling (2016) model [m]: -1.0000000000 
(ThermTemp) Isothermal atmospheric temperature [K]: 400.0000000000 
(AtmGasConst) Atmospheric gas constant []: 4124.0000000000 
(PresSurf) Surface pressure due to atmosphere [Pa]: -1.0000000000 
(DEnvMassDt) Envelope Mass Loss Rate [kg/s]: -2844.0365500558 
(FXUV) XUV flux [W/m^2]: 0.0055074250 
(AtmXAbsEffH2O) XUV atmospheric escape efficiency for H2O []: 0.1315866268 
(RocheRadius) Roche Lobe Radius [m]: 1.7743595529e+09 
(BondiRadius) Bondi Radius [m]: 2.3402285371e+07 
(HEscapeRegime) Integer flag for H envelope escape regime []: 3.0000000000 
(RRCriticalFlux) Critical XUV Flux that separates RR and energy-limited escape [W/m^2]: 31.9029303053 
(RGDuration) Runaway Greenhouse Duration [years]: 5.00000e+08
Output Order: Time[year] Age[year] RGLimit[AU]
Grid Output Order:
