-------- Log file flare.log -------

Executable: vplanet
Version: v1.0.0-849-g49f94ffea4d0ff04e0507ac59917839499b89503
System Name: flare
Primary Input File: vpl.in
Body File #1: star.in
Body File #2: b.in
Allow files to be overwitten: Yes
Mass Units: Kilograms
Length Units: Meters
Time Units: Seconds
Angle Units: Radians

------- FORMATTING -----
Verbosity Level: 5
Crossover Decade for Scientific Notation: 4
Number of Digits After Decimal: 10
Integration Method: Runge-Kutta4
Direction: Forward
Time Step: 3.1557600000e+07
Stop Time: 1.5778800000e+16
Output Interval: 1.5778800000e+16
Use Variable Timestep: Yes
dEta: 0.0100000000
Minimum Value of ecc and obl: 1.0000000000e-10


---- INITIAL SYSTEM PROPERTIES ----
(Age) System Age [sec]: 1.5778800000e+16 
(Time) Simulation Time [sec]: 0.0000000000 
(TotAngMom) Total Angular Momentum [kg*m^2/sec]: 1.4689511457e+42 
(TotEnergy) Total System Energy [kg*m^2/sec^2]: -1.3048452512e+41 
(PotEnergy) Body's non-orbital Potential Energy [kg*m^2/sec^2]: -1.3053723504e+41 
(KinEnergy) Body's non-orbital Kinetic Energy [kg*m^2/sec^2]: 5.2711492580e+37 
(DeltaTime) Average Timestep Over Last Output Interval [sec]: 0.0000000000 
(Density) Average Density [kg/m^3]: 1.1702861287e+05 
(LongP) Body's Longitude of pericenter [rad]: 3.9269908170 
(LXUVTot) Total XUV Luminosity [kg*m^2/sec^2/(m^2*sec)]: 2.1650234808e+21 

----- BODY: star ----
Active Modules: STELLAR
Module Bit Sum: 65
Color: 000000
(Mass) Mass [kg]: 1.0439184000e+30 
(Radius) Radius [m]: 3.3431384935e+08 
(RadGyra) Radius of Gyration []: 0.4133461383 
(RotAngMom) Rotational Angular Momentum [kg*m^2/sec]: 1.4496701072e+42 
(RotVel) Rotational Velocity [m/sec]: 2.4311989192e+04 
(BodyType) Type of Body (0 == planet) []: 0.0000000000 
(RotRate) Rotational Frequency [/sec]: 7.2722052166e-05 
(RotPer) Rotational Period [sec]: 8.6400000000e+04 
(HZLimitDryRunaway) Semi-major axis of Dry Runaway HZ Limit [m]: 2.7411883794e+10 
(HZLimRecVenus) Recent Venus Habitable Zone Limit [AU]: 0.1622409369 
(HZLimRunaway) Runaway Greenhouse Habitable Zone Limit [m]: 3.2154422304e+10 
(HZLimMoistGreenhouse) Moist Greenhouse Habitable Zone Limit [m]: 3.2114325407e+10 
(HZLimMaxGreenhouse) Maximum Greenhouse Habitable Zone Limit [AU]: 0.3995026364 
(HZLimEarlyMars) Early Mars Habitable Zone Limit [AU]: 0.4357287072 
(Instellation) Orbit-averaged INcident STELLar radiATION [kg*m^2/sec^2/(m^2*sec)]: -1.0000000000 
(CriticalSemiMajorAxis) Holman & Wiegert (1999) P-type Critical Semi-major Axis [m]: -1.0000000000 
(LostEnergy) Body's Total Lost Energy [kg*m^2/sec^2]: 5.5626846463e-309 
(LostAngMom) Lost Angular Momentum due to Magnetic Braking [kg*m^2/sec]: 5.5626846463e-309 
----- STELLAR PARAMETERS (star)------
(Luminosity) Luminosity [LSUN]: 0.0407555198 
(LXUVStellar) Base X-ray/XUV Luminosity [kg*m^2/sec^3]: 2.1650234808e+21 
(Temperature) Effective Temperature [K]: 3741.2370448465 
(LXUVFrac) X-ray/XUV Luminosity Fraction []: 0.0001381233 
(RossbyNumber) Rossby Number []: 0.0216234615 
(DRotPerDtStellar) Time Rate of Change of Rotation Period in STELLAR []: 1.5233917323e-11 
Output Order: Age[year] Luminosity[LSUN] HZLimRunaway[AU] HZLimMaxGreenhouse[AU] HZLimRecVenus[AU] HZLimEarlyMars[AU] Instellation[solar*AU^2/year^2/(AU^2*year)]
Grid Output Order:

----- BODY: b ----
Active Modules: AtmEsc
Module Bit Sum: 9
Color: 000000
(Mass) Mass [kg]: 5.9721860000e+24 
(Radius) Radius [m]: 7.7072846771e+06 
(RadGyra) Radius of Gyration []: 0.5000000000 
(BodyType) Type of Body (0 == planet) []: 0.0000000000 
(HZLimitDryRunaway) Semi-major axis of Dry Runaway HZ Limit [m]: 2.7411883794e+10 
(HZLimRecVenus) Recent Venus Habitable Zone Limit [m]: 2.4270898708e+10 
(HZLimRunaway) Runaway Greenhouse Habitable Zone Limit [m]: 3.2154422304e+10 
(HZLimMoistGreenhouse) Moist Greenhouse Habitable Zone Limit [m]: 3.2114325407e+10 
(HZLimMaxGreenhouse) Maximum Greenhouse Habitable Zone Limit [m]: 5.9764743741e+10 
(HZLimEarlyMars) Early Mars Habitable Zone Limit [m]: 6.5184086799e+10 
(Instellation) Orbit-averaged INcident STELLar radiATION [kg*m^2/sec^2/(m^2*sec)]: 55.7359012529 
(MeanMotion) Orbital Mean Motion [/sec]: 1.4426089146e-07 
(OrbPeriod) Orbital Period [sec]: 4.3554321920e+07 
(SemiMajorAxis) Semi-major Axis [m]: 1.4959787070e+11 
----- ATMESC PARAMETERS (b)------
(SurfWaterMass) Surface water mass [kg]: 1.3900000000e+21 
(EnvelopeMass) Envelope mass [kg]: 5.9721860000e+21 
(OxygenMass) Oxygen mass in the atmosphere [kg]: 0.0000000000 
(RGLimit) Runaway greenhouse semi-major axis [AU]: 0.2085736141 
(XO) Atomic oxygen mixing ratio in upper atmosphere []: 0.3333333333 
(EtaO) Oxygen eta parameter (Luger and Barnes 2015) []: 0.0000000000 
(PlanetRadius) Planet radius [m]: 7.7072846771e+06 
(OxygenMantleMass) Mass of oxygen in mantle [kg]: 0.0000000000 
(RadXUV) XUV radius separating hydro. dyn. escape and equilibrium [m]: -1.0000000000 
(RadSolid) Radius to the solid surface [m]: -1.0000000000 
(PresXUV) Pressure at base of thermosphere []: 5.0000000000 
(ScaleHeight) Scale height in Lehmer & Catling (2016) model [m]: -1.0000000000 
(ThermTemp) Isothermal atmospheric temperature [K]: 400.0000000000 
(AtmGasConst) Atmospheric gas constant []: 4124.0000000000 
(PresSurf) Surface pressure due to atmosphere [Pa]: -1.0000000000 
(DEnvMassDt) Envelope Mass Loss Rate [kg/s]: -4166.8657505747 
(FXUV) XUV flux [W/m^2]: 0.0076984257 
(AtmXAbsEffH2O) XUV atmospheric escape efficiency for H2O []: 0.1311792827 
(RocheRadius) Roche Lobe Radius [m]: 1.8551281606e+09 
(BondiRadius) Bondi Radius [m]: 2.6643953366e+07 
(HEscapeRegime) Integer flag for H envelope escape regime []: 3.0000000000 
(RRCriticalFlux) Critical XUV Flux that separates RR and energy-limited escape [W/m^2]: 30.4374083865 
(RGDuration) Runaway Greenhouse Duration [years]: 5.00000e+08
Output Order: Time[year] Age[year] RGLimit[AU]
Grid Output Order:



---- FINAL SYSTEM PROPERTIES ----
(Age) System Age [sec]: 3.1557600000e+16 
(Time) Simulation Time [sec]: 1.5778800000e+16 
(TotAngMom) Total Angular Momentum [kg*m^2/sec]: 1.4689778221e+42 
(TotEnergy) Total System Energy [kg*m^2/sec^2]: -1.3048291966e+41 
(PotEnergy) Body's non-orbital Potential Energy [kg*m^2/sec^2]: -1.2978316040e+41 
(KinEnergy) Body's non-orbital Kinetic Energy [kg*m^2/sec^2]: 3.8941522363e+35 
(DeltaTime) Average Timestep Over Last Output Interval [sec]: 1.1467984592e+12 
(Density) Average Density [kg/m^3]: 1.1501218806e+05 
(LongP) Body's Longitude of pericenter [rad]: 3.9269908170 
(LXUVTot) Total XUV Luminosity [kg*m^2/sec^2/(m^2*sec)]: 9.2894603339e+20 

----- BODY: star ----
Active Modules: STELLAR
Module Bit Sum: 65
Color: 000000
(Mass) Mass [kg]: 1.0439184000e+30 
(Radius) Radius [m]: 3.3625630162e+08 
(RadGyra) Radius of Gyration []: 0.4138869997 
(RotAngMom) Rotational Angular Momentum [kg*m^2/sec]: 1.2548937440e+41 
(RotVel) Rotational Velocity [m/sec]: 2086.9228732779 
(BodyType) Type of Body (0 == planet) []: 0.0000000000 
(RotRate) Rotational Frequency [/sec]: 6.2063457644e-06 
(RotPer) Rotational Period [sec]: 1.0123808028e+06 
(HZLimitDryRunaway) Semi-major axis of Dry Runaway HZ Limit [m]: 2.7500226212e+10 
(HZLimRecVenus) Recent Venus Habitable Zone Limit [AU]: 0.1627711303 
(HZLimRunaway) Runaway Greenhouse Habitable Zone Limit [m]: 3.2259095498e+10 
(HZLimMoistGreenhouse) Moist Greenhouse Habitable Zone Limit [m]: 3.2219273221e+10 
(HZLimMaxGreenhouse) Maximum Greenhouse Habitable Zone Limit [AU]: 0.4008378556 
(HZLimEarlyMars) Early Mars Habitable Zone Limit [AU]: 0.4371848727 
(Instellation) Orbit-averaged INcident STELLar radiATION [kg*m^2/sec^2/(m^2*sec)]: -1.0000000000 
(CriticalSemiMajorAxis) Holman & Wiegert (1999) P-type Critical Semi-major Axis [m]: -1.0000000000 
(LostEnergy) Body's Total Lost Energy [kg*m^2/sec^2]: -7.0014709954e+38 
(LostAngMom) Lost Angular Momentum due to Magnetic Braking [kg*m^2/sec]: 1.3242075406e+42 
----- STELLAR PARAMETERS (star)------
(Luminosity) Luminosity [LSUN]: 0.0410186351 
(LXUVStellar) Base X-ray/XUV Luminosity [kg*m^2/sec^3]: 9.2894603339e+20 
(Temperature) Effective Temperature [K]: 3739.4508937383 
(LXUVFrac) X-ray/XUV Luminosity Fraction []: 5.8884365536e-05 
(RossbyNumber) Rossby Number []: 0.2531382292 
(DRotPerDtStellar) Time Rate of Change of Rotation Period in STELLAR []: 4.9570290909e-11 
Output Order: Age[year] Luminosity[LSUN] HZLimRunaway[AU] HZLimMaxGreenhouse[AU] HZLimRecVenus[AU] HZLimEarlyMars[AU] Instellation[solar*AU^2/year^2/(AU^2*year)]
Grid Output Order:

----- BODY: b ----
Active Modules: AtmEsc
Module Bit Sum: 9
Color: 000000
(Mass) Mass [kg]: 5.9721453548e+24 
(Radius) Radius [m]: 7.5901735148e+06 
(RadGyra) Radius of Gyration []: 0.5000000000 
(BodyType) Type of Body (0 == planet) []: 0.0000000000 
(HZLimitDryRunaway) Semi-major axis of Dry Runaway HZ Limit [m]: 2.7500226212e+10 
(HZLimRecVenus) Recent Venus Habitable Zone Limit [m]: 2.4350214499e+10 
(HZLimRunaway) Runaway Greenhouse Habitable Zone Limit [m]: 3.2259095498e+10 
(HZLimMoistGreenhouse) Moist Greenhouse Habitable Zone Limit [m]: 3.2219273221e+10 
(HZLimMaxGreenhouse) Maximum Greenhouse Habitable Zone Limit [m]: 5.9964489688e+10 
(HZLimEarlyMars) Early Mars Habitable Zone Limit [m]: 6.5401926057e+10 
(Instellation) Orbit-averaged INcident STELLar radiATION [kg*m^2/sec^2/(m^2*sec)]: 56.0957290235 
(MeanMotion) Orbital Mean Motion [/sec]: 1.4426089146e-07 
(OrbPeriod) Orbital Period [sec]: 4.3554321921e+07 
(SemiMajorAxis) Semi-major Axis [m]: 1.4959787070e+11 
----- ATMESC PARAMETERS (b)------
(SurfWaterMass) Surface water mass [kg]: 1.3900000000e+21 
(EnvelopeMass) Envelope mass [kg]: 5.9315408313e+21 
(OxygenMass) Oxygen mass in the atmosphere [kg]: 0.0000000000 
(RGLimit) Runaway greenhouse semi-major axis [AU]: 0.2092520067 
(XO) Atomic oxygen mixing ratio in upper atmosphere []: 0.3333333333 
(EtaO) Oxygen eta parameter (Luger and Barnes 2015) []: 0.0000000000 
(PlanetRadius) Planet radius [m]: 7.5901735148e+06 
(OxygenMantleMass) Mass of oxygen in mantle [kg]: 0.0000000000 
(RadXUV) XUV radius separating hydro. dyn. escape and equilibrium [m]: -1.0000000000 
(RadSolid) Radius to the solid surface [m]: -1.0000000000 
(PresXUV) Pressure at base of thermosphere []: 5.0000000000 
(ScaleHeight) Scale height in Lehmer & Catling (2016) model [m]: -1.0000000000 
(ThermTemp) Isothermal atmospheric temperature [K]: 400.0000000000 
(AtmGasConst) Atmospheric gas constant []: 4124.0000000000 
(PresSurf) Surface pressure due to atmosphere [Pa]: -1.0000000000 
(DEnvMassDt) Envelope Mass Loss Rate [kg/s]: -1707.8650299270 
(FXUV) XUV flux [W/m^2]: 0.0033031614 
(AtmXAbsEffH2O) XUV atmospheric escape efficiency for H2O []: 0.1312171235 
(RocheRadius) Roche Lobe Radius [m]: 1.8551239521e+09 
(BondiRadius) Bondi Radius [m]: 2.6579393618e+07 
(HEscapeRegime) Integer flag for H envelope escape regime []: 3.0000000000 
(RRCriticalFlux) Critical XUV Flux that separates RR and energy-limited escape [W/m^2]: 31.8677094382 
(RGDuration) Runaway Greenhouse Duration [years]: 5.00000e+08
Output Order: Time[year] Age[year] RGLimit[AU]
Grid Output Order:
