-------- Log file flare.log -------

Executable: vplanet
Version: v1.0.0-849-g49f94ffea4d0ff04e0507ac59917839499b89503
System Name: flare
Primary Input File: vpl.in
Body File #1: star.in
Body File #2: b.in
Allow files to be overwitten: Yes
Mass Units: Kilograms
Length Units: Meters
Time Units: Seconds
Angle Units: Radians

------- FORMATTING -----
Verbosity Level: 5
Crossover Decade for Scientific Notation: 4
Number of Digits After Decimal: 10
Integration Method: Runge-Kutta4
Direction: Forward
Time Step: 3.1557600000e+07
Stop Time: 1.5778800000e+16
Output Interval: 1.5778800000e+16
Use Variable Timestep: Yes
dEta: 0.0100000000
Minimum Value of ecc and obl: 1.0000000000e-10


---- INITIAL SYSTEM PROPERTIES ----
(Age) System Age [sec]: 1.5778800000e+16 
(Time) Simulation Time [sec]: 0.0000000000 
(TotAngMom) Total Angular Momentum [kg*m^2/sec]: 1.9155909227e+41 
(TotEnergy) Total System Energy [kg*m^2/sec^2]: -4.9702414773e+40 
(PotEnergy) Body's non-orbital Potential Energy [kg*m^2/sec^2]: -4.9708920315e+40 
(KinEnergy) Body's non-orbital Kinetic Energy [kg*m^2/sec^2]: 6.5063233089e+36 
(DeltaTime) Average Timestep Over Last Output Interval [sec]: 0.0000000000 
(Density) Average Density [kg/m^3]: 4.4696729474e+05 
(LongP) Body's Longitude of pericenter [rad]: 3.9269908170 
(LXUVTot) Total XUV Luminosity [kg*m^2/sec^2/(m^2*sec)]: 2.9913420775e+20 

----- BODY: star ----
Active Modules: STELLAR
Module Bit Sum: 65
Color: 000000
(Mass) Mass [kg]: 4.4739360000e+29 
(Radius) Radius [m]: 1.6125042825e+08 
(RadGyra) Radius of Gyration []: 0.4599079657 
(RotAngMom) Rotational Angular Momentum [kg*m^2/sec]: 1.7893673556e+41 
(RotVel) Rotational Velocity [m/sec]: 1.1726462055e+04 
(BodyType) Type of Body (0 == planet) []: 0.0000000000 
(RotRate) Rotational Frequency [/sec]: 7.2722052166e-05 
(RotPer) Rotational Period [sec]: 8.6400000000e+04 
(HZLimitDryRunaway) Semi-major axis of Dry Runaway HZ Limit [m]: 1.0189212428e+10 
(HZLimRecVenus) Recent Venus Habitable Zone Limit [AU]: 0.0609192036 
(HZLimRunaway) Runaway Greenhouse Habitable Zone Limit [m]: 1.2028241775e+10 
(HZLimMoistGreenhouse) Moist Greenhouse Habitable Zone Limit [m]: 1.2058499739e+10 
(HZLimMaxGreenhouse) Maximum Greenhouse Habitable Zone Limit [AU]: 0.1527069796 
(HZLimEarlyMars) Early Mars Habitable Zone Limit [AU]: 0.1665445032 
(Instellation) Orbit-averaged INcident STELLar radiATION [kg*m^2/sec^2/(m^2*sec)]: -1.0000000000 
(CriticalSemiMajorAxis) Holman & Wiegert (1999) P-type Critical Semi-major Axis [m]: -1.0000000000 
(LostEnergy) Body's Total Lost Energy [kg*m^2/sec^2]: 5.5626846463e-309 
(LostAngMom) Lost Angular Momentum due to Magnetic Braking [kg*m^2/sec]: 5.5626846463e-309 
----- STELLAR PARAMETERS (star)------
(Luminosity) Luminosity [LSUN]: 0.0056310568 
(LXUVStellar) Base X-ray/XUV Luminosity [kg*m^2/sec^3]: 2.9913420775e+20 
(Temperature) Effective Temperature [K]: 3293.4348093648 
(LXUVFrac) X-ray/XUV Luminosity Fraction []: 0.0001381233 
(RossbyNumber) Rossby Number []: 0.0171904170 
(DRotPerDtStellar) Time Rate of Change of Rotation Period in STELLAR []: 4.3954388965e-12 
Output Order: Age[year] Luminosity[LSUN] HZLimRunaway[AU] HZLimMaxGreenhouse[AU] HZLimRecVenus[AU] HZLimEarlyMars[AU] Instellation[solar*AU^2/year^2/(AU^2*year)]
Grid Output Order:

----- BODY: b ----
Active Modules: AtmEsc
Module Bit Sum: 9
Color: 000000
(Mass) Mass [kg]: 5.9721860000e+24 
(Radius) Radius [m]: 7.7072846771e+06 
(RadGyra) Radius of Gyration []: 0.5000000000 
(BodyType) Type of Body (0 == planet) []: 0.0000000000 
(HZLimitDryRunaway) Semi-major axis of Dry Runaway HZ Limit [m]: 1.0189212428e+10 
(HZLimRecVenus) Recent Venus Habitable Zone Limit [m]: 9.1133831466e+09 
(HZLimRunaway) Runaway Greenhouse Habitable Zone Limit [m]: 1.2028241775e+10 
(HZLimMoistGreenhouse) Moist Greenhouse Habitable Zone Limit [m]: 1.2058499739e+10 
(HZLimMaxGreenhouse) Maximum Greenhouse Habitable Zone Limit [m]: 2.2844638986e+10 
(HZLimEarlyMars) Early Mars Habitable Zone Limit [m]: 2.4914703060e+10 
(Instellation) Orbit-averaged INcident STELLar radiATION [kg*m^2/sec^2/(m^2*sec)]: 7.7008470403 
(MeanMotion) Orbital Mean Motion [/sec]: 9.4441282325e-08 
(OrbPeriod) Orbital Period [sec]: 6.6530071940e+07 
(SemiMajorAxis) Semi-major Axis [m]: 1.4959787070e+11 
----- ATMESC PARAMETERS (b)------
(SurfWaterMass) Surface water mass [kg]: 1.3900000000e+21 
(EnvelopeMass) Envelope mass [kg]: 5.9721860000e+21 
(OxygenMass) Oxygen mass in the atmosphere [kg]: 0.0000000000 
(RGLimit) Runaway greenhouse semi-major axis [AU]: 0.0779832387 
(XO) Atomic oxygen mixing ratio in upper atmosphere []: 0.3333333333 
(EtaO) Oxygen eta parameter (Luger and Barnes 2015) []: 0.0000000000 
(PlanetRadius) Planet radius [m]: 7.7072846771e+06 
(OxygenMantleMass) Mass of oxygen in mantle [kg]: 0.0000000000 
(RadXUV) XUV radius separating hydro. dyn. escape and equilibrium [m]: -1.0000000000 
(RadSolid) Radius to the solid surface [m]: -1.0000000000 
(PresXUV) Pressure at base of thermosphere []: 5.0000000000 
(ScaleHeight) Scale height in Lehmer & Catling (2016) model [m]: -1.0000000000 
(ThermTemp) Isothermal atmospheric temperature [K]: 400.0000000000 
(AtmGasConst) Atmospheric gas constant []: 4124.0000000000 
(PresSurf) Surface pressure due to atmosphere [Pa]: -1.0000000000 
(DEnvMassDt) Envelope Mass Loss Rate [kg/s]: -575.7222016912 
(FXUV) XUV flux [W/m^2]: 0.0010636663 
(AtmXAbsEffH2O) XUV atmospheric escape efficiency for H2O []: 0.1266202266 
(RocheRadius) Roche Lobe Radius [m]: 2.4605536930e+09 
(BondiRadius) Bondi Radius [m]: 4.3580435430e+07 
(HEscapeRegime) Integer flag for H envelope escape regime []: 3.0000000000 
(RRCriticalFlux) Critical XUV Flux that separates RR and energy-limited escape [W/m^2]: 30.4374083865 
(RGDuration) Runaway Greenhouse Duration [years]: 5.00000e+08
Output Order: Time[year] Age[year] RGLimit[AU]
Grid Output Order:



---- FINAL SYSTEM PROPERTIES ----
(Age) System Age [sec]: 3.1557600000e+16 
(Time) Simulation Time [sec]: 1.5778800000e+16 
(TotAngMom) Total Angular Momentum [kg*m^2/sec]: 1.9155723258e+41 
(TotEnergy) Total System Energy [kg*m^2/sec^2]: -4.9702689193e+40 
(PotEnergy) Body's non-orbital Potential Energy [kg*m^2/sec^2]: -4.9685592233e+40 
(KinEnergy) Body's non-orbital Kinetic Energy [kg*m^2/sec^2]: 1.3054783585e+36 
(DeltaTime) Average Timestep Over Last Output Interval [sec]: 1.7691220989e+12 
(Density) Average Density [kg/m^3]: 4.4633831322e+05 
(LongP) Body's Longitude of pericenter [rad]: 3.9269908170 
(LXUVTot) Total XUV Luminosity [kg*m^2/sec^2/(m^2*sec)]: 1.2760366816e+20 

----- BODY: star ----
Active Modules: STELLAR
Module Bit Sum: 65
Color: 000000
(Mass) Mass [kg]: 4.4739360000e+29 
(Radius) Radius [m]: 1.6132613759e+08 
(RadGyra) Radius of Gyration []: 0.4598688914 
(RotAngMom) Rotational Angular Momentum [kg*m^2/sec]: 8.0183219138e+40 
(RotVel) Rotational Velocity [m/sec]: 5253.1635311736 
(BodyType) Type of Body (0 == planet) []: 0.0000000000 
(RotRate) Rotational Frequency [/sec]: 3.2562383316e-05 
(RotPer) Rotational Period [sec]: 1.9295839761e+05 
(HZLimitDryRunaway) Semi-major axis of Dry Runaway HZ Limit [m]: 1.0192309512e+10 
(HZLimRecVenus) Recent Venus Habitable Zone Limit [AU]: 0.0609365419 
(HZLimRunaway) Runaway Greenhouse Habitable Zone Limit [m]: 1.2031770068e+10 
(HZLimMoistGreenhouse) Moist Greenhouse Habitable Zone Limit [m]: 1.2061931679e+10 
(HZLimMaxGreenhouse) Maximum Greenhouse Habitable Zone Limit [AU]: 0.1527447900 
(HZLimEarlyMars) Early Mars Habitable Zone Limit [AU]: 0.1665857532 
(Instellation) Orbit-averaged INcident STELLar radiATION [kg*m^2/sec^2/(m^2*sec)]: -1.0000000000 
(CriticalSemiMajorAxis) Holman & Wiegert (1999) P-type Critical Semi-major Axis [m]: -1.0000000000 
(LostEnergy) Body's Total Lost Energy [kg*m^2/sec^2]: -1.8401654868e+37 
(LostAngMom) Lost Angular Momentum due to Magnetic Braking [kg*m^2/sec]: 9.8751668764e+40 
----- STELLAR PARAMETERS (star)------
(Luminosity) Luminosity [LSUN]: 0.0056344805 
(LXUVStellar) Base X-ray/XUV Luminosity [kg*m^2/sec^3]: 1.2760366816e+20 
(Temperature) Effective Temperature [K]: 3294.3975022485 
(LXUVFrac) X-ray/XUV Luminosity Fraction []: 5.8884365536e-05 
(RossbyNumber) Rossby Number []: 0.0384105477 
(DRotPerDtStellar) Time Rate of Change of Rotation Period in STELLAR []: 9.8351908556e-12 
Output Order: Age[year] Luminosity[LSUN] HZLimRunaway[AU] HZLimMaxGreenhouse[AU] HZLimRecVenus[AU] HZLimEarlyMars[AU] Instellation[solar*AU^2/year^2/(AU^2*year)]
Grid Output Order:

----- BODY: b ----
Active Modules: AtmEsc
Module Bit Sum: 9
Color: 000000
(Mass) Mass [kg]: 5.9721803962e+24 
(Radius) Radius [m]: 7.5938280172e+06 
(RadGyra) Radius of Gyration []: 0.5000000000 
(BodyType) Type of Body (0 == planet) []: 0.0000000000 
(HZLimitDryRunaway) Semi-major axis of Dry Runaway HZ Limit [m]: 1.0192309512e+10 
(HZLimRecVenus) Recent Venus Habitable Zone Limit [m]: 9.1159769189e+09 
(HZLimRunaway) Runaway Greenhouse Habitable Zone Limit [m]: 1.2031770068e+10 
(HZLimMoistGreenhouse) Moist Greenhouse Habitable Zone Limit [m]: 1.2061931679e+10 
(HZLimMaxGreenhouse) Maximum Greenhouse Habitable Zone Limit [m]: 2.2850295339e+10 
(HZLimEarlyMars) Early Mars Habitable Zone Limit [m]: 2.4920873962e+10 
(Instellation) Orbit-averaged INcident STELLar radiATION [kg*m^2/sec^2/(m^2*sec)]: 7.7055292067 
(MeanMotion) Orbital Mean Motion [/sec]: 9.4441282324e-08 
(OrbPeriod) Orbital Period [sec]: 6.6530071941e+07 
(SemiMajorAxis) Semi-major Axis [m]: 1.4959787070e+11 
----- ATMESC PARAMETERS (b)------
(SurfWaterMass) Surface water mass [kg]: 1.3900000000e+21 
(EnvelopeMass) Envelope mass [kg]: 5.9665821593e+21 
(OxygenMass) Oxygen mass in the atmosphere [kg]: 0.0000000000 
(RGLimit) Runaway greenhouse semi-major axis [AU]: 0.0780061522 
(XO) Atomic oxygen mixing ratio in upper atmosphere []: 0.3333333333 
(EtaO) Oxygen eta parameter (Luger and Barnes 2015) []: 0.0000000000 
(PlanetRadius) Planet radius [m]: 7.5938280172e+06 
(OxygenMantleMass) Mass of oxygen in mantle [kg]: 0.0000000000 
(RadXUV) XUV radius separating hydro. dyn. escape and equilibrium [m]: -1.0000000000 
(RadSolid) Radius to the solid surface [m]: -1.0000000000 
(PresXUV) Pressure at base of thermosphere []: 5.0000000000 
(ScaleHeight) Scale height in Lehmer & Catling (2016) model [m]: -1.0000000000 
(ThermTemp) Isothermal atmospheric temperature [K]: 400.0000000000 
(AtmGasConst) Atmospheric gas constant []: 4124.0000000000 
(PresSurf) Surface pressure due to atmosphere [Pa]: -1.0000000000 
(DEnvMassDt) Envelope Mass Loss Rate [kg/s]: -234.9327407730 
(FXUV) XUV flux [W/m^2]: 0.0004537352 
(AtmXAbsEffH2O) XUV atmospheric escape efficiency for H2O []: 0.1118091050 
(RocheRadius) Roche Lobe Radius [m]: 2.4605529234e+09 
(BondiRadius) Bondi Radius [m]: 4.3557435208e+07 
(HEscapeRegime) Integer flag for H envelope escape regime []: 3.0000000000 
(RRCriticalFlux) Critical XUV Flux that separates RR and energy-limited escape [W/m^2]: 31.8220963412 
(RGDuration) Runaway Greenhouse Duration [years]: 5.00000e+08
Output Order: Time[year] Age[year] RGLimit[AU]
Grid Output Order:
