-------- Log file flare.log -------

Executable: vplanet
Version: v1.0.0-849-g49f94ffea4d0ff04e0507ac59917839499b89503
System Name: flare
Primary Input File: vpl.in
Body File #1: star.in
Body File #2: b.in
Allow files to be overwitten: Yes
Mass Units: Kilograms
Length Units: Meters
Time Units: Seconds
Angle Units: Radians

------- FORMATTING -----
Verbosity Level: 5
Crossover Decade for Scientific Notation: 4
Number of Digits After Decimal: 10
Integration Method: Runge-Kutta4
Direction: Forward
Time Step: 3.1557600000e+07
Stop Time: 1.5778800000e+16
Output Interval: 1.5778800000e+16
Use Variable Timestep: Yes
dEta: 0.0100000000
Minimum Value of ecc and obl: 1.0000000000e-10


---- INITIAL SYSTEM PROPERTIES ----
(Age) System Age [sec]: 1.5778800000e+16 
(Time) Simulation Time [sec]: 0.0000000000 
(TotAngMom) Total Angular Momentum [kg*m^2/sec]: 5.5929043467e+41 
(TotEnergy) Total System Energy [kg*m^2/sec^2]: -8.5126200009e+40 
(PotEnergy) Body's non-orbital Potential Energy [kg*m^2/sec^2]: -8.5145962843e+40 
(KinEnergy) Body's non-orbital Kinetic Energy [kg*m^2/sec^2]: 1.9763946788e+37 
(DeltaTime) Average Timestep Over Last Output Interval [sec]: 0.0000000000 
(Density) Average Density [kg/m^3]: 2.4662511852e+05 
(LongP) Body's Longitude of pericenter [rad]: 3.9269908170 
(LXUVTot) Total XUV Luminosity [kg*m^2/sec^2/(m^2*sec)]: 7.4350635368e+20 

----- BODY: star ----
Active Modules: STELLAR
Module Bit Sum: 65
Color: 000000
(Mass) Mass [kg]: 6.9594560000e+29 
(Radius) Radius [m]: 2.2779395690e+08 
(RadGyra) Radius of Gyration []: 0.4549418241 
(RotAngMom) Rotational Angular Momentum [kg*m^2/sec]: 5.4354755400e+41 
(RotVel) Rotational Velocity [m/sec]: 1.6565644017e+04 
(BodyType) Type of Body (0 == planet) []: 0.0000000000 
(RotRate) Rotational Frequency [/sec]: 7.2722052166e-05 
(RotPer) Rotational Period [sec]: 8.6400000000e+04 
(HZLimitDryRunaway) Semi-major axis of Dry Runaway HZ Limit [m]: 1.6063860304e+10 
(HZLimRecVenus) Recent Venus Habitable Zone Limit [AU]: 0.0956872695 
(HZLimRunaway) Runaway Greenhouse Habitable Zone Limit [m]: 1.8922944994e+10 
(HZLimMoistGreenhouse) Moist Greenhouse Habitable Zone Limit [m]: 1.8940565100e+10 
(HZLimMaxGreenhouse) Maximum Greenhouse Habitable Zone Limit [AU]: 0.2382215298 
(HZLimEarlyMars) Early Mars Habitable Zone Limit [AU]: 0.2598126966 
(Instellation) Orbit-averaged INcident STELLar radiATION [kg*m^2/sec^2/(m^2*sec)]: -1.0000000000 
(CriticalSemiMajorAxis) Holman & Wiegert (1999) P-type Critical Semi-major Axis [m]: -1.0000000000 
(LostEnergy) Body's Total Lost Energy [kg*m^2/sec^2]: 5.5626846463e-309 
(LostAngMom) Lost Angular Momentum due to Magnetic Braking [kg*m^2/sec]: 5.5626846463e-309 
----- STELLAR PARAMETERS (star)------
(Luminosity) Luminosity [LSUN]: 0.0139961475 
(LXUVStellar) Base X-ray/XUV Luminosity [kg*m^2/sec^3]: 7.4350635368e+20 
(Temperature) Effective Temperature [K]: 3469.6352951091 
(LXUVFrac) X-ray/XUV Luminosity Fraction []: 0.0001381233 
(RossbyNumber) Rossby Number []: 0.0188141194 
(DRotPerDtStellar) Time Rate of Change of Rotation Period in STELLAR []: 6.8585354499e-12 
Output Order: Age[year] Luminosity[LSUN] HZLimRunaway[AU] HZLimMaxGreenhouse[AU] HZLimRecVenus[AU] HZLimEarlyMars[AU] Instellation[solar*AU^2/year^2/(AU^2*year)]
Grid Output Order:

----- BODY: b ----
Active Modules: AtmEsc
Module Bit Sum: 9
Color: 000000
(Mass) Mass [kg]: 5.9721860000e+24 
(Radius) Radius [m]: 7.7072846771e+06 
(RadGyra) Radius of Gyration []: 0.5000000000 
(BodyType) Type of Body (0 == planet) []: 0.0000000000 
(HZLimitDryRunaway) Semi-major axis of Dry Runaway HZ Limit [m]: 1.6063860304e+10 
(HZLimRecVenus) Recent Venus Habitable Zone Limit [m]: 1.4314611766e+10 
(HZLimRunaway) Runaway Greenhouse Habitable Zone Limit [m]: 1.8922944994e+10 
(HZLimMoistGreenhouse) Moist Greenhouse Habitable Zone Limit [m]: 1.8940565100e+10 
(HZLimMaxGreenhouse) Maximum Greenhouse Habitable Zone Limit [m]: 3.5637433616e+10 
(HZLimEarlyMars) Early Mars Habitable Zone Limit [m]: 3.8867426186e+10 
(Instellation) Orbit-averaged INcident STELLar radiATION [kg*m^2/sec^2/(m^2*sec)]: 19.1406684854 
(MeanMotion) Orbital Mean Motion [/sec]: 1.1778869310e-07 
(OrbPeriod) Orbital Period [sec]: 5.3342856107e+07 
(SemiMajorAxis) Semi-major Axis [m]: 1.4959787070e+11 
----- ATMESC PARAMETERS (b)------
(SurfWaterMass) Surface water mass [kg]: 1.3900000000e+21 
(EnvelopeMass) Envelope mass [kg]: 5.9721860000e+21 
(OxygenMass) Oxygen mass in the atmosphere [kg]: 0.0000000000 
(RGLimit) Runaway greenhouse semi-major axis [AU]: 0.1227005837 
(XO) Atomic oxygen mixing ratio in upper atmosphere []: 0.3333333333 
(EtaO) Oxygen eta parameter (Luger and Barnes 2015) []: 0.0000000000 
(PlanetRadius) Planet radius [m]: 7.7072846771e+06 
(OxygenMantleMass) Mass of oxygen in mantle [kg]: 0.0000000000 
(RadXUV) XUV radius separating hydro. dyn. escape and equilibrium [m]: -1.0000000000 
(RadSolid) Radius to the solid surface [m]: -1.0000000000 
(PresXUV) Pressure at base of thermosphere []: 5.0000000000 
(ScaleHeight) Scale height in Lehmer & Catling (2016) model [m]: -1.0000000000 
(ThermTemp) Isothermal atmospheric temperature [K]: 400.0000000000 
(AtmGasConst) Atmospheric gas constant []: 4124.0000000000 
(PresSurf) Surface pressure due to atmosphere [Pa]: -1.0000000000 
(DEnvMassDt) Envelope Mass Loss Rate [kg/s]: -1430.9734688423 
(FXUV) XUV flux [W/m^2]: 0.0026437720 
(AtmXAbsEffH2O) XUV atmospheric escape efficiency for H2O []: 0.1307024992 
(RocheRadius) Roche Lobe Radius [m]: 2.1235916272e+09 
(BondiRadius) Bondi Radius [m]: 3.4804560062e+07 
(HEscapeRegime) Integer flag for H envelope escape regime []: 3.0000000000 
(RRCriticalFlux) Critical XUV Flux that separates RR and energy-limited escape [W/m^2]: 30.4374083865 
(RGDuration) Runaway Greenhouse Duration [years]: 5.00000e+08
Output Order: Time[year] Age[year] RGLimit[AU]
Grid Output Order:



---- FINAL SYSTEM PROPERTIES ----
(Age) System Age [sec]: 3.1557600000e+16 
(Time) Simulation Time [sec]: 1.5778800000e+16 
(TotAngMom) Total Angular Momentum [kg*m^2/sec]: 5.5932472108e+41 
(TotEnergy) Total System Energy [kg*m^2/sec^2]: -8.5123285812e+40 
(PotEnergy) Body's non-orbital Potential Energy [kg*m^2/sec^2]: -8.4321980807e+40 
(KinEnergy) Body's non-orbital Kinetic Energy [kg*m^2/sec^2]: 1.5534249422e+36 
(DeltaTime) Average Timestep Over Last Output Interval [sec]: 8.0854727133e+11 
(Density) Average Density [kg/m^3]: 2.3953419710e+05 
(LongP) Body's Longitude of pericenter [rad]: 3.9269908170 
(LXUVTot) Total XUV Luminosity [kg*m^2/sec^2/(m^2*sec)]: 3.2128684110e+20 

----- BODY: star ----
Active Modules: STELLAR
Module Bit Sum: 65
Color: 000000
(Mass) Mass [kg]: 6.9594560000e+29 
(Radius) Radius [m]: 2.3001992606e+08 
(RadGyra) Radius of Gyration []: 0.4558350117 
(RotAngMom) Rotational Angular Momentum [kg*m^2/sec]: 1.5417747200e+41 
(RotVel) Rotational Velocity [m/sec]: 4635.1608405938 
(BodyType) Type of Body (0 == planet) []: 0.0000000000 
(RotRate) Rotational Frequency [/sec]: 2.0151127426e-05 
(RotPer) Rotational Period [sec]: 3.1180316487e+05 
(HZLimitDryRunaway) Semi-major axis of Dry Runaway HZ Limit [m]: 1.6172884807e+10 
(HZLimRecVenus) Recent Venus Habitable Zone Limit [AU]: 0.0963412775 
(HZLimRunaway) Runaway Greenhouse Habitable Zone Limit [m]: 1.9051918917e+10 
(HZLimMoistGreenhouse) Moist Greenhouse Habitable Zone Limit [m]: 1.9070021154e+10 
(HZLimMaxGreenhouse) Maximum Greenhouse Habitable Zone Limit [AU]: 0.2398702053 
(HZLimEarlyMars) Early Mars Habitable Zone Limit [AU]: 0.2616107301 
(Instellation) Orbit-averaged INcident STELLar radiATION [kg*m^2/sec^2/(m^2*sec)]: -1.0000000000 
(CriticalSemiMajorAxis) Holman & Wiegert (1999) P-type Critical Semi-major Axis [m]: -1.0000000000 
(LostEnergy) Body's Total Lost Energy [kg*m^2/sec^2]: -8.0285731472e+38 
(LostAngMom) Lost Angular Momentum due to Magnetic Braking [kg*m^2/sec]: 3.8940440554e+41 
----- STELLAR PARAMETERS (star)------
(Luminosity) Luminosity [LSUN]: 0.0141867743 
(LXUVStellar) Base X-ray/XUV Luminosity [kg*m^2/sec^3]: 3.2128684110e+20 
(Temperature) Effective Temperature [K]: 3467.4717979128 
(LXUVFrac) X-ray/XUV Luminosity Fraction []: 5.8884365536e-05 
(RossbyNumber) Rossby Number []: 0.0678218047 
(DRotPerDtStellar) Time Rate of Change of Rotation Period in STELLAR []: 2.5409729231e-11 
Output Order: Age[year] Luminosity[LSUN] HZLimRunaway[AU] HZLimMaxGreenhouse[AU] HZLimRecVenus[AU] HZLimEarlyMars[AU] Instellation[solar*AU^2/year^2/(AU^2*year)]
Grid Output Order:

----- BODY: b ----
Active Modules: AtmEsc
Module Bit Sum: 9
Color: 000000
(Mass) Mass [kg]: 5.9721719875e+24 
(Radius) Radius [m]: 7.5929516483e+06 
(RadGyra) Radius of Gyration []: 0.5000000000 
(BodyType) Type of Body (0 == planet) []: 0.0000000000 
(HZLimitDryRunaway) Semi-major axis of Dry Runaway HZ Limit [m]: 1.6172884807e+10 
(HZLimRecVenus) Recent Venus Habitable Zone Limit [m]: 1.4412449976e+10 
(HZLimRunaway) Runaway Greenhouse Habitable Zone Limit [m]: 1.9051918917e+10 
(HZLimMoistGreenhouse) Moist Greenhouse Habitable Zone Limit [m]: 1.9070021154e+10 
(HZLimMaxGreenhouse) Maximum Greenhouse Habitable Zone Limit [m]: 3.5884071955e+10 
(HZLimEarlyMars) Early Mars Habitable Zone Limit [m]: 3.9136408177e+10 
(Instellation) Orbit-averaged INcident STELLar radiATION [kg*m^2/sec^2/(m^2*sec)]: 19.4013634046 
(MeanMotion) Orbital Mean Motion [/sec]: 1.1778869310e-07 
(OrbPeriod) Orbital Period [sec]: 5.3342856107e+07 
(SemiMajorAxis) Semi-major Axis [m]: 1.4959787070e+11 
----- ATMESC PARAMETERS (b)------
(SurfWaterMass) Surface water mass [kg]: 1.3900000000e+21 
(EnvelopeMass) Envelope mass [kg]: 5.9581735010e+21 
(OxygenMass) Oxygen mass in the atmosphere [kg]: 0.0000000000 
(RGLimit) Runaway greenhouse semi-major axis [AU]: 0.1235366113 
(XO) Atomic oxygen mixing ratio in upper atmosphere []: 0.3333333333 
(EtaO) Oxygen eta parameter (Luger and Barnes 2015) []: 0.0000000000 
(PlanetRadius) Planet radius [m]: 7.5929516483e+06 
(OxygenMantleMass) Mass of oxygen in mantle [kg]: 0.0000000000 
(RadXUV) XUV radius separating hydro. dyn. escape and equilibrium [m]: -1.0000000000 
(RadSolid) Radius to the solid surface [m]: -1.0000000000 
(PresXUV) Pressure at base of thermosphere []: 5.0000000000 
(ScaleHeight) Scale height in Lehmer & Catling (2016) model [m]: -1.0000000000 
(ThermTemp) Isothermal atmospheric temperature [K]: 400.0000000000 
(AtmGasConst) Atmospheric gas constant []: 4124.0000000000 
(PresSurf) Surface pressure due to atmosphere [Pa]: -1.0000000000 
(DEnvMassDt) Envelope Mass Loss Rate [kg/s]: -591.2563260973 
(FXUV) XUV flux [W/m^2]: 0.0011424370 
(AtmXAbsEffH2O) XUV atmospheric escape efficiency for H2O []: 0.1270447206 
(RocheRadius) Roche Lobe Radius [m]: 2.1235899664e+09 
(BondiRadius) Bondi Radius [m]: 3.4657273104e+07 
(HEscapeRegime) Integer flag for H envelope escape regime []: 3.0000000000 
(RRCriticalFlux) Critical XUV Flux that separates RR and energy-limited escape [W/m^2]: 31.8330265723 
(RGDuration) Runaway Greenhouse Duration [years]: 5.00000e+08
Output Order: Time[year] Age[year] RGLimit[AU]
Grid Output Order:
