-------- Log file StellarEvol.log -------

Executable: vplanet
Version: v1.0.0-846-gd3fd82f09d92cc7f5fe1d510424b69db324c9020
System Name: StellarEvol
Primary Input File: vpl.in
Body File #1: sstar_02.in
Body File #2: sstar_03.in
Body File #3: sstar_04.in
Body File #4: sstar_05.in
Body File #5: sstar_06.in
Allow files to be overwitten: Yes
Mass Units: Kilograms
Length Units: Meters
Time Units: Seconds
Angle Units: Radians

------- FORMATTING -----
Verbosity Level: 5
Crossover Decade for Scientific Notation: 4
Number of Digits After Decimal: 6
Integration Method: Runge-Kutta4
Direction: Forward
Time Step: 3.155760e+07
Stop Time: 3.152604e+16
Output Interval: 1.577880e+12
Use Variable Timestep: Yes
dEta: 0.010000
Minimum Value of ecc and obl: 1.000000e-10


---- INITIAL SYSTEM PROPERTIES ----
(Age) System Age [sec]: 3.155760e+13 
(Time) Simulation Time [sec]: 0.000000 
(TotAngMom) Total Angular Momentum [kg*m^2/sec]: 9.267362e+43 
(TotEnergy) Total System Energy [kg*m^2/sec^2]: -1.076184e+41 
(PotEnergy) Body's non-orbital Potential Energy [kg*m^2/sec^2]: -6.055739e+39 
(KinEnergy) Body's non-orbital Kinetic Energy [kg*m^2/sec^2]: 2.258530e+38 
(DeltaTime) Average Timestep Over Last Output Interval [sec]: 0.000000 
(Density) Average Density [kg/m^3]: 1456.252683 
(LongP) Body's Longitude of pericenter [rad]: 3.926991 
(LXUVTot) Total XUV Luminosity [LSUN]: 0.000220 

----- BODY: sstar_02 ----
Active Modules: STELLAR
Module Bit Sum: 65
Color: 000000
(Mass) Mass [kg]: 3.976832e+29 
(Radius) Radius [Solar]: 1.503284 
(RadGyra) Radius of Gyration []: 0.443129 
(RotAngMom) Rotational Angular Momentum [kg*m^2/sec]: 6.211404e+42 
(RotVel) Rotational Velocity [m/sec]: 7.605524e+04 
(BodyType) Type of Body (0 == planet) []: 0.000000 
(RotRate) Rotational Frequency [/sec]: 7.272205e-05 
(RotPer) Rotational Period [days]: 1.000000 
(HZLimitDryRunaway) Semi-major axis of Dry Runaway HZ Limit [m]: 6.366037e+10 
(HZLimRecVenus) Recent Venus Habitable Zone Limit [m]: 1.946487e+11 
(HZLimRunaway) Runaway Greenhouse Habitable Zone Limit [m]: 2.567496e+11 
(HZLimMoistGreenhouse) Moist Greenhouse Habitable Zone Limit [m]: 2.575522e+11 
(HZLimMaxGreenhouse) Maximum Greenhouse Habitable Zone Limit [m]: 4.891897e+11 
(HZLimEarlyMars) Early Mars Habitable Zone Limit [m]: 5.335149e+11 
(Instellation) Orbit-averaged INcident STELLar radiATION [kg*m^2/sec^2/(m^2*sec)]: -1.000000 
(CriticalSemiMajorAxis) Holman & Wiegert (1999) P-type Critical Semi-major Axis [m]: -1.000000 
(LostEnergy) Body's Total Lost Energy [kg*m^2/sec^2]: 5.562685e-309 
(LostAngMom) Lost Angular Momentum due to Magnetic Braking [kg*m^2/sec]: 5.562685e-309 
----- STELLAR PARAMETERS (sstar_02)------
(Luminosity) Luminosity [LSUN]: 0.219810 
(LXUVStellar) Base X-ray/XUV Luminosity [LSUN]: 0.000220 
(Temperature) Effective Temperature [K]: 3225.997303 
(LXUVFrac) X-ray/XUV Luminosity Fraction []: 0.001000 
(RossbyNumber) Rossby Number []: 0.016607 
(DRotPerDtStellar) Time Rate of Change of Rotation Period in STELLAR []: 2.221863e-09 
Output Order: Time[year] Luminosity[LSUN] Radius[Solar] Temperature[K] RotPer[days] LXUVTot[LSUN] LXUVStellar[LSUN] Age[year]
Grid Output Order:

----- BODY: sstar_03 ----
Active Modules: STELLAR
Module Bit Sum: 65
Color: 000000
(Mass) Mass [kg]: 5.965248e+29 
(Radius) Radius [Solar]: 1.636349 
(RadGyra) Radius of Gyration []: 0.446096 
(RotAngMom) Rotational Angular Momentum [kg*m^2/sec]: 1.118786e+43 
(RotVel) Rotational Velocity [m/sec]: 8.278737e+04 
(BodyType) Type of Body (0 == planet) []: 0.000000 
(RotRate) Rotational Frequency [/sec]: 7.272205e-05 
(RotPer) Rotational Period [days]: 1.000000 
(HZLimitDryRunaway) Semi-major axis of Dry Runaway HZ Limit [m]: 6.366037e+10 
(HZLimRecVenus) Recent Venus Habitable Zone Limit [m]: 1.946487e+11 
(HZLimRunaway) Runaway Greenhouse Habitable Zone Limit [m]: 2.567496e+11 
(HZLimMoistGreenhouse) Moist Greenhouse Habitable Zone Limit [m]: 2.575522e+11 
(HZLimMaxGreenhouse) Maximum Greenhouse Habitable Zone Limit [m]: 4.891897e+11 
(HZLimEarlyMars) Early Mars Habitable Zone Limit [m]: 5.335149e+11 
(Instellation) Orbit-averaged INcident STELLar radiATION [kg*m^2/sec^2/(m^2*sec)]: 300.604579 
(CriticalSemiMajorAxis) Holman & Wiegert (1999) P-type Critical Semi-major Axis [m]: -1.000000 
(LostEnergy) Body's Total Lost Energy [kg*m^2/sec^2]: 5.562685e-309 
(LostAngMom) Lost Angular Momentum due to Magnetic Braking [kg*m^2/sec]: 5.562685e-309 
----- STELLAR PARAMETERS (sstar_03)------
(Luminosity) Luminosity [LSUN]: 0.332052 
(LXUVStellar) Base X-ray/XUV Luminosity [LSUN]: 0.000332 
(Temperature) Effective Temperature [K]: 3428.040941 
(LXUVFrac) X-ray/XUV Luminosity Fraction []: 0.001000 
(RossbyNumber) Rossby Number []: 0.018417 
(DRotPerDtStellar) Time Rate of Change of Rotation Period in STELLAR []: 1.313769e-09 
Output Order: Time[year] Luminosity[LSUN] Radius[Solar] Temperature[K] RotPer[days] LXUVTot[LSUN] LXUVStellar[LSUN] Age[year]
Grid Output Order:

----- BODY: sstar_04 ----
Active Modules: STELLAR
Module Bit Sum: 65
Color: 000000
(Mass) Mass [kg]: 7.953664e+29 
(Radius) Radius [Solar]: 1.754951 
(RadGyra) Radius of Gyration []: 0.447490 
(RotAngMom) Rotational Angular Momentum [kg*m^2/sec]: 1.726530e+43 
(RotVel) Rotational Velocity [m/sec]: 8.878777e+04 
(BodyType) Type of Body (0 == planet) []: 0.000000 
(RotRate) Rotational Frequency [/sec]: 7.272205e-05 
(RotPer) Rotational Period [days]: 1.000000 
(HZLimitDryRunaway) Semi-major axis of Dry Runaway HZ Limit [m]: 6.366037e+10 
(HZLimRecVenus) Recent Venus Habitable Zone Limit [m]: 1.946487e+11 
(HZLimRunaway) Runaway Greenhouse Habitable Zone Limit [m]: 2.567496e+11 
(HZLimMoistGreenhouse) Moist Greenhouse Habitable Zone Limit [m]: 2.575522e+11 
(HZLimMaxGreenhouse) Maximum Greenhouse Habitable Zone Limit [m]: 4.891897e+11 
(HZLimEarlyMars) Early Mars Habitable Zone Limit [m]: 5.335149e+11 
(Instellation) Orbit-averaged INcident STELLar radiATION [kg*m^2/sec^2/(m^2*sec)]: 300.604579 
(CriticalSemiMajorAxis) Holman & Wiegert (1999) P-type Critical Semi-major Axis [m]: -1.000000 
(LostEnergy) Body's Total Lost Energy [kg*m^2/sec^2]: 5.562685e-309 
(LostAngMom) Lost Angular Momentum due to Magnetic Braking [kg*m^2/sec]: 5.562685e-309 
----- STELLAR PARAMETERS (sstar_04)------
(Luminosity) Luminosity [LSUN]: 0.483089 
(LXUVStellar) Base X-ray/XUV Luminosity [LSUN]: 0.000483 
(Temperature) Effective Temperature [K]: 3634.101057 
(LXUVFrac) X-ray/XUV Luminosity Fraction []: 0.001000 
(RossbyNumber) Rossby Number []: 0.020468 
(DRotPerDtStellar) Time Rate of Change of Rotation Period in STELLAR []: 9.912182e-10 
Output Order: Time[year] Luminosity[LSUN] Radius[Solar] Temperature[K] RotPer[days] LXUVTot[LSUN] LXUVStellar[LSUN] Age[year]
Grid Output Order:

----- BODY: sstar_05 ----
Active Modules: STELLAR
Module Bit Sum: 65
Color: 000000
(Mass) Mass [kg]: 9.942080e+29 
(Radius) Radius [Solar]: 1.877257 
(RadGyra) Radius of Gyration []: 0.448431 
(RotAngMom) Rotational Angular Momentum [kg*m^2/sec]: 2.479854e+43 
(RotVel) Rotational Velocity [m/sec]: 9.497556e+04 
(BodyType) Type of Body (0 == planet) []: 0.000000 
(RotRate) Rotational Frequency [/sec]: 7.272205e-05 
(RotPer) Rotational Period [days]: 1.000000 
(HZLimitDryRunaway) Semi-major axis of Dry Runaway HZ Limit [m]: 6.366037e+10 
(HZLimRecVenus) Recent Venus Habitable Zone Limit [m]: 1.946487e+11 
(HZLimRunaway) Runaway Greenhouse Habitable Zone Limit [m]: 2.567496e+11 
(HZLimMoistGreenhouse) Moist Greenhouse Habitable Zone Limit [m]: 2.575522e+11 
(HZLimMaxGreenhouse) Maximum Greenhouse Habitable Zone Limit [m]: 4.891897e+11 
(HZLimEarlyMars) Early Mars Habitable Zone Limit [m]: 5.335149e+11 
(Instellation) Orbit-averaged INcident STELLar radiATION [kg*m^2/sec^2/(m^2*sec)]: 300.604579 
(CriticalSemiMajorAxis) Holman & Wiegert (1999) P-type Critical Semi-major Axis [m]: -1.000000 
(LostEnergy) Body's Total Lost Energy [kg*m^2/sec^2]: 5.562685e-309 
(LostAngMom) Lost Angular Momentum due to Magnetic Braking [kg*m^2/sec]: 5.562685e-309 
----- STELLAR PARAMETERS (sstar_05)------
(Luminosity) Luminosity [LSUN]: 0.662912 
(LXUVStellar) Base X-ray/XUV Luminosity [LSUN]: 0.000663 
(Temperature) Effective Temperature [K]: 3802.690677 
(LXUVFrac) X-ray/XUV Luminosity Fraction []: 0.001000 
(RossbyNumber) Rossby Number []: 0.022316 
(DRotPerDtStellar) Time Rate of Change of Rotation Period in STELLAR []: 7.731889e-10 
Output Order: Time[year] Luminosity[LSUN] Radius[Solar] Temperature[K] RotPer[days] LXUVTot[LSUN] LXUVStellar[LSUN] Age[year]
Grid Output Order:

----- BODY: sstar_06 ----
Active Modules: STELLAR
Module Bit Sum: 65
Color: 000000
(Mass) Mass [kg]: 1.193050e+30 
(Radius) Radius [Solar]: 1.981071 
(RadGyra) Radius of Gyration []: 0.448904 
(RotAngMom) Rotational Angular Momentum [kg*m^2/sec]: 3.321052e+43 
(RotVel) Rotational Velocity [m/sec]: 1.002278e+05 
(BodyType) Type of Body (0 == planet) []: 0.000000 
(RotRate) Rotational Frequency [/sec]: 7.272205e-05 
(RotPer) Rotational Period [days]: 1.000000 
(HZLimitDryRunaway) Semi-major axis of Dry Runaway HZ Limit [m]: 6.366037e+10 
(HZLimRecVenus) Recent Venus Habitable Zone Limit [m]: 1.946487e+11 
(HZLimRunaway) Runaway Greenhouse Habitable Zone Limit [m]: 2.567496e+11 
(HZLimMoistGreenhouse) Moist Greenhouse Habitable Zone Limit [m]: 2.575522e+11 
(HZLimMaxGreenhouse) Maximum Greenhouse Habitable Zone Limit [m]: 4.891897e+11 
(HZLimEarlyMars) Early Mars Habitable Zone Limit [m]: 5.335149e+11 
(Instellation) Orbit-averaged INcident STELLar radiATION [kg*m^2/sec^2/(m^2*sec)]: 300.604579 
(CriticalSemiMajorAxis) Holman & Wiegert (1999) P-type Critical Semi-major Axis [m]: -1.000000 
(LostEnergy) Body's Total Lost Energy [kg*m^2/sec^2]: 5.562685e-309 
(LostAngMom) Lost Angular Momentum due to Magnetic Braking [kg*m^2/sec]: 5.562685e-309 
----- STELLAR PARAMETERS (sstar_06)------
(Luminosity) Luminosity [LSUN]: 0.864128 
(LXUVStellar) Base X-ray/XUV Luminosity [LSUN]: 0.000864 
(Temperature) Effective Temperature [K]: 3955.915442 
(LXUVFrac) X-ray/XUV Luminosity Fraction []: 0.001000 
(RossbyNumber) Rossby Number []: 0.024141 
(DRotPerDtStellar) Time Rate of Change of Rotation Period in STELLAR []: 6.368520e-10 
Output Order: Time[year] Luminosity[LSUN] Radius[Solar] Temperature[K] RotPer[days] LXUVTot[LSUN] LXUVStellar[LSUN] Age[year]
Grid Output Order:



---- FINAL SYSTEM PROPERTIES ----
(Age) System Age [sec]: 3.155760e+16 
(Time) Simulation Time [sec]: 3.152604e+16 
(TotAngMom) Total Angular Momentum [kg*m^2/sec]: 9.214500e+43 
(TotEnergy) Total System Energy [kg*m^2/sec^2]: -1.079228e+41 
(PotEnergy) Body's non-orbital Potential Energy [kg*m^2/sec^2]: -4.195159e+40 
(KinEnergy) Body's non-orbital Kinetic Energy [kg*m^2/sec^2]: 5.157535e+36 
(DeltaTime) Average Timestep Over Last Output Interval [sec]: 1.148209e+07 
(Density) Average Density [kg/m^3]: 4.841508e+05 
(LongP) Body's Longitude of pericenter [rad]: 3.926991 
(LXUVTot) Total XUV Luminosity [LSUN]: 2.811901e-07 

----- BODY: sstar_02 ----
Active Modules: STELLAR
Module Bit Sum: 65
Color: 000000
(Mass) Mass [kg]: 3.976832e+29 
(Radius) Radius [Solar]: 0.217000 
(RadGyra) Radius of Gyration []: 0.460200 
(RotAngMom) Rotational Angular Momentum [kg*m^2/sec]: 1.407126e+41 
(RotVel) Rotational Velocity [m/sec]: 1.106677e+04 
(BodyType) Type of Body (0 == planet) []: 0.000000 
(RotRate) Rotational Frequency [/sec]: 7.330593e-05 
(RotPer) Rotational Period [days]: 0.992035 
(HZLimitDryRunaway) Semi-major axis of Dry Runaway HZ Limit [m]: 9.383085e+09 
(HZLimRecVenus) Recent Venus Habitable Zone Limit [m]: 4.504746e+10 
(HZLimRunaway) Runaway Greenhouse Habitable Zone Limit [m]: 5.943817e+10 
(HZLimMoistGreenhouse) Moist Greenhouse Habitable Zone Limit [m]: 5.960518e+10 
(HZLimMaxGreenhouse) Maximum Greenhouse Habitable Zone Limit [m]: 1.130616e+11 
(HZLimEarlyMars) Early Mars Habitable Zone Limit [m]: 1.233064e+11 
(Instellation) Orbit-averaged INcident STELLar radiATION [kg*m^2/sec^2/(m^2*sec)]: -1.000000 
(CriticalSemiMajorAxis) Holman & Wiegert (1999) P-type Critical Semi-major Axis [m]: -1.000000 
(LostEnergy) Body's Total Lost Energy [kg*m^2/sec^2]: 3.609288e+40 
(LostAngMom) Lost Angular Momentum due to Magnetic Braking [kg*m^2/sec]: 6.024854e+42 
----- STELLAR PARAMETERS (sstar_02)------
(Luminosity) Luminosity [LSUN]: 0.004775 
(LXUVStellar) Base X-ray/XUV Luminosity [LSUN]: 2.811901e-07 
(Temperature) Effective Temperature [K]: 3261.001511 
(LXUVFrac) X-ray/XUV Luminosity Fraction []: 5.888437e-05 
(RossbyNumber) Rossby Number []: 0.016773 
(DRotPerDtStellar) Time Rate of Change of Rotation Period in STELLAR []: 4.256709e-12 
Output Order: Time[year] Luminosity[LSUN] Radius[Solar] Temperature[K] RotPer[days] LXUVTot[LSUN] LXUVStellar[LSUN] Age[year]
Grid Output Order:

----- BODY: sstar_03 ----
Active Modules: STELLAR
Module Bit Sum: 65
Color: 000000
(Mass) Mass [kg]: 5.965248e+29 
(Radius) Radius [Solar]: 0.291000 
(RadGyra) Radius of Gyration []: 0.458000 
(RotAngMom) Rotational Angular Momentum [kg*m^2/sec]: 1.996980e+41 
(RotVel) Rotational Velocity [m/sec]: 7883.141407 
(BodyType) Type of Body (0 == planet) []: 0.000000 
(RotRate) Rotational Frequency [/sec]: 3.893896e-05 
(RotPer) Rotational Period [days]: 1.867591 
(HZLimitDryRunaway) Semi-major axis of Dry Runaway HZ Limit [m]: 9.383085e+09 
(HZLimRecVenus) Recent Venus Habitable Zone Limit [m]: 4.504746e+10 
(HZLimRunaway) Runaway Greenhouse Habitable Zone Limit [m]: 5.943817e+10 
(HZLimMoistGreenhouse) Moist Greenhouse Habitable Zone Limit [m]: 5.960518e+10 
(HZLimMaxGreenhouse) Maximum Greenhouse Habitable Zone Limit [m]: 1.130616e+11 
(HZLimEarlyMars) Early Mars Habitable Zone Limit [m]: 1.233064e+11 
(Instellation) Orbit-averaged INcident STELLar radiATION [kg*m^2/sec^2/(m^2*sec)]: 6.530532 
(CriticalSemiMajorAxis) Holman & Wiegert (1999) P-type Critical Semi-major Axis [m]: -1.000000 
(LostEnergy) Body's Total Lost Energy [kg*m^2/sec^2]: 5.823130e+40 
(LostAngMom) Lost Angular Momentum due to Magnetic Braking [kg*m^2/sec]: 1.091192e+43 
----- STELLAR PARAMETERS (sstar_03)------
(Luminosity) Luminosity [LSUN]: 0.010328 
(LXUVStellar) Base X-ray/XUV Luminosity [LSUN]: 6.081350e-07 
(Temperature) Effective Temperature [K]: 3415.002296 
(LXUVFrac) X-ray/XUV Luminosity Fraction []: 5.888437e-05 
(RossbyNumber) Rossby Number []: 0.034167 
(DRotPerDtStellar) Time Rate of Change of Rotation Period in STELLAR []: 1.094670e-11 
Output Order: Time[year] Luminosity[LSUN] Radius[Solar] Temperature[K] RotPer[days] LXUVTot[LSUN] LXUVStellar[LSUN] Age[year]
Grid Output Order:

----- BODY: sstar_04 ----
Active Modules: STELLAR
Module Bit Sum: 65
Color: 000000
(Mass) Mass [kg]: 7.953664e+29 
(Radius) Radius [Solar]: 0.372010 
(RadGyra) Radius of Gyration []: 0.450361 
(RotAngMom) Rotational Angular Momentum [kg*m^2/sec]: 1.627908e+41 
(RotVel) Rotational Velocity [m/sec]: 3899.097798 
(BodyType) Type of Body (0 == planet) []: 0.000000 
(RotRate) Rotational Frequency [/sec]: 1.506562e-05 
(RotPer) Rotational Period [days]: 4.827021 
(HZLimitDryRunaway) Semi-major axis of Dry Runaway HZ Limit [m]: 9.383085e+09 
(HZLimRecVenus) Recent Venus Habitable Zone Limit [m]: 4.504746e+10 
(HZLimRunaway) Runaway Greenhouse Habitable Zone Limit [m]: 5.943817e+10 
(HZLimMoistGreenhouse) Moist Greenhouse Habitable Zone Limit [m]: 5.960518e+10 
(HZLimMaxGreenhouse) Maximum Greenhouse Habitable Zone Limit [m]: 1.130616e+11 
(HZLimEarlyMars) Early Mars Habitable Zone Limit [m]: 1.233064e+11 
(Instellation) Orbit-averaged INcident STELLar radiATION [kg*m^2/sec^2/(m^2*sec)]: 6.530532 
(CriticalSemiMajorAxis) Holman & Wiegert (1999) P-type Critical Semi-major Axis [m]: -1.000000 
(LostEnergy) Body's Total Lost Energy [kg*m^2/sec^2]: 7.771706e+40 
(LostAngMom) Lost Angular Momentum due to Magnetic Braking [kg*m^2/sec]: 1.701261e+43 
----- STELLAR PARAMETERS (sstar_04)------
(Luminosity) Luminosity [LSUN]: 0.019080 
(LXUVStellar) Base X-ray/XUV Luminosity [LSUN]: 1.123491e-06 
(Temperature) Effective Temperature [K]: 3520.002728 
(LXUVFrac) X-ray/XUV Luminosity Fraction []: 5.888437e-05 
(RossbyNumber) Rossby Number []: 0.093190 
(DRotPerDtStellar) Time Rate of Change of Rotation Period in STELLAR []: 4.138677e-11 
Output Order: Time[year] Luminosity[LSUN] Radius[Solar] Temperature[K] RotPer[days] LXUVTot[LSUN] LXUVStellar[LSUN] Age[year]
Grid Output Order:

----- BODY: sstar_05 ----
Active Modules: STELLAR
Module Bit Sum: 65
Color: 000000
(Mass) Mass [kg]: 9.942080e+29 
(Radius) Radius [Solar]: 0.460000 
(RadGyra) Radius of Gyration []: 0.421689 
(RotAngMom) Rotational Angular Momentum [kg*m^2/sec]: 9.871471e+40 
(RotVel) Rotational Velocity [m/sec]: 1744.778205 
(BodyType) Type of Body (0 == planet) []: 0.000000 
(RotRate) Rotational Frequency [/sec]: 5.452057e-06 
(RotPer) Rotational Period [days]: 13.338461 
(HZLimitDryRunaway) Semi-major axis of Dry Runaway HZ Limit [m]: 9.383085e+09 
(HZLimRecVenus) Recent Venus Habitable Zone Limit [m]: 4.504746e+10 
(HZLimRunaway) Runaway Greenhouse Habitable Zone Limit [m]: 5.943817e+10 
(HZLimMoistGreenhouse) Moist Greenhouse Habitable Zone Limit [m]: 5.960518e+10 
(HZLimMaxGreenhouse) Maximum Greenhouse Habitable Zone Limit [m]: 1.130616e+11 
(HZLimEarlyMars) Early Mars Habitable Zone Limit [m]: 1.233064e+11 
(Instellation) Orbit-averaged INcident STELLar radiATION [kg*m^2/sec^2/(m^2*sec)]: 6.530532 
(CriticalSemiMajorAxis) Holman & Wiegert (1999) P-type Critical Semi-major Axis [m]: -1.000000 
(LostEnergy) Body's Total Lost Energy [kg*m^2/sec^2]: 9.419230e+40 
(LostAngMom) Lost Angular Momentum due to Magnetic Braking [kg*m^2/sec]: 2.456113e+43 
----- STELLAR PARAMETERS (sstar_05)------
(Luminosity) Luminosity [LSUN]: 0.034834 
(LXUVStellar) Base X-ray/XUV Luminosity [LSUN]: 2.051162e-06 
(Temperature) Effective Temperature [K]: 3680.001536 
(LXUVFrac) X-ray/XUV Luminosity Fraction []: 5.888437e-05 
(RossbyNumber) Rossby Number []: 0.279512 
(DRotPerDtStellar) Time Rate of Change of Rotation Period in STELLAR []: 2.980814e-11 
Output Order: Time[year] Luminosity[LSUN] Radius[Solar] Temperature[K] RotPer[days] LXUVTot[LSUN] LXUVStellar[LSUN] Age[year]
Grid Output Order:

----- BODY: sstar_06 ----
Active Modules: STELLAR
Module Bit Sum: 65
Color: 000000
(Mass) Mass [kg]: 1.193050e+30 
(Radius) Radius [Solar]: 0.554000 
(RadGyra) Radius of Gyration []: 0.390388 
(RotAngMom) Rotational Angular Momentum [kg*m^2/sec]: 1.129033e+41 
(RotVel) Rotational Velocity [m/sec]: 1611.104022 
(BodyType) Type of Body (0 == planet) []: 0.000000 
(RotRate) Rotational Frequency [/sec]: 4.180149e-06 
(RotPer) Rotational Period [days]: 17.396998 
(HZLimitDryRunaway) Semi-major axis of Dry Runaway HZ Limit [m]: 9.383085e+09 
(HZLimRecVenus) Recent Venus Habitable Zone Limit [m]: 4.504746e+10 
(HZLimRunaway) Runaway Greenhouse Habitable Zone Limit [m]: 5.943817e+10 
(HZLimMoistGreenhouse) Moist Greenhouse Habitable Zone Limit [m]: 5.960518e+10 
(HZLimMaxGreenhouse) Maximum Greenhouse Habitable Zone Limit [m]: 1.130616e+11 
(HZLimEarlyMars) Early Mars Habitable Zone Limit [m]: 1.233064e+11 
(Instellation) Orbit-averaged INcident STELLar radiATION [kg*m^2/sec^2/(m^2*sec)]: 6.530532 
(CriticalSemiMajorAxis) Holman & Wiegert (1999) P-type Critical Semi-major Axis [m]: -1.000000 
(LostEnergy) Body's Total Lost Energy [kg*m^2/sec^2]: 1.076361e+41 
(LostAngMom) Lost Angular Momentum due to Magnetic Braking [kg*m^2/sec]: 3.291967e+43 
----- STELLAR PARAMETERS (sstar_06)------
(Luminosity) Luminosity [LSUN]: 0.068391 
(LXUVStellar) Base X-ray/XUV Luminosity [LSUN]: 4.027170e-06 
(Temperature) Effective Temperature [K]: 3966.998169 
(LXUVFrac) X-ray/XUV Luminosity Fraction []: 5.888437e-05 
(RossbyNumber) Rossby Number []: 0.422369 
(DRotPerDtStellar) Time Rate of Change of Rotation Period in STELLAR []: 2.149934e-11 
Output Order: Time[year] Luminosity[LSUN] Radius[Solar] Temperature[K] RotPer[days] LXUVTot[LSUN] LXUVStellar[LSUN] Age[year]
Grid Output Order:
