-------- Log file flare.log -------

Executable: vplanet
Version: v1.0.0-849-g49f94ffea4d0ff04e0507ac59917839499b89503
System Name: flare
Primary Input File: vpl.in
Body File #1: star.in
Body File #2: b.in
Allow files to be overwitten: Yes
Mass Units: Kilograms
Length Units: Meters
Time Units: Seconds
Angle Units: Radians

------- FORMATTING -----
Verbosity Level: 5
Crossover Decade for Scientific Notation: 4
Number of Digits After Decimal: 10
Integration Method: Runge-Kutta4
Direction: Forward
Time Step: 3.1557600000e+07
Stop Time: 1.5778800000e+16
Output Interval: 1.5778800000e+16
Use Variable Timestep: Yes
dEta: 0.0100000000
Minimum Value of ecc and obl: 1.0000000000e-10


---- INITIAL SYSTEM PROPERTIES ----
(Age) System Age [sec]: 1.5778800000e+16 
(Time) Simulation Time [sec]: 0.0000000000 
(TotAngMom) Total Angular Momentum [kg*m^2/sec]: 1.0294591100e+42 
(TotEnergy) Total System Energy [kg*m^2/sec^2]: -1.1212367317e+41 
(PotEnergy) Body's non-orbital Potential Energy [kg*m^2/sec^2]: -1.1216045491e+41 
(KinEnergy) Body's non-orbital Kinetic Energy [kg*m^2/sec^2]: 3.6783117419e+37 
(DeltaTime) Average Timestep Over Last Output Interval [sec]: 0.0000000000 
(Density) Average Density [kg/m^3]: 1.6045086520e+05 
(LongP) Body's Longitude of pericenter [rad]: 3.9269908170 
(LXUVTot) Total XUV Luminosity [kg*m^2/sec^2/(m^2*sec)]: 1.3448061427e+21 

----- BODY: star ----
Active Modules: STELLAR
Module Bit Sum: 65
Color: 000000
(Mass) Mass [kg]: 8.9478720000e+29 
(Radius) Radius [m]: 2.8586134732e+08 
(RadGyra) Radius of Gyration []: 0.4361720385 
(RotAngMom) Rotational Angular Momentum [kg*m^2/sec]: 1.0116083450e+42 
(RotVel) Rotational Velocity [m/sec]: 2.0788423812e+04 
(BodyType) Type of Body (0 == planet) []: 0.0000000000 
(RotRate) Rotational Frequency [/sec]: 7.2722052166e-05 
(RotPer) Rotational Period [sec]: 8.6400000000e+04 
(HZLimitDryRunaway) Semi-major axis of Dry Runaway HZ Limit [m]: 2.1604161677e+10 
(HZLimRecVenus) Recent Venus Habitable Zone Limit [AU]: 0.1283305898 
(HZLimRunaway) Runaway Greenhouse Habitable Zone Limit [m]: 2.5404905304e+10 
(HZLimMoistGreenhouse) Moist Greenhouse Habitable Zone Limit [m]: 2.5402050168e+10 
(HZLimMaxGreenhouse) Maximum Greenhouse Habitable Zone Limit [AU]: 0.3179291651 
(HZLimEarlyMars) Early Mars Habitable Zone Limit [AU]: 0.3467503221 
(Instellation) Orbit-averaged INcident STELLar radiATION [kg*m^2/sec^2/(m^2*sec)]: -1.0000000000 
(CriticalSemiMajorAxis) Holman & Wiegert (1999) P-type Critical Semi-major Axis [m]: -1.0000000000 
(LostEnergy) Body's Total Lost Energy [kg*m^2/sec^2]: 5.5626846463e-309 
(LostAngMom) Lost Angular Momentum due to Magnetic Braking [kg*m^2/sec]: 5.5626846463e-309 
----- STELLAR PARAMETERS (star)------
(Luminosity) Luminosity [LSUN]: 0.0253153251 
(LXUVStellar) Base X-ray/XUV Luminosity [kg*m^2/sec^3]: 1.3448061427e+21 
(Temperature) Effective Temperature [K]: 3592.4549030462 
(LXUVFrac) X-ray/XUV Luminosity Fraction []: 0.0001381233 
(RossbyNumber) Rossby Number []: 0.0200360023 
(DRotPerDtStellar) Time Rate of Change of Rotation Period in STELLAR []: 1.0464619986e-11 
Output Order: Age[year] Luminosity[LSUN] HZLimRunaway[AU] HZLimMaxGreenhouse[AU] HZLimRecVenus[AU] HZLimEarlyMars[AU] Instellation[solar*AU^2/year^2/(AU^2*year)]
Grid Output Order:

----- BODY: b ----
Active Modules: AtmEsc
Module Bit Sum: 9
Color: 000000
(Mass) Mass [kg]: 5.9721860000e+24 
(Radius) Radius [m]: 7.7072846771e+06 
(RadGyra) Radius of Gyration []: 0.5000000000 
(BodyType) Type of Body (0 == planet) []: 0.0000000000 
(HZLimitDryRunaway) Semi-major axis of Dry Runaway HZ Limit [m]: 2.1604161677e+10 
(HZLimRecVenus) Recent Venus Habitable Zone Limit [m]: 1.9197982986e+10 
(HZLimRunaway) Runaway Greenhouse Habitable Zone Limit [m]: 2.5404905304e+10 
(HZLimMoistGreenhouse) Moist Greenhouse Habitable Zone Limit [m]: 2.5402050168e+10 
(HZLimMaxGreenhouse) Maximum Greenhouse Habitable Zone Limit [m]: 4.7561526138e+10 
(HZLimEarlyMars) Early Mars Habitable Zone Limit [m]: 5.1873109856e+10 
(Instellation) Orbit-averaged INcident STELLar radiATION [kg*m^2/sec^2/(m^2*sec)]: 34.6204015967 
(MeanMotion) Orbital Mean Motion [/sec]: 1.3355969660e-07 
(OrbPeriod) Orbital Period [sec]: 4.7044022016e+07 
(SemiMajorAxis) Semi-major Axis [m]: 1.4959787070e+11 
----- ATMESC PARAMETERS (b)------
(SurfWaterMass) Surface water mass [kg]: 1.3900000000e+21 
(EnvelopeMass) Envelope mass [kg]: 5.9721860000e+21 
(OxygenMass) Oxygen mass in the atmosphere [kg]: 0.0000000000 
(RGLimit) Runaway greenhouse semi-major axis [AU]: 0.1647551749 
(XO) Atomic oxygen mixing ratio in upper atmosphere []: 0.3333333333 
(EtaO) Oxygen eta parameter (Luger and Barnes 2015) []: 0.0000000000 
(PlanetRadius) Planet radius [m]: 7.7072846771e+06 
(OxygenMantleMass) Mass of oxygen in mantle [kg]: 0.0000000000 
(RadXUV) XUV radius separating hydro. dyn. escape and equilibrium [m]: -1.0000000000 
(RadSolid) Radius to the solid surface [m]: -1.0000000000 
(PresXUV) Pressure at base of thermosphere []: 5.0000000000 
(ScaleHeight) Scale height in Lehmer & Catling (2016) model [m]: -1.0000000000 
(ThermTemp) Isothermal atmospheric temperature [K]: 400.0000000000 
(AtmGasConst) Atmospheric gas constant []: 4124.0000000000 
(PresSurf) Surface pressure due to atmosphere [Pa]: -1.0000000000 
(DEnvMassDt) Envelope Mass Loss Rate [kg/s]: -2588.2521398515 
(FXUV) XUV flux [W/m^2]: 0.0047818836 
(AtmXAbsEffH2O) XUV atmospheric escape efficiency for H2O []: 0.1316015957 
(RocheRadius) Roche Lobe Radius [m]: 1.9529427604e+09 
(BondiRadius) Bondi Radius [m]: 3.0006962236e+07 
(HEscapeRegime) Integer flag for H envelope escape regime []: 3.0000000000 
(RRCriticalFlux) Critical XUV Flux that separates RR and energy-limited escape [W/m^2]: 30.4374083865 
(RGDuration) Runaway Greenhouse Duration [years]: 5.00000e+08
Output Order: Time[year] Age[year] RGLimit[AU]
Grid Output Order:



---- FINAL SYSTEM PROPERTIES ----
(Age) System Age [sec]: 3.1557600000e+16 
(Time) Simulation Time [sec]: 1.5778800000e+16 
(TotAngMom) Total Angular Momentum [kg*m^2/sec]: 1.0295176737e+42 
(TotEnergy) Total System Energy [kg*m^2/sec^2]: -1.1212005773e+41 
(PotEnergy) Body's non-orbital Potential Energy [kg*m^2/sec^2]: -1.1099993950e+41 
(KinEnergy) Body's non-orbital Kinetic Energy [kg*m^2/sec^2]: 7.5762563874e+35 
(DeltaTime) Average Timestep Over Last Output Interval [sec]: 1.0358301057e+12 
(Density) Average Density [kg/m^3]: 1.5552170303e+05 
(LongP) Body's Longitude of pericenter [rad]: 3.9269908170 
(LXUVTot) Total XUV Luminosity [kg*m^2/sec^2/(m^2*sec)]: 5.8162472914e+20 

----- BODY: star ----
Active Modules: STELLAR
Module Bit Sum: 65
Color: 000000
(Mass) Mass [kg]: 8.9478720000e+29 
(Radius) Radius [m]: 2.8885005613e+08 
(RadGyra) Radius of Gyration []: 0.4375038774 
(RotAngMom) Rotational Angular Momentum [kg*m^2/sec]: 1.4714874871e+41 
(RotVel) Rotational Velocity [m/sec]: 2974.4080081360 
(BodyType) Type of Body (0 == planet) []: 0.0000000000 
(RotRate) Rotational Frequency [/sec]: 1.0297411910e-05 
(RotPer) Rotational Period [sec]: 6.1017130928e+05 
(HZLimitDryRunaway) Semi-major axis of Dry Runaway HZ Limit [m]: 2.1760178602e+10 
(HZLimRecVenus) Recent Venus Habitable Zone Limit [AU]: 0.1292676562 
(HZLimRunaway) Runaway Greenhouse Habitable Zone Limit [m]: 2.5589698688e+10 
(HZLimMoistGreenhouse) Moist Greenhouse Habitable Zone Limit [m]: 2.5587535522e+10 
(HZLimMaxGreenhouse) Maximum Greenhouse Habitable Zone Limit [AU]: 0.3202946584 
(HZLimEarlyMars) Early Mars Habitable Zone Limit [AU]: 0.3493300823 
(Instellation) Orbit-averaged INcident STELLar radiATION [kg*m^2/sec^2/(m^2*sec)]: -1.0000000000 
(CriticalSemiMajorAxis) Holman & Wiegert (1999) P-type Critical Semi-major Axis [m]: -1.0000000000 
(LostEnergy) Body's Total Lost Energy [kg*m^2/sec^2]: -1.1208744711e+39 
(LostAngMom) Lost Angular Momentum due to Magnetic Braking [kg*m^2/sec]: 8.6451823598e+41 
----- STELLAR PARAMETERS (star)------
(Luminosity) Luminosity [LSUN]: 0.0256822804 
(LXUVStellar) Base X-ray/XUV Luminosity [kg*m^2/sec^3]: 5.8162472914e+20 
(Temperature) Effective Temperature [K]: 3589.0468295144 
(LXUVFrac) X-ray/XUV Luminosity Fraction []: 5.8884365536e-05 
(RossbyNumber) Rossby Number []: 0.1412507431 
(DRotPerDtStellar) Time Rate of Change of Rotation Period in STELLAR []: 7.5721361356e-11 
Output Order: Age[year] Luminosity[LSUN] HZLimRunaway[AU] HZLimMaxGreenhouse[AU] HZLimRecVenus[AU] HZLimEarlyMars[AU] Instellation[solar*AU^2/year^2/(AU^2*year)]
Grid Output Order:

----- BODY: b ----
Active Modules: AtmEsc
Module Bit Sum: 9
Color: 000000
(Mass) Mass [kg]: 5.9721606451e+24 
(Radius) Radius [m]: 7.5917685856e+06 
(RadGyra) Radius of Gyration []: 0.5000000000 
(BodyType) Type of Body (0 == planet) []: 0.0000000000 
(HZLimitDryRunaway) Semi-major axis of Dry Runaway HZ Limit [m]: 2.1760178602e+10 
(HZLimRecVenus) Recent Venus Habitable Zone Limit [m]: 1.9338166112e+10 
(HZLimRunaway) Runaway Greenhouse Habitable Zone Limit [m]: 2.5589698688e+10 
(HZLimMoistGreenhouse) Moist Greenhouse Habitable Zone Limit [m]: 2.5587535522e+10 
(HZLimMaxGreenhouse) Maximum Greenhouse Habitable Zone Limit [m]: 4.7915398886e+10 
(HZLimEarlyMars) Early Mars Habitable Zone Limit [m]: 5.2259036485e+10 
(Instellation) Orbit-averaged INcident STELLar radiATION [kg*m^2/sec^2/(m^2*sec)]: 35.1222374893 
(MeanMotion) Orbital Mean Motion [/sec]: 1.3355969660e-07 
(OrbPeriod) Orbital Period [sec]: 4.7044022016e+07 
(SemiMajorAxis) Semi-major Axis [m]: 1.4959787070e+11 
----- ATMESC PARAMETERS (b)------
(SurfWaterMass) Surface water mass [kg]: 1.3900000000e+21 
(EnvelopeMass) Envelope mass [kg]: 5.9468310551e+21 
(OxygenMass) Oxygen mass in the atmosphere [kg]: 0.0000000000 
(RGLimit) Runaway greenhouse semi-major axis [AU]: 0.1659528504 
(XO) Atomic oxygen mixing ratio in upper atmosphere []: 0.3333333333 
(EtaO) Oxygen eta parameter (Luger and Barnes 2015) []: 0.0000000000 
(PlanetRadius) Planet radius [m]: 7.5917685856e+06 
(OxygenMantleMass) Mass of oxygen in mantle [kg]: 0.0000000000 
(RadXUV) XUV radius separating hydro. dyn. escape and equilibrium [m]: -1.0000000000 
(RadSolid) Radius to the solid surface [m]: -1.0000000000 
(PresXUV) Pressure at base of thermosphere []: 5.0000000000 
(ScaleHeight) Scale height in Lehmer & Catling (2016) model [m]: -1.0000000000 
(ThermTemp) Isothermal atmospheric temperature [K]: 400.0000000000 
(AtmGasConst) Atmospheric gas constant []: 4124.0000000000 
(PresSurf) Surface pressure due to atmosphere [Pa]: -1.0000000000 
(DEnvMassDt) Envelope Mass Loss Rate [kg/s]: -1069.8566211575 
(FXUV) XUV flux [W/m^2]: 0.0020681507 
(AtmXAbsEffH2O) XUV atmospheric escape efficiency for H2O []: 0.1299021085 
(RocheRadius) Roche Lobe Radius [m]: 1.9529399966e+09 
(BondiRadius) Bondi Radius [m]: 2.9879537990e+07 
(HEscapeRegime) Integer flag for H envelope escape regime []: 3.0000000000 
(RRCriticalFlux) Critical XUV Flux that separates RR and energy-limited escape [W/m^2]: 31.8477900111 
(RGDuration) Runaway Greenhouse Duration [years]: 5.00000e+08
Output Order: Time[year] Age[year] RGLimit[AU]
Grid Output Order:
