-------- Log file flare.log -------

Executable: vplanet
Version: v1.0.0-849-g49f94ffea4d0ff04e0507ac59917839499b89503
System Name: flare
Primary Input File: vpl.in
Body File #1: star.in
Body File #2: b.in
Allow files to be overwitten: Yes
Mass Units: Kilograms
Length Units: Meters
Time Units: Seconds
Angle Units: Radians

------- FORMATTING -----
Verbosity Level: 5
Crossover Decade for Scientific Notation: 4
Number of Digits After Decimal: 10
Integration Method: Runge-Kutta4
Direction: Forward
Time Step: 3.1557600000e+07
Stop Time: 1.5778800000e+16
Output Interval: 1.5778800000e+16
Use Variable Timestep: Yes
dEta: 0.0100000000
Minimum Value of ecc and obl: 1.0000000000e-10


---- INITIAL SYSTEM PROPERTIES ----
(Age) System Age [sec]: 1.5778800000e+16 
(Time) Simulation Time [sec]: 0.0000000000 
(TotAngMom) Total Angular Momentum [kg*m^2/sec]: 2.4478672686e+41 
(TotEnergy) Total System Energy [kg*m^2/sec^2]: -5.6831402667e+40 
(PotEnergy) Body's non-orbital Potential Energy [kg*m^2/sec^2]: -5.6839818728e+40 
(KinEnergy) Body's non-orbital Kinetic Energy [kg*m^2/sec^2]: 8.4169079906e+36 
(DeltaTime) Average Timestep Over Last Output Interval [sec]: 0.0000000000 
(Density) Average Density [kg/m^3]: 3.9458752906e+05 
(LongP) Body's Longitude of pericenter [rad]: 3.9269908170 
(LXUVTot) Total XUV Luminosity [kg*m^2/sec^2/(m^2*sec)]: 3.6598386703e+20 

----- BODY: star ----
Active Modules: STELLAR
Module Bit Sum: 65
Color: 000000
(Mass) Mass [kg]: 4.9710400000e+29 
(Radius) Radius [m]: 1.7409949201e+08 
(RadGyra) Radius of Gyration []: 0.4596254086 
(RotAngMom) Rotational Angular Momentum [kg*m^2/sec]: 2.3148158612e+41 
(RotVel) Rotational Velocity [m/sec]: 1.2660872340e+04 
(BodyType) Type of Body (0 == planet) []: 0.0000000000 
(RotRate) Rotational Frequency [/sec]: 7.2722052166e-05 
(RotPer) Rotational Period [sec]: 8.6400000000e+04 
(HZLimitDryRunaway) Semi-major axis of Dry Runaway HZ Limit [m]: 1.1270379693e+10 
(HZLimRecVenus) Recent Venus Habitable Zone Limit [AU]: 0.0673271152 
(HZLimRunaway) Runaway Greenhouse Habitable Zone Limit [m]: 1.3298405384e+10 
(HZLimMoistGreenhouse) Moist Greenhouse Habitable Zone Limit [m]: 1.3326895682e+10 
(HZLimMaxGreenhouse) Maximum Greenhouse Habitable Zone Limit [AU]: 0.1685028454 
(HZLimEarlyMars) Early Mars Habitable Zone Limit [AU]: 0.1837723762 
(Instellation) Orbit-averaged INcident STELLar radiATION [kg*m^2/sec^2/(m^2*sec)]: -1.0000000000 
(CriticalSemiMajorAxis) Holman & Wiegert (1999) P-type Critical Semi-major Axis [m]: -1.0000000000 
(LostEnergy) Body's Total Lost Energy [kg*m^2/sec^2]: 5.5626846463e-309 
(LostAngMom) Lost Angular Momentum due to Magnetic Braking [kg*m^2/sec]: 5.5626846463e-309 
----- STELLAR PARAMETERS (star)------
(Luminosity) Luminosity [LSUN]: 0.0068894693 
(LXUVStellar) Base X-ray/XUV Luminosity [kg*m^2/sec^3]: 3.6598386703e+20 
(Temperature) Effective Temperature [K]: 3334.5119157938 
(LXUVFrac) X-ray/XUV Luminosity Fraction []: 0.0001381233 
(RossbyNumber) Rossby Number []: 0.0175559340 
(DRotPerDtStellar) Time Rate of Change of Rotation Period in STELLAR []: 4.7634185204e-12 
Output Order: Age[year] Luminosity[LSUN] HZLimRunaway[AU] HZLimMaxGreenhouse[AU] HZLimRecVenus[AU] HZLimEarlyMars[AU] Instellation[solar*AU^2/year^2/(AU^2*year)]
Grid Output Order:

----- BODY: b ----
Active Modules: AtmEsc
Module Bit Sum: 9
Color: 000000
(Mass) Mass [kg]: 5.9721860000e+24 
(Radius) Radius [m]: 7.7072846771e+06 
(RadGyra) Radius of Gyration []: 0.5000000000 
(BodyType) Type of Body (0 == planet) []: 0.0000000000 
(HZLimitDryRunaway) Semi-major axis of Dry Runaway HZ Limit [m]: 1.1270379693e+10 
(HZLimRecVenus) Recent Venus Habitable Zone Limit [m]: 1.0071993081e+10 
(HZLimRunaway) Runaway Greenhouse Habitable Zone Limit [m]: 1.3298405384e+10 
(HZLimMoistGreenhouse) Moist Greenhouse Habitable Zone Limit [m]: 1.3326895682e+10 
(HZLimMaxGreenhouse) Maximum Greenhouse Habitable Zone Limit [m]: 2.5207666871e+10 
(HZLimEarlyMars) Early Mars Habitable Zone Limit [m]: 2.7491956180e+10 
(Instellation) Orbit-averaged INcident STELLar radiATION [kg*m^2/sec^2/(m^2*sec)]: 9.4218103654 
(MeanMotion) Orbital Mean Motion [/sec]: 9.9549785988e-08 
(OrbPeriod) Orbital Period [sec]: 6.3116010193e+07 
(SemiMajorAxis) Semi-major Axis [m]: 1.4959787070e+11 
----- ATMESC PARAMETERS (b)------
(SurfWaterMass) Surface water mass [kg]: 1.3900000000e+21 
(EnvelopeMass) Envelope mass [kg]: 5.9721860000e+21 
(OxygenMass) Oxygen mass in the atmosphere [kg]: 0.0000000000 
(RGLimit) Runaway greenhouse semi-major axis [AU]: 0.0862201141 
(XO) Atomic oxygen mixing ratio in upper atmosphere []: 0.3333333333 
(EtaO) Oxygen eta parameter (Luger and Barnes 2015) []: 0.0000000000 
(PlanetRadius) Planet radius [m]: 7.7072846771e+06 
(OxygenMantleMass) Mass of oxygen in mantle [kg]: 0.0000000000 
(RadXUV) XUV radius separating hydro. dyn. escape and equilibrium [m]: -1.0000000000 
(RadSolid) Radius to the solid surface [m]: -1.0000000000 
(PresXUV) Pressure at base of thermosphere []: 5.0000000000 
(ScaleHeight) Scale height in Lehmer & Catling (2016) model [m]: -1.0000000000 
(ThermTemp) Isothermal atmospheric temperature [K]: 400.0000000000 
(AtmGasConst) Atmospheric gas constant []: 4124.0000000000 
(PresSurf) Surface pressure due to atmosphere [Pa]: -1.0000000000 
(DEnvMassDt) Envelope Mass Loss Rate [kg/s]: -704.3829567180 
(FXUV) XUV flux [W/m^2]: 0.0013013714 
(AtmXAbsEffH2O) XUV atmospheric escape efficiency for H2O []: 0.1277763118 
(RocheRadius) Roche Lobe Radius [m]: 2.3756384709e+09 
(BondiRadius) Bondi Radius [m]: 4.1424764605e+07 
(HEscapeRegime) Integer flag for H envelope escape regime []: 3.0000000000 
(RRCriticalFlux) Critical XUV Flux that separates RR and energy-limited escape [W/m^2]: 30.4374083865 
(RGDuration) Runaway Greenhouse Duration [years]: 5.00000e+08
Output Order: Time[year] Age[year] RGLimit[AU]
Grid Output Order:



---- FINAL SYSTEM PROPERTIES ----
(Age) System Age [sec]: 3.1557600000e+16 
(Time) Simulation Time [sec]: 1.5778800000e+16 
(TotAngMom) Total Angular Momentum [kg*m^2/sec]: 2.4478148817e+41 
(TotEnergy) Total System Energy [kg*m^2/sec^2]: -5.6832081704e+40 
(PotEnergy) Body's non-orbital Potential Energy [kg*m^2/sec^2]: -5.6783426341e+40 
(KinEnergy) Body's non-orbital Kinetic Energy [kg*m^2/sec^2]: 1.4754461186e+36 
(DeltaTime) Average Timestep Over Last Output Interval [sec]: 1.0128249567e+12 
(Density) Average Density [kg/m^3]: 3.9341424964e+05 
(LongP) Body's Longitude of pericenter [rad]: 3.9269908170 
(LXUVTot) Total XUV Luminosity [kg*m^2/sec^2/(m^2*sec)]: 1.5623778436e+20 

----- BODY: star ----
Active Modules: STELLAR
Module Bit Sum: 65
Color: 000000
(Mass) Mass [kg]: 4.9710400000e+29 
(Radius) Radius [m]: 1.7427239256e+08 
(RadGyra) Radius of Gyration []: 0.4595211832 
(RotAngMom) Rotational Angular Momentum [kg*m^2/sec]: 9.6991669301e+40 
(RotVel) Rotational Velocity [m/sec]: 5302.0950571819 
(BodyType) Type of Body (0 == planet) []: 0.0000000000 
(RotRate) Rotational Frequency [/sec]: 3.0424182391e-05 
(RotPer) Rotational Period [sec]: 2.0651944648e+05 
(HZLimitDryRunaway) Semi-major axis of Dry Runaway HZ Limit [m]: 1.1278051144e+10 
(HZLimRecVenus) Recent Venus Habitable Zone Limit [AU]: 0.0673718206 
(HZLimRunaway) Runaway Greenhouse Habitable Zone Limit [m]: 1.3307333383e+10 
(HZLimMoistGreenhouse) Moist Greenhouse Habitable Zone Limit [m]: 1.3335744725e+10 
(HZLimMaxGreenhouse) Maximum Greenhouse Habitable Zone Limit [AU]: 0.1686094418 
(HZLimEarlyMars) Early Mars Habitable Zone Limit [AU]: 0.1838886463 
(Instellation) Orbit-averaged INcident STELLar radiATION [kg*m^2/sec^2/(m^2*sec)]: -1.0000000000 
(CriticalSemiMajorAxis) Holman & Wiegert (1999) P-type Critical Semi-major Axis [m]: -1.0000000000 
(LostEnergy) Body's Total Lost Energy [kg*m^2/sec^2]: -5.0129958721e+37 
(LostAngMom) Lost Angular Momentum due to Magnetic Braking [kg*m^2/sec]: 1.3448469359e+41 
----- STELLAR PARAMETERS (star)------
(Luminosity) Luminosity [LSUN]: 0.0068988514 
(LXUVStellar) Base X-ray/XUV Luminosity [kg*m^2/sec^3]: 1.5623778436e+20 
(Temperature) Effective Temperature [K]: 3335.3237808884 
(LXUVFrac) X-ray/XUV Luminosity Fraction []: 5.8884365536e-05 
(RossbyNumber) Rossby Number []: 0.0419809004 
(DRotPerDtStellar) Time Rate of Change of Rotation Period in STELLAR []: 1.1433865860e-11 
Output Order: Age[year] Luminosity[LSUN] HZLimRunaway[AU] HZLimMaxGreenhouse[AU] HZLimRecVenus[AU] HZLimEarlyMars[AU] Instellation[solar*AU^2/year^2/(AU^2*year)]
Grid Output Order:

----- BODY: b ----
Active Modules: AtmEsc
Module Bit Sum: 9
Color: 000000
(Mass) Mass [kg]: 5.9721791432e+24 
(Radius) Radius [m]: 7.5936980837e+06 
(RadGyra) Radius of Gyration []: 0.5000000000 
(BodyType) Type of Body (0 == planet) []: 0.0000000000 
(HZLimitDryRunaway) Semi-major axis of Dry Runaway HZ Limit [m]: 1.1278051144e+10 
(HZLimRecVenus) Recent Venus Habitable Zone Limit [m]: 1.0078680904e+10 
(HZLimRunaway) Runaway Greenhouse Habitable Zone Limit [m]: 1.3307333383e+10 
(HZLimMoistGreenhouse) Moist Greenhouse Habitable Zone Limit [m]: 1.3335744725e+10 
(HZLimMaxGreenhouse) Maximum Greenhouse Habitable Zone Limit [m]: 2.5223613477e+10 
(HZLimEarlyMars) Early Mars Habitable Zone Limit [m]: 2.7509349936e+10 
(Instellation) Orbit-averaged INcident STELLar radiATION [kg*m^2/sec^2/(m^2*sec)]: 9.4346410875 
(MeanMotion) Orbital Mean Motion [/sec]: 9.9549785987e-08 
(OrbPeriod) Orbital Period [sec]: 6.3116010194e+07 
(SemiMajorAxis) Semi-major Axis [m]: 1.4959787070e+11 
----- ATMESC PARAMETERS (b)------
(SurfWaterMass) Surface water mass [kg]: 1.3900000000e+21 
(EnvelopeMass) Envelope mass [kg]: 5.9653292032e+21 
(OxygenMass) Oxygen mass in the atmosphere [kg]: 0.0000000000 
(RGLimit) Runaway greenhouse semi-major axis [AU]: 0.0862780448 
(XO) Atomic oxygen mixing ratio in upper atmosphere []: 0.3333333333 
(EtaO) Oxygen eta parameter (Luger and Barnes 2015) []: 0.0000000000 
(PlanetRadius) Planet radius [m]: 7.5936980837e+06 
(OxygenMantleMass) Mass of oxygen in mantle [kg]: 0.0000000000 
(RadXUV) XUV radius separating hydro. dyn. escape and equilibrium [m]: -1.0000000000 
(RadSolid) Radius to the solid surface [m]: -1.0000000000 
(PresXUV) Pressure at base of thermosphere []: 5.0000000000 
(ScaleHeight) Scale height in Lehmer & Catling (2016) model [m]: -1.0000000000 
(ThermTemp) Isothermal atmospheric temperature [K]: 400.0000000000 
(AtmGasConst) Atmospheric gas constant []: 4124.0000000000 
(PresSurf) Surface pressure due to atmosphere [Pa]: -1.0000000000 
(DEnvMassDt) Envelope Mass Loss Rate [kg/s]: -287.6011563851 
(FXUV) XUV flux [W/m^2]: 0.0005555529 
(AtmXAbsEffH2O) XUV atmospheric escape efficiency for H2O []: 0.1196865362 
(RocheRadius) Roche Lobe Radius [m]: 2.3756375617e+09 
(BondiRadius) Bondi Radius [m]: 4.1394084270e+07 
(HEscapeRegime) Integer flag for H envelope escape regime []: 3.0000000000 
(RRCriticalFlux) Critical XUV Flux that separates RR and energy-limited escape [W/m^2]: 31.8237165115 
(RGDuration) Runaway Greenhouse Duration [years]: 5.00000e+08
Output Order: Time[year] Age[year] RGLimit[AU]
Grid Output Order:
