-------- Log file flare.log -------

Executable: vplanet
Version: v1.0.0-849-g49f94ffea4d0ff04e0507ac59917839499b89503
System Name: flare
Primary Input File: vpl.in
Body File #1: star.in
Body File #2: b.in
Allow files to be overwitten: Yes
Mass Units: Kilograms
Length Units: Meters
Time Units: Seconds
Angle Units: Radians

------- FORMATTING -----
Verbosity Level: 5
Crossover Decade for Scientific Notation: 4
Number of Digits After Decimal: 10
Integration Method: Runge-Kutta4
Direction: Forward
Time Step: 3.1557600000e+07
Stop Time: 1.5778800000e+16
Output Interval: 1.5778800000e+16
Use Variable Timestep: Yes
dEta: 0.0100000000
Minimum Value of ecc and obl: 1.0000000000e-10


---- INITIAL SYSTEM PROPERTIES ----
(Age) System Age [sec]: 1.5778800000e+16 
(Time) Simulation Time [sec]: 0.0000000000 
(TotAngMom) Total Angular Momentum [kg*m^2/sec]: 2.1344490277e+42 
(TotEnergy) Total System Energy [kg*m^2/sec^2]: -1.5510499641e+41 
(PotEnergy) Body's non-orbital Potential Energy [kg*m^2/sec^2]: -1.5518184039e+41 
(KinEnergy) Body's non-orbital Kinetic Energy [kg*m^2/sec^2]: 7.6845817255e+37 
(DeltaTime) Average Timestep Over Last Output Interval [sec]: 0.0000000000 
(Density) Average Density [kg/m^3]: 8.2225770847e+04 
(LongP) Body's Longitude of pericenter [rad]: 3.9269908170 
(LXUVTot) Total XUV Luminosity [kg*m^2/sec^2/(m^2*sec)]: 4.2699679186e+21 

----- BODY: star ----
Active Modules: STELLAR
Module Bit Sum: 65
Color: 000000
(Mass) Mass [kg]: 1.2427600000e+30 
(Radius) Radius [m]: 3.9855595948e+08 
(RadGyra) Radius of Gyration []: 0.3836860842 
(RotAngMom) Rotational Angular Momentum [kg*m^2/sec]: 2.1134116809e+42 
(RotVel) Rotational Velocity [m/sec]: 2.8983807277e+04 
(BodyType) Type of Body (0 == planet) []: 0.0000000000 
(RotRate) Rotational Frequency [/sec]: 7.2722052166e-05 
(RotPer) Rotational Period [sec]: 8.6400000000e+04 
(HZLimitDryRunaway) Semi-major axis of Dry Runaway HZ Limit [m]: 3.8496379117e+10 
(HZLimRecVenus) Recent Venus Habitable Zone Limit [AU]: 0.2258697533 
(HZLimRunaway) Runaway Greenhouse Habitable Zone Limit [m]: 4.4841603537e+10 
(HZLimMoistGreenhouse) Moist Greenhouse Habitable Zone Limit [m]: 4.4709106860e+10 
(HZLimMaxGreenhouse) Maximum Greenhouse Habitable Zone Limit [AU]: 0.5486162984 
(HZLimEarlyMars) Early Mars Habitable Zone Limit [AU]: 0.5983981346 
(Instellation) Orbit-averaged INcident STELLar radiATION [kg*m^2/sec^2/(m^2*sec)]: -1.0000000000 
(CriticalSemiMajorAxis) Holman & Wiegert (1999) P-type Critical Semi-major Axis [m]: -1.0000000000 
(LostEnergy) Body's Total Lost Energy [kg*m^2/sec^2]: 5.5626846463e-309 
(LostAngMom) Lost Angular Momentum due to Magnetic Braking [kg*m^2/sec]: 5.5626846463e-309 
----- STELLAR PARAMETERS (star)------
(Luminosity) Luminosity [LSUN]: 0.0803800806 
(LXUVStellar) Base X-ray/XUV Luminosity [kg*m^2/sec^3]: 4.2699679186e+21 
(Temperature) Effective Temperature [K]: 4061.8850797860 
(LXUVFrac) X-ray/XUV Luminosity Fraction []: 0.0001381233 
(RossbyNumber) Rossby Number []: 0.0254910130 
(DRotPerDtStellar) Time Rate of Change of Rotation Period in STELLAR []: 2.3775621235e-11 
Output Order: Age[year] Luminosity[LSUN] HZLimRunaway[AU] HZLimMaxGreenhouse[AU] HZLimRecVenus[AU] HZLimEarlyMars[AU] Instellation[solar*AU^2/year^2/(AU^2*year)]
Grid Output Order:

----- BODY: b ----
Active Modules: AtmEsc
Module Bit Sum: 9
Color: 000000
(Mass) Mass [kg]: 5.9721860000e+24 
(Radius) Radius [m]: 7.7072846771e+06 
(RadGyra) Radius of Gyration []: 0.5000000000 
(BodyType) Type of Body (0 == planet) []: 0.0000000000 
(HZLimitDryRunaway) Semi-major axis of Dry Runaway HZ Limit [m]: 3.8496379117e+10 
(HZLimRecVenus) Recent Venus Habitable Zone Limit [m]: 3.3789634150e+10 
(HZLimRunaway) Runaway Greenhouse Habitable Zone Limit [m]: 4.4841603537e+10 
(HZLimMoistGreenhouse) Moist Greenhouse Habitable Zone Limit [m]: 4.4709106860e+10 
(HZLimMaxGreenhouse) Maximum Greenhouse Habitable Zone Limit [m]: 8.2071830076e+10 
(HZLimEarlyMars) Early Mars Habitable Zone Limit [m]: 8.9519086761e+10 
(Instellation) Orbit-averaged INcident STELLar radiATION [kg*m^2/sec^2/(m^2*sec)]: 109.9251404764 
(MeanMotion) Orbital Mean Motion [/sec]: 1.5740146485e-07 
(OrbPeriod) Orbital Period [sec]: 3.9918213678e+07 
(SemiMajorAxis) Semi-major Axis [m]: 1.4959787070e+11 
----- ATMESC PARAMETERS (b)------
(SurfWaterMass) Surface water mass [kg]: 1.3900000000e+21 
(EnvelopeMass) Envelope mass [kg]: 5.9721860000e+21 
(OxygenMass) Oxygen mass in the atmosphere [kg]: 0.0000000000 
(RGLimit) Runaway greenhouse semi-major axis [AU]: 0.2910460602 
(XO) Atomic oxygen mixing ratio in upper atmosphere []: 0.3333333333 
(EtaO) Oxygen eta parameter (Luger and Barnes 2015) []: 0.0000000000 
(PlanetRadius) Planet radius [m]: 7.7072846771e+06 
(OxygenMantleMass) Mass of oxygen in mantle [kg]: 0.0000000000 
(RadXUV) XUV radius separating hydro. dyn. escape and equilibrium [m]: -1.0000000000 
(RadSolid) Radius to the solid surface [m]: -1.0000000000 
(PresXUV) Pressure at base of thermosphere []: 5.0000000000 
(ScaleHeight) Scale height in Lehmer & Catling (2016) model [m]: -1.0000000000 
(ThermTemp) Isothermal atmospheric temperature [K]: 400.0000000000 
(AtmGasConst) Atmospheric gas constant []: 4124.0000000000 
(PresSurf) Surface pressure due to atmosphere [Pa]: -1.0000000000 
(DEnvMassDt) Envelope Mass Loss Rate [kg/s]: -8218.1016666339 
(FXUV) XUV flux [W/m^2]: 0.0151832214 
(AtmXAbsEffH2O) XUV atmospheric escape efficiency for H2O []: 0.1286878822 
(RocheRadius) Roche Lobe Radius [m]: 1.7503853912e+09 
(BondiRadius) Bondi Radius [m]: 2.2475987877e+07 
(HEscapeRegime) Integer flag for H envelope escape regime []: 3.0000000000 
(RRCriticalFlux) Critical XUV Flux that separates RR and energy-limited escape [W/m^2]: 30.4374083865 
(RGDuration) Runaway Greenhouse Duration [years]: 5.00000e+08
Output Order: Time[year] Age[year] RGLimit[AU]
Grid Output Order:



---- FINAL SYSTEM PROPERTIES ----
(Age) System Age [sec]: 3.1557600000e+16 
(Time) Simulation Time [sec]: 1.5778800000e+16 
(TotAngMom) Total Angular Momentum [kg*m^2/sec]: 2.1344439300e+42 
(TotEnergy) Total System Energy [kg*m^2/sec^2]: -1.5510516101e+41 
(PotEnergy) Body's non-orbital Potential Energy [kg*m^2/sec^2]: -1.5446407995e+41 
(KinEnergy) Body's non-orbital Kinetic Energy [kg*m^2/sec^2]: 3.4221630138e+35 
(DeltaTime) Average Timestep Over Last Output Interval [sec]: 5.9446181667e+11 
(Density) Average Density [kg/m^3]: 8.1090086751e+04 
(LongP) Body's Longitude of pericenter [rad]: 3.9269908170 
(LXUVTot) Total XUV Luminosity [kg*m^2/sec^2/(m^2*sec)]: 1.8373337286e+21 

----- BODY: star ----
Active Modules: STELLAR
Module Bit Sum: 65
Color: 000000
(Mass) Mass [kg]: 1.2427600000e+30 
(Radius) Radius [m]: 4.0040796094e+08 
(RadGyra) Radius of Gyration []: 0.3837683012 
(RotAngMom) Rotational Angular Momentum [kg*m^2/sec]: 1.4171988162e+41 
(RotVel) Rotational Velocity [m/sec]: 1933.7601735502 
(BodyType) Type of Body (0 == planet) []: 0.0000000000 
(RotRate) Rotational Frequency [/sec]: 4.8294748412e-06 
(RotPer) Rotational Period [sec]: 1.3010079799e+06 
(HZLimitDryRunaway) Semi-major axis of Dry Runaway HZ Limit [m]: 3.8675420811e+10 
(HZLimRecVenus) Recent Venus Habitable Zone Limit [AU]: 0.2269254949 
(HZLimRunaway) Runaway Greenhouse Habitable Zone Limit [m]: 4.5051076460e+10 
(HZLimMoistGreenhouse) Moist Greenhouse Habitable Zone Limit [m]: 4.4918082558e+10 
(HZLimMaxGreenhouse) Maximum Greenhouse Habitable Zone Limit [AU]: 0.5511998515 
(HZLimEarlyMars) Early Mars Habitable Zone Limit [AU]: 0.6012160301 
(Instellation) Orbit-averaged INcident STELLar radiATION [kg*m^2/sec^2/(m^2*sec)]: -1.0000000000 
(CriticalSemiMajorAxis) Holman & Wiegert (1999) P-type Critical Semi-major Axis [m]: -1.0000000000 
(LostEnergy) Body's Total Lost Energy [kg*m^2/sec^2]: -6.4142143297e+38 
(LostAngMom) Lost Angular Momentum due to Magnetic Braking [kg*m^2/sec]: 1.9716869844e+42 
----- STELLAR PARAMETERS (star)------
(Luminosity) Luminosity [LSUN]: 0.0811294941 
(LXUVStellar) Base X-ray/XUV Luminosity [kg*m^2/sec^3]: 1.8373337286e+21 
(Temperature) Effective Temperature [K]: 4061.0903971099 
(LXUVFrac) X-ray/XUV Luminosity Fraction []: 5.8884365536e-05 
(RossbyNumber) Rossby Number []: 0.3836859598 
(DRotPerDtStellar) Time Rate of Change of Rotation Period in STELLAR []: 3.6406451198e-11 
Output Order: Age[year] Luminosity[LSUN] HZLimRunaway[AU] HZLimMaxGreenhouse[AU] HZLimRecVenus[AU] HZLimEarlyMars[AU] Instellation[solar*AU^2/year^2/(AU^2*year)]
Grid Output Order:

----- BODY: b ----
Active Modules: AtmEsc
Module Bit Sum: 9
Color: 000000
(Mass) Mass [kg]: 5.9721057801e+24 
(Radius) Radius [m]: 7.5860460165e+06 
(RadGyra) Radius of Gyration []: 0.5000000000 
(BodyType) Type of Body (0 == planet) []: 0.0000000000 
(HZLimitDryRunaway) Semi-major axis of Dry Runaway HZ Limit [m]: 3.8675420811e+10 
(HZLimRecVenus) Recent Venus Habitable Zone Limit [m]: 3.3947570849e+10 
(HZLimRunaway) Runaway Greenhouse Habitable Zone Limit [m]: 4.5051076460e+10 
(HZLimMoistGreenhouse) Moist Greenhouse Habitable Zone Limit [m]: 4.4918082558e+10 
(HZLimMaxGreenhouse) Maximum Greenhouse Habitable Zone Limit [m]: 8.2458324117e+10 
(HZLimEarlyMars) Early Mars Habitable Zone Limit [m]: 8.9940637936e+10 
(Instellation) Orbit-averaged INcident STELLar radiATION [kg*m^2/sec^2/(m^2*sec)]: 110.9500135195 
(MeanMotion) Orbital Mean Motion [/sec]: 1.5740146485e-07 
(OrbPeriod) Orbital Period [sec]: 3.9918213679e+07 
(SemiMajorAxis) Semi-major Axis [m]: 1.4959787070e+11 
----- ATMESC PARAMETERS (b)------
(SurfWaterMass) Surface water mass [kg]: 1.3900000000e+21 
(EnvelopeMass) Envelope mass [kg]: 5.8919661223e+21 
(OxygenMass) Oxygen mass in the atmosphere [kg]: 0.0000000000 
(RGLimit) Runaway greenhouse semi-major axis [AU]: 0.2924052664 
(XO) Atomic oxygen mixing ratio in upper atmosphere []: 0.3333333333 
(EtaO) Oxygen eta parameter (Luger and Barnes 2015) []: 0.0000000000 
(PlanetRadius) Planet radius [m]: 7.5860460165e+06 
(OxygenMantleMass) Mass of oxygen in mantle [kg]: 0.0000000000 
(RadXUV) XUV radius separating hydro. dyn. escape and equilibrium [m]: -1.0000000000 
(RadSolid) Radius to the solid surface [m]: -1.0000000000 
(PresXUV) Pressure at base of thermosphere []: 5.0000000000 
(ScaleHeight) Scale height in Lehmer & Catling (2016) model [m]: -1.0000000000 
(ThermTemp) Isothermal atmospheric temperature [K]: 400.0000000000 
(AtmGasConst) Atmospheric gas constant []: 4124.0000000000 
(PresSurf) Surface pressure due to atmosphere [Pa]: -1.0000000000 
(DEnvMassDt) Envelope Mass Loss Rate [kg/s]: -3372.0523345940 
(FXUV) XUV flux [W/m^2]: 0.0065332212 
(AtmXAbsEffH2O) XUV atmospheric escape efficiency for H2O []: 0.1314450713 
(RocheRadius) Roche Lobe Radius [m]: 1.7503775540e+09 
(BondiRadius) Bondi Radius [m]: 2.2428035396e+07 
(HEscapeRegime) Integer flag for H envelope escape regime []: 3.0000000000 
(RRCriticalFlux) Critical XUV Flux that separates RR and energy-limited escape [W/m^2]: 31.9193314997 
(RGDuration) Runaway Greenhouse Duration [years]: 5.00000e+08
Output Order: Time[year] Age[year] RGLimit[AU]
Grid Output Order:
