-------- Log file system.log -------

Executable: vplanet
Version: v1.0.0-1572-g022268cb993c17a73724294739739d60803a6ef6
System Name: system
Primary Input File: vpl.in
Body File #1: star.in
Body File #2: planet.in
Allow files to be overwitten: Yes
Mass Units: Grams
Length Units: Meters
Time Units: Seconds
Angle Units: Radians

------- FORMATTING -----
Verbosity Level: 5
Crossover Decade for Scientific Notation: 4
Number of Digits After Decimal: 10
Integration Method: Runge-Kutta4
Direction: Forward
Time Step: 3.1557600000e+07
Stop Time: 1.5778800000e+16
Output Interval: 1.5778800000e+16
Use Variable Timestep: Yes
dEta: 0.0100000000
Minimum Value of ecc and obl: 1.0000000000e-10


---- INITIAL SYSTEM PROPERTIES ----
(Age) System Age [sec]: 1.5778800000e+16 
(Time) Simulation Time [sec]: 0.0000000000 
(TotAngMom) Total Angular Momentum [kg*m^2/sec]: 1.3744776053e+41 
(TotEnergy) Total System Energy [kg*m^2/sec^2]: -4.1660783809e+40 
(PotEnergy) Body's non-orbital Potential Energy [kg*m^2/sec^2]: -4.1665632804e+40 
(KinEnergy) Body's non-orbital Kinetic Energy [kg*m^2/sec^2]: 4.8588261832e+36 
(DeltaTime) Average Timestep Over Last Output Interval [sec]: 0.0000000000 

----- BODY: star ----
Active Modules: STELLAR
Module Bit Sum: 65
Color: 000000
(Mass) Mass [kg]: 3.9310984320e+29 
(Radius) Radius [m]: 1.4852704042e+08 
(RadGyra) Radius of Gyration/Moment of Inertia Constant []: 0.4603117565 
(RotAngMom) Rotational Angular Momentum [kg*m^2/sec]: 1.3362731217e+41 
(RotVel) Rotational Velocity [m/sec]: 1.0801191182e+04 
(BodyType) Type of Body (0 == planet) []: 0.0000000000 
(RotRate) Rotational Frequency [/sec]: 7.2722052166e-05 
(RotPer) Rotational Period [sec]: 8.6400000000e+04 
(Density) Average Density [kg/m^3]: 2.8642355265e+04 
(HZLimitDryRunaway) Semi-major axis of Dry Runaway HZ Limit [m]: 9.1987426471e+09 
(HZLimRecVenus) Recent Venus HZ Limit [m]: 8.2342727146e+09 
(HZLimRunaway) Runaway Greenhouse HZ Limit [m]: 1.0863880456e+10 
(HZLimMoistGreenhouse) Moist Greenhouse HZ Limit [m]: 1.0895294325e+10 
(HZLimMaxGreenhouse) Maximum Greenhouse HZ Limit [m]: 2.0673791593e+10 
(HZLimEarlyMars) Early Mars HZ Limit [m]: 2.2547071833e+10 
(Instellation) Orbit-averaged INcident STELLar radiATION [kg*m^2/sec^2/(m^2*sec)]: -1.0000000000 
(CriticalSemiMajorAxis) Holman & Wiegert (1999) P-type Critical Semi-major Axis [m]: -1.0000000000 
(LXUVTot) Total XUV Luminosity [LSUN]: 6.3391715447e-07 
(LostEnergy) Body's Total Lost Energy [kg*m^2/sec^2]: 5.5626846463e-309 
(LostAngMom) Lost Angular Momentum due to Magnetic Braking [kg*m^2/sec]: 5.5626846463e-309 
----- STELLAR PARAMETERS (star)------
(Luminosity) Luminosity [LSUN]: 0.0045895025 
(LXUVStellar) Base X-ray/XUV Luminosity [LSUN]: 6.3391715447e-07 
(Temperature) Effective Temperature [K]: 3251.9779547939 
(LXUVFrac) Fraction of luminosity in XUV []: 0.0001381233 
(RossbyNumber) Rossby Number []: 0.0168292441 
(DRotPerDtStellar) Time Rate of Change of Rotation Period in STELLAR []: 4.1411489362e-12 
Output Order: Time[year] Age[year] Luminosity[LSUN] LXUVTot[LSUN] LXUVStellar[LSUN] HZLimRunaway[au]
Grid Output Order:

----- BODY: planet ----
Active Modules: AtmEsc
Module Bit Sum: 9
Color: 000000
(Mass) Mass [kg]: 7.3989541952e+24 
(Radius) Radius [m]: 7.8312497352e+06 
(RadGyra) Radius of Gyration/Moment of Inertia Constant []: 0.5000000000 
(BodyType) Type of Body (0 == planet) []: 0.0000000000 
(Density) Average Density [kg/m^3]: 3677.8033875252 
(HZLimitDryRunaway) Semi-major axis of Dry Runaway HZ Limit [m]: 9.1987426471e+09 
(HZLimRecVenus) Recent Venus HZ Limit [AU]: 0.0550427133 
(HZLimRunaway) Runaway Greenhouse HZ Limit [AU]: 0.0726205554 
(HZLimMoistGreenhouse) Moist Greenhouse HZ Limit [m]: 1.0895294325e+10 
(HZLimMaxGreenhouse) Maximum Greenhouse HZ Limit [AU]: 0.1381957611 
(HZLimEarlyMars) Early Mars HZ Limit [AU]: 0.1507178660 
(Instellation) Orbit-averaged INcident STELLar radiATION [W/m^2]: 1360.2324468825 
(MeanMotion) Orbital Mean Motion [/sec]: 5.0003377027e-06 
(OrbPeriod) Orbital Period [sec]: 1.2565521932e+06 
(SemiMajorAxis) Semi-major Axis [m]: 1.0161924120e+10 
(LXUVTot) Total XUV Luminosity [kg*m^2/sec^2/(m^2*sec)]: -1.0000000000 
----- ATMESC PARAMETERS (planet)------
(SurfWaterMass) Surface water mass [kg]: 1.3900000000e+21 
(EnvelopeMass) Envelope mass [kg]: 5.9721860000e+21 
(OxygenMass) Oxygen mass in the atmosphere [kg]: 0.0000000000 
(RGLimit) Runaway greenhouse semi-major axis [AU]: 0.0700795450 
(XO) Atomic oxygen mixing ratio in upper atmosphere []: 0.3333333333 
(EtaO) Oxygen eta parameter (Luger and Barnes 2015) []: 0.0000000000 
(PlanetRadius) Planet radius [m]: 7.8312497352e+06 
(OxygenMantleMass) Mass of oxygen in mantle [kg]: 0.0000000000 
(RadXUV) XUV radius separating hydro. dyn. escape and equilibrium [m]: -1.0000000000 
(RadSolid) Radius to the solid surface [m]: -1.0000000000 
(PresXUV) Pressure at base of thermosphere []: 5.0000000000 
(ScaleHeight) Scale height in Lehmer & Catling (2016) model [m]: -1.0000000000 
(ThermTemp) Isothermal atmospheric temperature [K]: 400.0000000000 
(AtmGasConst) Atmospheric gas constant []: 4124.0000000000 
(PresSurf) Surface pressure due to atmosphere [Pa]: -1.0000000000 
(DEnvMassDt) Envelope Mass Loss Rate [kg/s]: -9.1861383796e+04 
(FXUV) XUV flux [W/m^2]: 0.1878797722 
(AtmXAbsEffH2O) XUV atmospheric escape efficiency for H2O []: 0.1007215061 
(RocheRadius) Roche Lobe Radius [m]: 1.8742218769e+08 
(BondiRadius) Bondi Radius [m]: 2.1860116103e+08 
(HEscapeRegime) Integer flag for H envelope escape regime []: 3.0000000000 
(RRCriticalFlux) Critical XUV Flux that separates RR and energy-limited escape [W/m^2]: 39.1296484056 
(KTide) Mass loss enhancement due to stellar gravity []: 0.9373604671 
(RGDuration) Runaway Greenhouse Duration [years]: 0.00000e+00
Output Order: Time[year] HZLimRunaway[AU] HZLimMaxGreenhouse[AU] HZLimRecVenus[AU] HZLimEarlyMars[AU] Instellation[W/m^2] RGLimit[AU]
Grid Output Order:



---- FINAL SYSTEM PROPERTIES ----
(Age) System Age [sec]: 3.1557600000e+16 
(Time) Simulation Time [sec]: 1.5778800000e+16 
(TotAngMom) Total Angular Momentum [kg*m^2/sec]: 1.3744730515e+41 
(TotEnergy) Total System Energy [kg*m^2/sec^2]: -4.1660782471e+40 
(PotEnergy) Body's non-orbital Potential Energy [kg*m^2/sec^2]: -4.1671482092e+40 
(KinEnergy) Body's non-orbital Kinetic Energy [kg*m^2/sec^2]: 1.0709436451e+36 
(DeltaTime) Average Timestep Over Last Output Interval [sec]: 3.6032884220e+12 

----- BODY: star ----
Active Modules: STELLAR
Module Bit Sum: 65
Color: 000000
(Mass) Mass [kg]: 3.9310984320e+29 
(Radius) Radius [m]: 1.4850619217e+08 
(RadGyra) Radius of Gyration/Moment of Inertia Constant []: 0.4603117565 
(RotAngMom) Rotational Angular Momentum [kg*m^2/sec]: 6.2726621342e+40 
(RotVel) Rotational Velocity [m/sec]: 5070.9494427280 
(BodyType) Type of Body (0 == planet) []: 0.0000000000 
(RotRate) Rotational Frequency [/sec]: 3.4146383855e-05 
(RotPer) Rotational Period [sec]: 1.8400734127e+05 
(Density) Average Density [kg/m^3]: 2.8654419949e+04 
(HZLimitDryRunaway) Semi-major axis of Dry Runaway HZ Limit [m]: 9.1979566251e+09 
(HZLimRecVenus) Recent Venus HZ Limit [m]: 8.2334101021e+09 
(HZLimRunaway) Runaway Greenhouse HZ Limit [m]: 1.0862838582e+10 
(HZLimMoistGreenhouse) Moist Greenhouse HZ Limit [m]: 1.0894152904e+10 
(HZLimMaxGreenhouse) Maximum Greenhouse HZ Limit [m]: 2.0670849415e+10 
(HZLimEarlyMars) Early Mars HZ Limit [m]: 2.2543864666e+10 
(Instellation) Orbit-averaged INcident STELLar radiATION [kg*m^2/sec^2/(m^2*sec)]: -1.0000000000 
(CriticalSemiMajorAxis) Holman & Wiegert (1999) P-type Critical Semi-major Axis [m]: -1.0000000000 
(LXUVTot) Total XUV Luminosity [LSUN]: 2.7020375907e-07 
(LostEnergy) Body's Total Lost Energy [kg*m^2/sec^2]: 9.6385124806e+36 
(LostAngMom) Lost Angular Momentum due to Magnetic Braking [kg*m^2/sec]: 7.0900694893e+40 
----- STELLAR PARAMETERS (star)------
(Luminosity) Luminosity [LSUN]: 0.0045887182 
(LXUVStellar) Base X-ray/XUV Luminosity [LSUN]: 2.7020375907e-07 
(Temperature) Effective Temperature [K]: 3252.9600402019 
(LXUVFrac) Fraction of luminosity in XUV []: 5.8884365536e-05 
(RossbyNumber) Rossby Number []: 0.0358595202 
(DRotPerDtStellar) Time Rate of Change of Rotation Period in STELLAR []: 8.8153394875e-12 
Output Order: Time[year] Age[year] Luminosity[LSUN] LXUVTot[LSUN] LXUVStellar[LSUN] HZLimRunaway[au]
Grid Output Order:

----- BODY: planet ----
Active Modules: AtmEsc
Module Bit Sum: 9
Color: 000000
(Mass) Mass [kg]: 7.3980650324e+24 
(Radius) Radius [m]: 7.6724554447e+06 
(RadGyra) Radius of Gyration/Moment of Inertia Constant []: 0.5000000000 
(BodyType) Type of Body (0 == planet) []: 0.0000000000 
(Density) Average Density [kg/m^3]: 3910.4470540086 
(HZLimitDryRunaway) Semi-major axis of Dry Runaway HZ Limit [m]: 9.1979566251e+09 
(HZLimRecVenus) Recent Venus HZ Limit [AU]: 0.0550369471 
(HZLimRunaway) Runaway Greenhouse HZ Limit [AU]: 0.0726135909 
(HZLimMoistGreenhouse) Moist Greenhouse HZ Limit [m]: 1.0894152904e+10 
(HZLimMaxGreenhouse) Maximum Greenhouse HZ Limit [AU]: 0.1381760938 
(HZLimEarlyMars) Early Mars HZ Limit [AU]: 0.1506964274 
(Instellation) Orbit-averaged INcident STELLar radiATION [W/m^2]: 1359.9999961959 
(MeanMotion) Orbital Mean Motion [/sec]: 5.0003376971e-06 
(OrbPeriod) Orbital Period [sec]: 1.2565521946e+06 
(SemiMajorAxis) Semi-major Axis [m]: 1.0161924120e+10 
(LXUVTot) Total XUV Luminosity [kg*m^2/sec^2/(m^2*sec)]: -1.0000000000 
----- ATMESC PARAMETERS (planet)------
(SurfWaterMass) Surface water mass [kg]: 1.3900000000e+21 
(EnvelopeMass) Envelope mass [kg]: 5.0830231447e+21 
(OxygenMass) Oxygen mass in the atmosphere [kg]: 0.0000000000 
(RGLimit) Runaway greenhouse semi-major axis [AU]: 0.0700730491 
(XO) Atomic oxygen mixing ratio in upper atmosphere []: 0.3333333333 
(EtaO) Oxygen eta parameter (Luger and Barnes 2015) []: 0.0000000000 
(PlanetRadius) Planet radius [m]: 7.6724554447e+06 
(OxygenMantleMass) Mass of oxygen in mantle [kg]: 0.0000000000 
(RadXUV) XUV radius separating hydro. dyn. escape and equilibrium [m]: -1.0000000000 
(RadSolid) Radius to the solid surface [m]: -1.0000000000 
(PresXUV) Pressure at base of thermosphere []: 5.0000000000 
(ScaleHeight) Scale height in Lehmer & Catling (2016) model [m]: -1.0000000000 
(ThermTemp) Isothermal atmospheric temperature [K]: 400.0000000000 
(AtmGasConst) Atmospheric gas constant []: 4124.0000000000 
(PresSurf) Surface pressure due to atmosphere [Pa]: -1.0000000000 
(DEnvMassDt) Envelope Mass Loss Rate [kg/s]: -3.6802354955e+04 
(FXUV) XUV flux [W/m^2]: 0.0800827369 
(AtmXAbsEffH2O) XUV atmospheric escape efficiency for H2O []: 0.1131695356 
(RocheRadius) Roche Lobe Radius [m]: 1.8741467962e+08 
(BondiRadius) Bondi Radius [m]: 2.1852423924e+08 
(HEscapeRegime) Integer flag for H envelope escape regime []: 3.0000000000 
(RRCriticalFlux) Critical XUV Flux that separates RR and energy-limited escape [W/m^2]: 41.7123071452 
(KTide) Mass loss enhancement due to stellar gravity []: 0.9386267188 
(RGDuration) Runaway Greenhouse Duration [years]: 0.00000e+00
Output Order: Time[year] HZLimRunaway[AU] HZLimMaxGreenhouse[AU] HZLimRecVenus[AU] HZLimEarlyMars[AU] Instellation[W/m^2] RGLimit[AU]
Grid Output Order:
