-------- Log file flare.log -------

Executable: vplanet
Version: v1.0.0-849-g49f94ffea4d0ff04e0507ac59917839499b89503
System Name: flare
Primary Input File: vpl.in
Body File #1: star.in
Body File #2: b.in
Allow files to be overwitten: Yes
Mass Units: Kilograms
Length Units: Meters
Time Units: Seconds
Angle Units: Radians

------- FORMATTING -----
Verbosity Level: 5
Crossover Decade for Scientific Notation: 4
Number of Digits After Decimal: 10
Integration Method: Runge-Kutta4
Direction: Forward
Time Step: 3.1557600000e+07
Stop Time: 1.5778800000e+16
Output Interval: 1.5778800000e+16
Use Variable Timestep: Yes
dEta: 0.0100000000
Minimum Value of ecc and obl: 1.0000000000e-10


---- INITIAL SYSTEM PROPERTIES ----
(Age) System Age [sec]: 1.5778800000e+16 
(Time) Simulation Time [sec]: 0.0000000000 
(TotAngMom) Total Angular Momentum [kg*m^2/sec]: 1.3138813326e+42 
(TotEnergy) Total System Energy [kg*m^2/sec^2]: -1.2445862179e+41 
(PotEnergy) Body's non-orbital Potential Energy [kg*m^2/sec^2]: -1.2450571017e+41 
(KinEnergy) Body's non-orbital Kinetic Energy [kg*m^2/sec^2]: 4.7089891089e+37 
(DeltaTime) Average Timestep Over Last Output Interval [sec]: 0.0000000000 
(Density) Average Density [kg/m^3]: 1.2959944264e+05 
(LongP) Body's Longitude of pericenter [rad]: 3.9269908170 
(LXUVTot) Total XUV Luminosity [kg*m^2/sec^2/(m^2*sec)]: 1.8377065979e+21 

----- BODY: star ----
Active Modules: STELLAR
Module Bit Sum: 65
Color: 000000
(Mass) Mass [kg]: 9.9420800000e+29 
(Radius) Radius [m]: 3.1792223995e+08 
(RadGyra) Radius of Gyration []: 0.4209719689 
(RotAngMom) Rotational Angular Momentum [kg*m^2/sec]: 1.2950649682e+42 
(RotVel) Rotational Velocity [m/sec]: 2.3119957719e+04 
(BodyType) Type of Body (0 == planet) []: 0.0000000000 
(RotRate) Rotational Frequency [/sec]: 7.2722052166e-05 
(RotPer) Rotational Period [sec]: 8.6400000000e+04 
(HZLimitDryRunaway) Semi-major axis of Dry Runaway HZ Limit [m]: 2.5254900623e+10 
(HZLimRecVenus) Recent Venus Habitable Zone Limit [AU]: 0.1496943167 
(HZLimRunaway) Runaway Greenhouse Habitable Zone Limit [m]: 2.9655046678e+10 
(HZLimMoistGreenhouse) Moist Greenhouse Habitable Zone Limit [m]: 2.9630825884e+10 
(HZLimMaxGreenhouse) Maximum Greenhouse Habitable Zone Limit [AU]: 0.3695069995 
(HZLimEarlyMars) Early Mars Habitable Zone Limit [AU]: 0.4030092885 
(Instellation) Orbit-averaged INcident STELLar radiATION [kg*m^2/sec^2/(m^2*sec)]: -1.0000000000 
(CriticalSemiMajorAxis) Holman & Wiegert (1999) P-type Critical Semi-major Axis [m]: -1.0000000000 
(LostEnergy) Body's Total Lost Energy [kg*m^2/sec^2]: 5.5626846463e-309 
(LostAngMom) Lost Angular Momentum due to Magnetic Braking [kg*m^2/sec]: 5.5626846463e-309 
----- STELLAR PARAMETERS (star)------
(Luminosity) Luminosity [LSUN]: 0.0345939378 
(LXUVStellar) Base X-ray/XUV Luminosity [kg*m^2/sec^3]: 1.8377065979e+21 
(Temperature) Effective Temperature [K]: 3682.1235323632 
(LXUVFrac) X-ray/XUV Luminosity Fraction []: 0.0001381233 
(RossbyNumber) Rossby Number []: 0.0209781227 
(DRotPerDtStellar) Time Rate of Change of Rotation Period in STELLAR []: 1.3422066440e-11 
Output Order: Age[year] Luminosity[LSUN] HZLimRunaway[AU] HZLimMaxGreenhouse[AU] HZLimRecVenus[AU] HZLimEarlyMars[AU] Instellation[solar*AU^2/year^2/(AU^2*year)]
Grid Output Order:

----- BODY: b ----
Active Modules: AtmEsc
Module Bit Sum: 9
Color: 000000
(Mass) Mass [kg]: 5.9721860000e+24 
(Radius) Radius [m]: 7.7072846771e+06 
(RadGyra) Radius of Gyration []: 0.5000000000 
(BodyType) Type of Body (0 == planet) []: 0.0000000000 
(HZLimitDryRunaway) Semi-major axis of Dry Runaway HZ Limit [m]: 2.5254900623e+10 
(HZLimRecVenus) Recent Venus Habitable Zone Limit [m]: 2.2393951028e+10 
(HZLimRunaway) Runaway Greenhouse Habitable Zone Limit [m]: 2.9655046678e+10 
(HZLimMoistGreenhouse) Moist Greenhouse Habitable Zone Limit [m]: 2.9630825884e+10 
(HZLimMaxGreenhouse) Maximum Greenhouse Habitable Zone Limit [m]: 5.5277460331e+10 
(HZLimEarlyMars) Early Mars Habitable Zone Limit [m]: 6.0289331433e+10 
(Instellation) Orbit-averaged INcident STELLar radiATION [kg*m^2/sec^2/(m^2*sec)]: 47.3095254519 
(MeanMotion) Orbital Mean Motion [/sec]: 1.4078423464e-07 
(OrbPeriod) Orbital Period [sec]: 4.4629892853e+07 
(SemiMajorAxis) Semi-major Axis [m]: 1.4959787070e+11 
----- ATMESC PARAMETERS (b)------
(SurfWaterMass) Surface water mass [kg]: 1.3900000000e+21 
(EnvelopeMass) Envelope mass [kg]: 5.9721860000e+21 
(OxygenMass) Oxygen mass in the atmosphere [kg]: 0.0000000000 
(RGLimit) Runaway greenhouse semi-major axis [AU]: 0.1923429649 
(XO) Atomic oxygen mixing ratio in upper atmosphere []: 0.3333333333 
(EtaO) Oxygen eta parameter (Luger and Barnes 2015) []: 0.0000000000 
(PlanetRadius) Planet radius [m]: 7.7072846771e+06 
(OxygenMantleMass) Mass of oxygen in mantle [kg]: 0.0000000000 
(RadXUV) XUV radius separating hydro. dyn. escape and equilibrium [m]: -1.0000000000 
(RadSolid) Radius to the solid surface [m]: -1.0000000000 
(PresXUV) Pressure at base of thermosphere []: 5.0000000000 
(ScaleHeight) Scale height in Lehmer & Catling (2016) model [m]: -1.0000000000 
(ThermTemp) Isothermal atmospheric temperature [K]: 400.0000000000 
(AtmGasConst) Atmospheric gas constant []: 4124.0000000000 
(PresSurf) Surface pressure due to atmosphere [Pa]: -1.0000000000 
(DEnvMassDt) Envelope Mass Loss Rate [kg/s]: -3536.9023708255 
(FXUV) XUV flux [W/m^2]: 0.0065345470 
(AtmXAbsEffH2O) XUV atmospheric escape efficiency for H2O []: 0.1314448217 
(RocheRadius) Roche Lobe Radius [m]: 1.8855455039e+09 
(BondiRadius) Bondi Radius [m]: 2.7760818418e+07 
(HEscapeRegime) Integer flag for H envelope escape regime []: 3.0000000000 
(RRCriticalFlux) Critical XUV Flux that separates RR and energy-limited escape [W/m^2]: 30.4374083865 
(RGDuration) Runaway Greenhouse Duration [years]: 5.00000e+08
Output Order: Time[year] Age[year] RGLimit[AU]
Grid Output Order:



---- FINAL SYSTEM PROPERTIES ----
(Age) System Age [sec]: 3.1557600000e+16 
(Time) Simulation Time [sec]: 1.5778800000e+16 
(TotAngMom) Total Angular Momentum [kg*m^2/sec]: 1.3139225499e+42 
(TotEnergy) Total System Energy [kg*m^2/sec^2]: -1.2445630826e+41 
(PotEnergy) Body's non-orbital Potential Energy [kg*m^2/sec^2]: -1.2368879098e+41 
(KinEnergy) Body's non-orbital Kinetic Energy [kg*m^2/sec^2]: 4.3281680060e+35 
(DeltaTime) Average Timestep Over Last Output Interval [sec]: 1.1557020435e+12 
(Density) Average Density [kg/m^3]: 1.2706512195e+05 
(LongP) Body's Longitude of pericenter [rad]: 3.9269908170 
(LXUVTot) Total XUV Luminosity [kg*m^2/sec^2/(m^2*sec)]: 7.8887697398e+20 

----- BODY: star ----
Active Modules: STELLAR
Module Bit Sum: 65
Color: 000000
(Mass) Mass [kg]: 9.9420800000e+29 
(Radius) Radius [m]: 3.2002200000e+08 
(RadGyra) Radius of Gyration []: 0.4216890000 
(RotAngMom) Rotational Angular Momentum [kg*m^2/sec]: 1.2519234868e+41 
(RotVel) Rotational Velocity [m/sec]: 2212.7693844793 
(BodyType) Type of Body (0 == planet) []: 0.0000000000 
(RotRate) Rotational Frequency [/sec]: 6.9144289595e-06 
(RotPer) Rotational Period [sec]: 9.0870632181e+05 
(HZLimitDryRunaway) Semi-major axis of Dry Runaway HZ Limit [m]: 2.5342278769e+10 
(HZLimRecVenus) Recent Venus Habitable Zone Limit [AU]: 0.1502200412 
(HZLimRunaway) Runaway Greenhouse Habitable Zone Limit [m]: 2.9758719032e+10 
(HZLimMoistGreenhouse) Moist Greenhouse Habitable Zone Limit [m]: 2.9734889190e+10 
(HZLimMaxGreenhouse) Maximum Greenhouse Habitable Zone Limit [AU]: 0.3708369488 
(HZLimEarlyMars) Early Mars Habitable Zone Limit [AU]: 0.4044596861 
(Instellation) Orbit-averaged INcident STELLar radiATION [kg*m^2/sec^2/(m^2*sec)]: -1.0000000000 
(CriticalSemiMajorAxis) Holman & Wiegert (1999) P-type Critical Semi-major Axis [m]: -1.0000000000 
(LostEnergy) Body's Total Lost Energy [kg*m^2/sec^2]: -7.6794859133e+38 
(LostAngMom) Lost Angular Momentum due to Magnetic Braking [kg*m^2/sec]: 1.1699139459e+42 
----- STELLAR PARAMETERS (star)------
(Luminosity) Luminosity [LSUN]: 0.0348337315 
(LXUVStellar) Base X-ray/XUV Luminosity [kg*m^2/sec^3]: 7.8887697398e+20 
(Temperature) Effective Temperature [K]: 3680.0015364727 
(LXUVFrac) X-ray/XUV Luminosity Fraction []: 5.8884365536e-05 
(RossbyNumber) Rossby Number []: 0.2203962117 
(DRotPerDtStellar) Time Rate of Change of Rotation Period in STELLAR []: 6.0802662577e-11 
Output Order: Age[year] Luminosity[LSUN] HZLimRunaway[AU] HZLimMaxGreenhouse[AU] HZLimRecVenus[AU] HZLimEarlyMars[AU] Instellation[solar*AU^2/year^2/(AU^2*year)]
Grid Output Order:

----- BODY: b ----
Active Modules: AtmEsc
Module Bit Sum: 9
Color: 000000
(Mass) Mass [kg]: 5.9721514905e+24 
(Radius) Radius [m]: 7.5908115742e+06 
(RadGyra) Radius of Gyration []: 0.5000000000 
(BodyType) Type of Body (0 == planet) []: 0.0000000000 
(HZLimitDryRunaway) Semi-major axis of Dry Runaway HZ Limit [m]: 2.5342278769e+10 
(HZLimRecVenus) Recent Venus Habitable Zone Limit [m]: 2.2472598305e+10 
(HZLimRunaway) Runaway Greenhouse Habitable Zone Limit [m]: 2.9758719032e+10 
(HZLimMoistGreenhouse) Moist Greenhouse Habitable Zone Limit [m]: 2.9734889190e+10 
(HZLimMaxGreenhouse) Maximum Greenhouse Habitable Zone Limit [m]: 5.5476417922e+10 
(HZLimEarlyMars) Early Mars Habitable Zone Limit [m]: 6.0506307828e+10 
(Instellation) Orbit-averaged INcident STELLar radiATION [kg*m^2/sec^2/(m^2*sec)]: 47.6374594159 
(MeanMotion) Orbital Mean Motion [/sec]: 1.4078423463e-07 
(OrbPeriod) Orbital Period [sec]: 4.4629892854e+07 
(SemiMajorAxis) Semi-major Axis [m]: 1.4959787070e+11 
----- ATMESC PARAMETERS (b)------
(SurfWaterMass) Surface water mass [kg]: 1.3900000000e+21 
(EnvelopeMass) Envelope mass [kg]: 5.9376765191e+21 
(OxygenMass) Oxygen mass in the atmosphere [kg]: 0.0000000000 
(RGLimit) Runaway greenhouse semi-major axis [AU]: 0.1930147820 
(XO) Atomic oxygen mixing ratio in upper atmosphere []: 0.3333333333 
(EtaO) Oxygen eta parameter (Luger and Barnes 2015) []: 0.0000000000 
(PlanetRadius) Planet radius [m]: 7.5908115742e+06 
(OxygenMantleMass) Mass of oxygen in mantle [kg]: 0.0000000000 
(RadXUV) XUV radius separating hydro. dyn. escape and equilibrium [m]: -1.0000000000 
(RadSolid) Radius to the solid surface [m]: -1.0000000000 
(PresXUV) Pressure at base of thermosphere []: 5.0000000000 
(ScaleHeight) Scale height in Lehmer & Catling (2016) model [m]: -1.0000000000 
(ThermTemp) Isothermal atmospheric temperature [K]: 400.0000000000 
(AtmGasConst) Atmospheric gas constant []: 4124.0000000000 
(PresSurf) Surface pressure due to atmosphere [Pa]: -1.0000000000 
(DEnvMassDt) Envelope Mass Loss Rate [kg/s]: -1451.6418220975 
(FXUV) XUV flux [W/m^2]: 0.0028051016 
(AtmXAbsEffH2O) XUV atmospheric escape efficiency for H2O []: 0.1308594515 
(RocheRadius) Roche Lobe Radius [m]: 1.8855418721e+09 
(BondiRadius) Bondi Radius [m]: 2.7685390136e+07 
(HEscapeRegime) Integer flag for H envelope escape regime []: 3.0000000000 
(RRCriticalFlux) Critical XUV Flux that separates RR and energy-limited escape [W/m^2]: 31.8597394843 
(RGDuration) Runaway Greenhouse Duration [years]: 5.00000e+08
Output Order: Time[year] Age[year] RGLimit[AU]
Grid Output Order:
