-------- Log file flare.log -------

Executable: vplanet
Version: v1.0.0-849-g49f94ffea4d0ff04e0507ac59917839499b89503
System Name: flare
Primary Input File: vpl.in
Body File #1: star.in
Body File #2: b.in
Allow files to be overwitten: Yes
Mass Units: Kilograms
Length Units: Meters
Time Units: Seconds
Angle Units: Radians

------- FORMATTING -----
Verbosity Level: 5
Crossover Decade for Scientific Notation: 4
Number of Digits After Decimal: 10
Integration Method: Runge-Kutta4
Direction: Forward
Time Step: 3.1557600000e+07
Stop Time: 1.5778800000e+16
Output Interval: 1.5778800000e+16
Use Variable Timestep: Yes
dEta: 0.0100000000
Minimum Value of ecc and obl: 1.0000000000e-10


---- INITIAL SYSTEM PROPERTIES ----
(Age) System Age [sec]: 1.5778800000e+16 
(Time) Simulation Time [sec]: 0.0000000000 
(TotAngMom) Total Angular Momentum [kg*m^2/sec]: 1.1676174950e+42 
(TotEnergy) Total System Energy [kg*m^2/sec^2]: -1.1831025031e+41 
(PotEnergy) Body's non-orbital Potential Energy [kg*m^2/sec^2]: -1.1835203778e+41 
(KinEnergy) Body's non-orbital Kinetic Energy [kg*m^2/sec^2]: 4.1788911861e+37 
(DeltaTime) Average Timestep Over Last Output Interval [sec]: 0.0000000000 
(Density) Average Density [kg/m^3]: 1.4386147800e+05 
(LongP) Body's Longitude of pericenter [rad]: 3.9269908170 
(LXUVTot) Total XUV Luminosity [kg*m^2/sec^2/(m^2*sec)]: 1.5687631520e+21 

----- BODY: star ----
Active Modules: STELLAR
Module Bit Sum: 65
Color: 000000
(Mass) Mass [kg]: 9.4449760000e+29 
(Radius) Radius [m]: 3.0184337629e+08 
(RadGyra) Radius of Gyration []: 0.4285458797 
(RotAngMom) Rotational Angular Momentum [kg*m^2/sec]: 1.1492775744e+42 
(RotVel) Rotational Velocity [m/sec]: 2.1950669757e+04 
(BodyType) Type of Body (0 == planet) []: 0.0000000000 
(RotRate) Rotational Frequency [/sec]: 7.2722052166e-05 
(RotPer) Rotational Period [sec]: 8.6400000000e+04 
(HZLimitDryRunaway) Semi-major axis of Dry Runaway HZ Limit [m]: 2.3333842738e+10 
(HZLimRecVenus) Recent Venus Habitable Zone Limit [AU]: 0.1384721572 
(HZLimRunaway) Runaway Greenhouse Habitable Zone Limit [m]: 2.7421496371e+10 
(HZLimMoistGreenhouse) Moist Greenhouse Habitable Zone Limit [m]: 2.7409491316e+10 
(HZLimMaxGreenhouse) Maximum Greenhouse Habitable Zone Limit [AU]: 0.3424920802 
(HZLimEarlyMars) Early Mars Habitable Zone Limit [AU]: 0.3735421659 
(Instellation) Orbit-averaged INcident STELLar radiATION [kg*m^2/sec^2/(m^2*sec)]: -1.0000000000 
(CriticalSemiMajorAxis) Holman & Wiegert (1999) P-type Critical Semi-major Axis [m]: -1.0000000000 
(LostEnergy) Body's Total Lost Energy [kg*m^2/sec^2]: 5.5626846463e-309 
(LostAngMom) Lost Angular Momentum due to Magnetic Braking [kg*m^2/sec]: 5.5626846463e-309 
----- STELLAR PARAMETERS (star)------
(Luminosity) Luminosity [LSUN]: 0.0295312075 
(LXUVStellar) Base X-ray/XUV Luminosity [kg*m^2/sec^3]: 1.5687631520e+21 
(Temperature) Effective Temperature [K]: 3632.9817163295 
(LXUVFrac) X-ray/XUV Luminosity Fraction []: 0.0001381233 
(RossbyNumber) Rossby Number []: 0.0204564205 
(DRotPerDtStellar) Time Rate of Change of Rotation Period in STELLAR []: 1.1857341922e-11 
Output Order: Age[year] Luminosity[LSUN] HZLimRunaway[AU] HZLimMaxGreenhouse[AU] HZLimRecVenus[AU] HZLimEarlyMars[AU] Instellation[solar*AU^2/year^2/(AU^2*year)]
Grid Output Order:

----- BODY: b ----
Active Modules: AtmEsc
Module Bit Sum: 9
Color: 000000
(Mass) Mass [kg]: 5.9721860000e+24 
(Radius) Radius [m]: 7.7072846771e+06 
(RadGyra) Radius of Gyration []: 0.5000000000 
(BodyType) Type of Body (0 == planet) []: 0.0000000000 
(HZLimitDryRunaway) Semi-major axis of Dry Runaway HZ Limit [m]: 2.3333842738e+10 
(HZLimRecVenus) Recent Venus Habitable Zone Limit [m]: 2.0715139872e+10 
(HZLimRunaway) Runaway Greenhouse Habitable Zone Limit [m]: 2.7421496371e+10 
(HZLimMoistGreenhouse) Moist Greenhouse Habitable Zone Limit [m]: 2.7409491316e+10 
(HZLimMaxGreenhouse) Maximum Greenhouse Habitable Zone Limit [m]: 5.1236085929e+10 
(HZLimEarlyMars) Early Mars Habitable Zone Limit [m]: 5.5881112633e+10 
(Instellation) Orbit-averaged INcident STELLar radiATION [kg*m^2/sec^2/(m^2*sec)]: 40.3859029258 
(MeanMotion) Orbital Mean Motion [/sec]: 1.3721951989e-07 
(OrbPeriod) Orbital Period [sec]: 4.5789296685e+07 
(SemiMajorAxis) Semi-major Axis [m]: 1.4959787070e+11 
----- ATMESC PARAMETERS (b)------
(SurfWaterMass) Surface water mass [kg]: 1.3900000000e+21 
(EnvelopeMass) Envelope mass [kg]: 5.9721860000e+21 
(OxygenMass) Oxygen mass in the atmosphere [kg]: 0.0000000000 
(RGLimit) Runaway greenhouse semi-major axis [AU]: 0.1778431327 
(XO) Atomic oxygen mixing ratio in upper atmosphere []: 0.3333333333 
(EtaO) Oxygen eta parameter (Luger and Barnes 2015) []: 0.0000000000 
(PlanetRadius) Planet radius [m]: 7.7072846771e+06 
(OxygenMantleMass) Mass of oxygen in mantle [kg]: 0.0000000000 
(RadXUV) XUV radius separating hydro. dyn. escape and equilibrium [m]: -1.0000000000 
(RadSolid) Radius to the solid surface [m]: -1.0000000000 
(PresXUV) Pressure at base of thermosphere []: 5.0000000000 
(ScaleHeight) Scale height in Lehmer & Catling (2016) model [m]: -1.0000000000 
(ThermTemp) Isothermal atmospheric temperature [K]: 400.0000000000 
(AtmGasConst) Atmospheric gas constant []: 4124.0000000000 
(PresSurf) Surface pressure due to atmosphere [Pa]: -1.0000000000 
(DEnvMassDt) Envelope Mass Loss Rate [kg/s]: -3019.2861678844 
(FXUV) XUV flux [W/m^2]: 0.0055782335 
(AtmXAbsEffH2O) XUV atmospheric escape efficiency for H2O []: 0.1315807467 
(RocheRadius) Roche Lobe Radius [m]: 1.9180612990e+09 
(BondiRadius) Bondi Radius [m]: 2.8876000301e+07 
(HEscapeRegime) Integer flag for H envelope escape regime []: 3.0000000000 
(RRCriticalFlux) Critical XUV Flux that separates RR and energy-limited escape [W/m^2]: 30.4374083865 
(RGDuration) Runaway Greenhouse Duration [years]: 5.00000e+08
Output Order: Time[year] Age[year] RGLimit[AU]
Grid Output Order:



---- FINAL SYSTEM PROPERTIES ----
(Age) System Age [sec]: 3.1557600000e+16 
(Time) Simulation Time [sec]: 1.5778800000e+16 
(TotAngMom) Total Angular Momentum [kg*m^2/sec]: 1.1676690136e+42 
(TotEnergy) Total System Energy [kg*m^2/sec^2]: -1.1830726095e+41 
(PotEnergy) Body's non-orbital Potential Energy [kg*m^2/sec^2]: -1.1739248070e+41 
(KinEnergy) Body's non-orbital Kinetic Energy [kg*m^2/sec^2]: 5.2970609720e+35 
(DeltaTime) Average Timestep Over Last Output Interval [sec]: 1.1005649718e+12 
(Density) Average Density [kg/m^3]: 1.4039063490e+05 
(LongP) Body's Longitude of pericenter [rad]: 3.9269908170 
(LXUVTot) Total XUV Luminosity [kg*m^2/sec^2/(m^2*sec)]: 6.7538706606e+20 

----- BODY: star ----
Active Modules: STELLAR
Module Bit Sum: 65
Color: 000000
(Mass) Mass [kg]: 9.4449760000e+29 
(Radius) Radius [m]: 3.0431062078e+08 
(RadGyra) Radius of Gyration []: 0.4295348223 
(RotAngMom) Rotational Angular Momentum [kg*m^2/sec]: 1.3075201816e+41 
(RotVel) Rotational Velocity [m/sec]: 2465.6627643537 
(BodyType) Type of Body (0 == planet) []: 0.0000000000 
(RotRate) Rotational Frequency [/sec]: 8.1024538614e-06 
(RotPer) Rotational Period [sec]: 7.7546696528e+05 
(HZLimitDryRunaway) Semi-major axis of Dry Runaway HZ Limit [m]: 2.3448625671e+10 
(HZLimRecVenus) Recent Venus Habitable Zone Limit [AU]: 0.1391622619 
(HZLimRunaway) Runaway Greenhouse Habitable Zone Limit [m]: 2.7557571756e+10 
(HZLimMoistGreenhouse) Moist Greenhouse Habitable Zone Limit [m]: 2.7546092449e+10 
(HZLimMaxGreenhouse) Maximum Greenhouse Habitable Zone Limit [AU]: 0.3442365283 
(HZLimEarlyMars) Early Mars Habitable Zone Limit [AU]: 0.3754446127 
(Instellation) Orbit-averaged INcident STELLar radiATION [kg*m^2/sec^2/(m^2*sec)]: -1.0000000000 
(CriticalSemiMajorAxis) Holman & Wiegert (1999) P-type Critical Semi-major Axis [m]: -1.0000000000 
(LostEnergy) Body's Total Lost Energy [kg*m^2/sec^2]: -9.1530851171e+38 
(LostAngMom) Lost Angular Momentum due to Magnetic Braking [kg*m^2/sec]: 1.0185771656e+42 
----- STELLAR PARAMETERS (star)------
(Luminosity) Luminosity [LSUN]: 0.0298224596 
(LXUVStellar) Base X-ray/XUV Luminosity [kg*m^2/sec^3]: 6.7538706606e+20 
(Temperature) Effective Temperature [K]: 3630.2935998050 
(LXUVFrac) X-ray/XUV Luminosity Fraction []: 5.8884365536e-05 
(RossbyNumber) Rossby Number []: 0.1833500273 
(DRotPerDtStellar) Time Rate of Change of Rotation Period in STELLAR []: 8.6976767836e-11 
Output Order: Age[year] Luminosity[LSUN] HZLimRunaway[AU] HZLimMaxGreenhouse[AU] HZLimRecVenus[AU] HZLimEarlyMars[AU] Instellation[solar*AU^2/year^2/(AU^2*year)]
Grid Output Order:

----- BODY: b ----
Active Modules: AtmEsc
Module Bit Sum: 9
Color: 000000
(Mass) Mass [kg]: 5.9721564953e+24 
(Radius) Radius [m]: 7.5913357966e+06 
(RadGyra) Radius of Gyration []: 0.5000000000 
(BodyType) Type of Body (0 == planet) []: 0.0000000000 
(HZLimitDryRunaway) Semi-major axis of Dry Runaway HZ Limit [m]: 2.3448625671e+10 
(HZLimRecVenus) Recent Venus Habitable Zone Limit [m]: 2.0818378062e+10 
(HZLimRunaway) Runaway Greenhouse Habitable Zone Limit [m]: 2.7557571756e+10 
(HZLimMoistGreenhouse) Moist Greenhouse Habitable Zone Limit [m]: 2.7546092449e+10 
(HZLimMaxGreenhouse) Maximum Greenhouse Habitable Zone Limit [m]: 5.1497051656e+10 
(HZLimEarlyMars) Early Mars Habitable Zone Limit [m]: 5.6165714629e+10 
(Instellation) Orbit-averaged INcident STELLar radiATION [kg*m^2/sec^2/(m^2*sec)]: 40.7842097193 
(MeanMotion) Orbital Mean Motion [/sec]: 1.3721951989e-07 
(OrbPeriod) Orbital Period [sec]: 4.5789296686e+07 
(SemiMajorAxis) Semi-major Axis [m]: 1.4959787070e+11 
----- ATMESC PARAMETERS (b)------
(SurfWaterMass) Surface water mass [kg]: 1.3900000000e+21 
(EnvelopeMass) Envelope mass [kg]: 5.9426813147e+21 
(OxygenMass) Oxygen mass in the atmosphere [kg]: 0.0000000000 
(RGLimit) Runaway greenhouse semi-major axis [AU]: 0.1787249873 
(XO) Atomic oxygen mixing ratio in upper atmosphere []: 0.3333333333 
(EtaO) Oxygen eta parameter (Luger and Barnes 2015) []: 0.0000000000 
(PlanetRadius) Planet radius [m]: 7.5913357966e+06 
(OxygenMantleMass) Mass of oxygen in mantle [kg]: 0.0000000000 
(RadXUV) XUV radius separating hydro. dyn. escape and equilibrium [m]: -1.0000000000 
(RadSolid) Radius to the solid surface [m]: -1.0000000000 
(PresXUV) Pressure at base of thermosphere []: 5.0000000000 
(ScaleHeight) Scale height in Lehmer & Catling (2016) model [m]: -1.0000000000 
(ThermTemp) Isothermal atmospheric temperature [K]: 400.0000000000 
(AtmGasConst) Atmospheric gas constant []: 4124.0000000000 
(PresSurf) Surface pressure due to atmosphere [Pa]: -1.0000000000 
(DEnvMassDt) Envelope Mass Loss Rate [kg/s]: -1242.1002460461 
(FXUV) XUV flux [W/m^2]: 0.0024015523 
(AtmXAbsEffH2O) XUV atmospheric escape efficiency for H2O []: 0.1304176714 
(RocheRadius) Roche Lobe Radius [m]: 1.9180581404e+09 
(BondiRadius) Bondi Radius [m]: 2.8779856512e+07 
(HEscapeRegime) Integer flag for H envelope escape regime []: 3.0000000000 
(RRCriticalFlux) Critical XUV Flux that separates RR and energy-limited escape [W/m^2]: 31.8531930707 
(RGDuration) Runaway Greenhouse Duration [years]: 5.00000e+08
Output Order: Time[year] Age[year] RGLimit[AU]
Grid Output Order:
